[0.298s] Invoking command in '/home/themountaintree/workspace/ros2_ws/src/get_picture': CONDA_PROMPT_MODIFIER=(robot_env) PYTHONPATH=/home/themountaintree/workspace/ros2_ws/build/get_picture/prefix_override:/usr/lib/python3/dist-packages/colcon_core/task/python/colcon_distutils_commands:/home/themountaintree/workspace/ros2_ws/install/get_picture/lib/python3.10/site-packages:${PYTHONPATH} /usr/bin/python3 -W ignore:setup.py install is deprecated -W ignore:easy_install command is deprecated setup.py egg_info --egg-base ../../build/get_picture build --build-base /home/themountaintree/workspace/ros2_ws/build/get_picture/build install --record /home/themountaintree/workspace/ros2_ws/build/get_picture/install.log --single-version-externally-managed install_data
[0.413s] running egg_info
[0.413s] writing ../../build/get_picture/get_picture.egg-info/PKG-INFO
[0.413s] writing dependency_links to ../../build/get_picture/get_picture.egg-info/dependency_links.txt
[0.413s] writing entry points to ../../build/get_picture/get_picture.egg-info/entry_points.txt
[0.413s] writing requirements to ../../build/get_picture/get_picture.egg-info/requires.txt
[0.413s] writing top-level names to ../../build/get_picture/get_picture.egg-info/top_level.txt
[0.414s] reading manifest file '../../build/get_picture/get_picture.egg-info/SOURCES.txt'
[0.415s] writing manifest file '../../build/get_picture/get_picture.egg-info/SOURCES.txt'
[0.415s] running build
[0.415s] running build_py
[0.415s] copying get_picture/aruco_pose_node.py -> /home/themountaintree/workspace/ros2_ws/build/get_picture/build/lib/get_picture
[0.415s] running install
[0.415s] running install_lib
[0.416s] copying /home/themountaintree/workspace/ros2_ws/build/get_picture/build/lib/get_picture/aruco_pose_node.py -> /home/themountaintree/workspace/ros2_ws/install/get_picture/lib/python3.10/site-packages/get_picture
[0.416s] byte-compiling /home/themountaintree/workspace/ros2_ws/install/get_picture/lib/python3.10/site-packages/get_picture/aruco_pose_node.py to aruco_pose_node.cpython-310.pyc
[0.417s] running install_data
[0.417s] running install_egg_info
[0.418s] removing '/home/themountaintree/workspace/ros2_ws/install/get_picture/lib/python3.10/site-packages/get_picture-0.0.0-py3.10.egg-info' (and everything under it)
[0.418s] Copying ../../build/get_picture/get_picture.egg-info to /home/themountaintree/workspace/ros2_ws/install/get_picture/lib/python3.10/site-packages/get_picture-0.0.0-py3.10.egg-info
[0.418s] running install_scripts
[0.431s] Installing DualCameraKinectNode script to /home/themountaintree/workspace/ros2_ws/install/get_picture/lib/get_picture
[0.431s] Installing DualCameraOrbbecNode script to /home/themountaintree/workspace/ros2_ws/install/get_picture/lib/get_picture
[0.431s] Installing DualCameraSaveNode script to /home/themountaintree/workspace/ros2_ws/install/get_picture/lib/get_picture
[0.431s] Installing aruco_pose_node script to /home/themountaintree/workspace/ros2_ws/install/get_picture/lib/get_picture
[0.431s] Installing dual_cam_view script to /home/themountaintree/workspace/ros2_ws/install/get_picture/lib/get_picture
[0.431s] Installing get_kinect2_node script to /home/themountaintree/workspace/ros2_ws/install/get_picture/lib/get_picture
[0.431s] Installing get_picture script to /home/themountaintree/workspace/ros2_ws/install/get_picture/lib/get_picture
[0.431s] writing list of installed files to '/home/themountaintree/workspace/ros2_ws/build/get_picture/install.log'
[0.446s] Invoked command in '/home/themountaintree/workspace/ros2_ws/src/get_picture' returned '0': CONDA_PROMPT_MODIFIER=(robot_env) PYTHONPATH=/home/themountaintree/workspace/ros2_ws/build/get_picture/prefix_override:/usr/lib/python3/dist-packages/colcon_core/task/python/colcon_distutils_commands:/home/themountaintree/workspace/ros2_ws/install/get_picture/lib/python3.10/site-packages:${PYTHONPATH} /usr/bin/python3 -W ignore:setup.py install is deprecated -W ignore:easy_install command is deprecated setup.py egg_info --egg-base ../../build/get_picture build --build-base /home/themountaintree/workspace/ros2_ws/build/get_picture/build install --record /home/themountaintree/workspace/ros2_ws/build/get_picture/install.log --single-version-externally-managed install_data
