[0.007s] Invoking command in '/home/themountaintree/workspace/ros2_ws/build/kinect2_bridge': CMAKE_PREFIX_PATH=/home/themountaintree/workspace/ros2_ws/install/kinect2_registration:/home/themountaintree/workspace/ros2_ws/install/orbbec_description:/home/themountaintree/workspace/ros2_ws/install/orbbec_camera:/home/themountaintree/workspace/ros2_ws/install/orbbec_camera_msgs:/home/themountaintree/workspace/ros2_ws/install/kinect2_calibration:/home/themountaintree/workspace/ros2_ws/install/kinect2_bridge:/home/themountaintree/workspace/ros2_ws/install/get_picture:/opt/ros/humble /usr/bin/cmake /home/themountaintree/workspace/ros2_ws/src/kinect2_ros2/kinect2_bridge -DCMAKE_INSTALL_PREFIX=/home/themountaintree/workspace/ros2_ws/install/kinect2_bridge
[0.048s] -- The C compiler identification is GNU 11.4.0
[0.088s] -- The CXX compiler identification is GNU 11.4.0
[0.093s] -- Detecting C compiler ABI info
[0.147s] -- Detecting C compiler ABI info - done
[0.151s] -- Check for working C compiler: /usr/bin/cc - skipped
[0.151s] -- Detecting C compile features
[0.151s] -- Detecting C compile features - done
[0.153s] -- Detecting CXX compiler ABI info
[0.213s] -- Detecting CXX compiler ABI info - done
[0.217s] -- Check for working CXX compiler: /usr/bin/c++ - skipped
[0.217s] -- Detecting CXX compile features
[0.217s] -- Detecting CXX compile features - done
[0.219s] -- Found ament_cmake: 1.3.12 (/opt/ros/humble/share/ament_cmake/cmake)
[0.324s] -- Found Python3: /usr/bin/python3 (found version "3.10.12") found components: Interpreter 
[0.391s] -- Found rclcpp: 16.0.16 (/opt/ros/humble/share/rclcpp/cmake)
[0.420s] -- Found rosidl_generator_c: 3.1.7 (/opt/ros/humble/share/rosidl_generator_c/cmake)
[0.423s] -- Found rosidl_adapter: 3.1.7 (/opt/ros/humble/share/rosidl_adapter/cmake)
[0.427s] -- Found rosidl_generator_cpp: 3.1.7 (/opt/ros/humble/share/rosidl_generator_cpp/cmake)
[0.434s] -- Using all available rosidl_typesupport_c: rosidl_typesupport_fastrtps_c;rosidl_typesupport_introspection_c
[0.443s] -- Using all available rosidl_typesupport_cpp: rosidl_typesupport_fastrtps_cpp;rosidl_typesupport_introspection_cpp
[0.466s] -- Found rmw_implementation_cmake: 6.1.2 (/opt/ros/humble/share/rmw_implementation_cmake/cmake)
[0.467s] -- Found rmw_fastrtps_cpp: 6.2.9 (/opt/ros/humble/share/rmw_fastrtps_cpp/cmake)
[0.526s] -- Found OpenSSL: /usr/lib/x86_64-linux-gnu/libcrypto.so (found version "3.0.2")  
[0.544s] -- Found FastRTPS: /opt/ros/humble/include  
[0.568s] -- Using RMW implementation 'rmw_fastrtps_cpp' as default
[0.572s] -- Looking for pthread.h
[0.629s] -- Looking for pthread.h - found
[0.629s] -- Performing Test CMAKE_HAVE_LIBC_PTHREAD
[0.684s] -- Performing Test CMAKE_HAVE_LIBC_PTHREAD - Success
[0.685s] -- Found Threads: TRUE  
[0.716s] -- Found OpenCV: /usr (found version "4.5.4") 
[0.717s] -- Found sensor_msgs: 4.9.0 (/opt/ros/humble/share/sensor_msgs/cmake)
[0.734s] -- Found kinect2_registration: 0.0.0 (/home/themountaintree/workspace/ros2_ws/install/kinect2_registration/share/kinect2_registration/cmake)
[0.737s] -- Found tf2: 0.25.17 (/opt/ros/humble/share/tf2/cmake)
[0.751s] -- Found tf2_ros: 0.25.17 (/opt/ros/humble/share/tf2_ros/cmake)
[0.874s] -- Found tf2_geometry_msgs: 0.25.17 (/opt/ros/humble/share/tf2_geometry_msgs/cmake)
[0.892s] -- Found eigen3_cmake_module: 0.1.1 (/opt/ros/humble/share/eigen3_cmake_module/cmake)
[0.893s] -- Found Eigen3: TRUE (found version "3.4.0") 
[0.893s] -- Ensuring Eigen3 include directory is part of orocos-kdl CMake target
[0.899s] -- Found ament_lint_auto: 0.12.14 (/opt/ros/humble/share/ament_lint_auto/cmake)
[0.955s] -- Added test 'cppcheck' to perform static code analysis on C / C++ code
[0.956s] -- Configured cppcheck include dirs: /home/themountaintree/workspace/ros2_ws/src/kinect2_ros2/kinect2_bridge/include/kinect2_bridge
[0.956s] -- Configured cppcheck exclude dirs and/or files: 
[0.956s] -- Added test 'flake8' to check Python code syntax and style conventions
[0.956s] -- Added test 'lint_cmake' to check CMake code style
[0.956s] -- Added test 'pep257' to check Python code against some of the docstring style conventions in PEP 257
[0.957s] -- Added test 'uncrustify' to check C / C++ code style
[0.957s] -- Configured uncrustify additional arguments: 
[0.958s] -- Added test 'xmllint' to check XML markup files
[0.958s] -- Configuring done
[0.968s] -- Generating done
[0.972s] -- Build files have been written to: /home/themountaintree/workspace/ros2_ws/build/kinect2_bridge
[0.980s] Invoked command in '/home/themountaintree/workspace/ros2_ws/build/kinect2_bridge' returned '0': CMAKE_PREFIX_PATH=/home/themountaintree/workspace/ros2_ws/install/kinect2_registration:/home/themountaintree/workspace/ros2_ws/install/orbbec_description:/home/themountaintree/workspace/ros2_ws/install/orbbec_camera:/home/themountaintree/workspace/ros2_ws/install/orbbec_camera_msgs:/home/themountaintree/workspace/ros2_ws/install/kinect2_calibration:/home/themountaintree/workspace/ros2_ws/install/kinect2_bridge:/home/themountaintree/workspace/ros2_ws/install/get_picture:/opt/ros/humble /usr/bin/cmake /home/themountaintree/workspace/ros2_ws/src/kinect2_ros2/kinect2_bridge -DCMAKE_INSTALL_PREFIX=/home/themountaintree/workspace/ros2_ws/install/kinect2_bridge
[0.981s] Invoking command in '/home/themountaintree/workspace/ros2_ws/build/kinect2_bridge': CMAKE_PREFIX_PATH=/home/themountaintree/workspace/ros2_ws/install/kinect2_registration:/home/themountaintree/workspace/ros2_ws/install/orbbec_description:/home/themountaintree/workspace/ros2_ws/install/orbbec_camera:/home/themountaintree/workspace/ros2_ws/install/orbbec_camera_msgs:/home/themountaintree/workspace/ros2_ws/install/kinect2_calibration:/home/themountaintree/workspace/ros2_ws/install/kinect2_bridge:/home/themountaintree/workspace/ros2_ws/install/get_picture:/opt/ros/humble /usr/bin/cmake --build /home/themountaintree/workspace/ros2_ws/build/kinect2_bridge -- -j20 -l20
[1.023s] [ 50%] [32mBuilding CXX object CMakeFiles/kinect2_bridge_node.dir/src/kinect2_bridge.cpp.o[0m
[4.167s] [01m[K/home/themountaintree/workspace/ros2_ws/src/kinect2_ros2/kinect2_bridge/src/kinect2_bridge.cpp:[m[K In member function ‘[01m[Kbool Kinect2BridgeNode::initPipeline(const string&, int32_t)[m[K’:
[4.170s] [01m[K/home/themountaintree/workspace/ros2_ws/src/kinect2_ros2/kinect2_bridge/src/kinect2_bridge.cpp:401:62:[m[K [01;35m[Kwarning: [m[Kunused parameter ‘[01m[Kdevice[m[K’ [[01;35m[K]8;;https://gcc.gnu.org/onlinedocs/gcc/Warning-Options.html#index-Wunused-parameter-Wunused-parameter]8;;[m[K]
[4.170s]   401 |   bool initPipeline(const std::string &method, [01;35m[Kconst int32_t device[m[K)
[4.170s]       |                                                [01;35m[K~~~~~~~~~~~~~~^~~~~~[m[K
[14.083s] [100%] [32m[1mLinking CXX executable kinect2_bridge_node[0m
[19.976s] [100%] Built target kinect2_bridge_node
[19.985s] Invoked command in '/home/themountaintree/workspace/ros2_ws/build/kinect2_bridge' returned '0': CMAKE_PREFIX_PATH=/home/themountaintree/workspace/ros2_ws/install/kinect2_registration:/home/themountaintree/workspace/ros2_ws/install/orbbec_description:/home/themountaintree/workspace/ros2_ws/install/orbbec_camera:/home/themountaintree/workspace/ros2_ws/install/orbbec_camera_msgs:/home/themountaintree/workspace/ros2_ws/install/kinect2_calibration:/home/themountaintree/workspace/ros2_ws/install/kinect2_bridge:/home/themountaintree/workspace/ros2_ws/install/get_picture:/opt/ros/humble /usr/bin/cmake --build /home/themountaintree/workspace/ros2_ws/build/kinect2_bridge -- -j20 -l20
[19.986s] Invoking command in '/home/themountaintree/workspace/ros2_ws/build/kinect2_bridge': CMAKE_PREFIX_PATH=/home/themountaintree/workspace/ros2_ws/install/kinect2_registration:/home/themountaintree/workspace/ros2_ws/install/orbbec_description:/home/themountaintree/workspace/ros2_ws/install/orbbec_camera:/home/themountaintree/workspace/ros2_ws/install/orbbec_camera_msgs:/home/themountaintree/workspace/ros2_ws/install/kinect2_calibration:/home/themountaintree/workspace/ros2_ws/install/kinect2_bridge:/home/themountaintree/workspace/ros2_ws/install/get_picture:/opt/ros/humble /usr/bin/cmake --install /home/themountaintree/workspace/ros2_ws/build/kinect2_bridge
[19.991s] -- Install configuration: ""
[19.991s] -- Installing: /home/themountaintree/workspace/ros2_ws/install/kinect2_bridge/lib/kinect2_bridge/kinect2_bridge_node
[19.992s] -- Set runtime path of "/home/themountaintree/workspace/ros2_ws/install/kinect2_bridge/lib/kinect2_bridge/kinect2_bridge_node" to ""
[19.993s] -- Installing: /home/themountaintree/workspace/ros2_ws/install/kinect2_bridge/share/kinect2_bridge//launch
[19.994s] -- Installing: /home/themountaintree/workspace/ros2_ws/install/kinect2_bridge/share/kinect2_bridge//launch/kinect2_bridge_launch.yaml
[19.995s] -- Installing: /home/themountaintree/workspace/ros2_ws/install/kinect2_bridge/share/kinect2_bridge//launch/rtabmap.launch.py
[19.996s] -- Installing: /home/themountaintree/workspace/ros2_ws/install/kinect2_bridge/include
[19.997s] -- Installing: /home/themountaintree/workspace/ros2_ws/install/kinect2_bridge/include/kinect2_bridge
[19.998s] -- Installing: /home/themountaintree/workspace/ros2_ws/install/kinect2_bridge/include/kinect2_bridge/kinect2_definitions.h
[19.999s] -- Installing: /home/themountaintree/workspace/ros2_ws/install/kinect2_bridge/share/ament_index/resource_index/package_run_dependencies/kinect2_bridge
[19.999s] -- Installing: /home/themountaintree/workspace/ros2_ws/install/kinect2_bridge/share/ament_index/resource_index/parent_prefix_path/kinect2_bridge
[19.999s] -- Installing: /home/themountaintree/workspace/ros2_ws/install/kinect2_bridge/share/kinect2_bridge/environment/ament_prefix_path.sh
[20.002s] -- Installing: /home/themountaintree/workspace/ros2_ws/install/kinect2_bridge/share/kinect2_bridge/environment/ament_prefix_path.dsv
[20.002s] -- Installing: /home/themountaintree/workspace/ros2_ws/install/kinect2_bridge/share/kinect2_bridge/environment/path.sh
[20.003s] -- Installing: /home/themountaintree/workspace/ros2_ws/install/kinect2_bridge/share/kinect2_bridge/environment/path.dsv
[20.003s] -- Installing: /home/themountaintree/workspace/ros2_ws/install/kinect2_bridge/share/kinect2_bridge/local_setup.bash
[20.003s] -- Installing: /home/themountaintree/workspace/ros2_ws/install/kinect2_bridge/share/kinect2_bridge/local_setup.sh
[20.003s] -- Installing: /home/themountaintree/workspace/ros2_ws/install/kinect2_bridge/share/kinect2_bridge/local_setup.zsh
[20.003s] -- Installing: /home/themountaintree/workspace/ros2_ws/install/kinect2_bridge/share/kinect2_bridge/local_setup.dsv
[20.003s] -- Installing: /home/themountaintree/workspace/ros2_ws/install/kinect2_bridge/share/kinect2_bridge/package.dsv
[20.003s] -- Installing: /home/themountaintree/workspace/ros2_ws/install/kinect2_bridge/share/ament_index/resource_index/packages/kinect2_bridge
[20.003s] -- Installing: /home/themountaintree/workspace/ros2_ws/install/kinect2_bridge/share/kinect2_bridge/cmake/ament_cmake_export_include_directories-extras.cmake
[20.003s] -- Installing: /home/themountaintree/workspace/ros2_ws/install/kinect2_bridge/share/kinect2_bridge/cmake/kinect2_bridgeConfig.cmake
[20.004s] -- Installing: /home/themountaintree/workspace/ros2_ws/install/kinect2_bridge/share/kinect2_bridge/cmake/kinect2_bridgeConfig-version.cmake
[20.004s] -- Installing: /home/themountaintree/workspace/ros2_ws/install/kinect2_bridge/share/kinect2_bridge/package.xml
[20.007s] Invoked command in '/home/themountaintree/workspace/ros2_ws/build/kinect2_bridge' returned '0': CMAKE_PREFIX_PATH=/home/themountaintree/workspace/ros2_ws/install/kinect2_registration:/home/themountaintree/workspace/ros2_ws/install/orbbec_description:/home/themountaintree/workspace/ros2_ws/install/orbbec_camera:/home/themountaintree/workspace/ros2_ws/install/orbbec_camera_msgs:/home/themountaintree/workspace/ros2_ws/install/kinect2_calibration:/home/themountaintree/workspace/ros2_ws/install/kinect2_bridge:/home/themountaintree/workspace/ros2_ws/install/get_picture:/opt/ros/humble /usr/bin/cmake --install /home/themountaintree/workspace/ros2_ws/build/kinect2_bridge
