[0.009s] Invoking command in '/home/themountaintree/workspace/ros2_ws/build/get_picture': CMAKE_PREFIX_PATH=${CMAKE_PREFIX_PATH}:/opt/ros/humble /usr/bin/cmake /home/themountaintree/workspace/ros2_ws/src/get_picture -DCMAKE_INSTALL_PREFIX=/home/themountaintree/workspace/ros2_ws/install/get_picture
[0.050s] -- The C compiler identification is GNU 11.4.0
[0.089s] -- The CXX compiler identification is GNU 11.4.0
[0.093s] -- Detecting C compiler ABI info
[0.146s] -- Detecting C compiler ABI info - done
[0.150s] -- Check for working C compiler: /usr/bin/cc - skipped
[0.151s] -- Detecting C compile features
[0.151s] -- Detecting C compile features - done
[0.153s] -- Detecting CXX compiler ABI info
[0.212s] -- Detecting CXX compiler ABI info - done
[0.216s] -- Check for working CXX compiler: /usr/bin/c++ - skipped
[0.217s] -- Detecting CXX compile features
[0.217s] -- Detecting CXX compile features - done
[0.218s] -- Found ament_cmake: 1.3.12 (/opt/ros/humble/share/ament_cmake/cmake)
[0.320s] -- Found Python3: /usr/bin/python3 (found version "3.10.12") found components: Interpreter 
[0.371s] -- Found rclpy: 3.3.19 (/opt/ros/humble/share/rclpy/cmake)
[0.413s] -- Configuring done
[0.414s] -- Generating done
[0.415s] -- Build files have been written to: /home/themountaintree/workspace/ros2_ws/build/get_picture
[0.419s] Invoked command in '/home/themountaintree/workspace/ros2_ws/build/get_picture' returned '0': CMAKE_PREFIX_PATH=${CMAKE_PREFIX_PATH}:/opt/ros/humble /usr/bin/cmake /home/themountaintree/workspace/ros2_ws/src/get_picture -DCMAKE_INSTALL_PREFIX=/home/themountaintree/workspace/ros2_ws/install/get_picture
[0.420s] Invoking command in '/home/themountaintree/workspace/ros2_ws/build/get_picture': CMAKE_PREFIX_PATH=${CMAKE_PREFIX_PATH}:/opt/ros/humble /usr/bin/cmake --build /home/themountaintree/workspace/ros2_ws/build/get_picture -- -j20 -l20
[0.450s] Invoked command in '/home/themountaintree/workspace/ros2_ws/build/get_picture' returned '0': CMAKE_PREFIX_PATH=${CMAKE_PREFIX_PATH}:/opt/ros/humble /usr/bin/cmake --build /home/themountaintree/workspace/ros2_ws/build/get_picture -- -j20 -l20
[0.451s] Invoking command in '/home/themountaintree/workspace/ros2_ws/build/get_picture': CMAKE_PREFIX_PATH=${CMAKE_PREFIX_PATH}:/opt/ros/humble /usr/bin/cmake --install /home/themountaintree/workspace/ros2_ws/build/get_picture
[0.456s] -- Install configuration: ""
[0.456s] -- Installing: /home/themountaintree/workspace/ros2_ws/install/get_picture/lib/get_picture/get_picture_node.py
[0.456s] -- Installing: /home/themountaintree/workspace/ros2_ws/install/get_picture/share/ament_index/resource_index/package_run_dependencies/get_picture
[0.456s] -- Installing: /home/themountaintree/workspace/ros2_ws/install/get_picture/share/ament_index/resource_index/parent_prefix_path/get_picture
[0.456s] -- Installing: /home/themountaintree/workspace/ros2_ws/install/get_picture/share/get_picture/environment/ament_prefix_path.sh
[0.457s] -- Installing: /home/themountaintree/workspace/ros2_ws/install/get_picture/share/get_picture/environment/ament_prefix_path.dsv
[0.457s] -- Installing: /home/themountaintree/workspace/ros2_ws/install/get_picture/share/get_picture/environment/path.sh
[0.457s] -- Installing: /home/themountaintree/workspace/ros2_ws/install/get_picture/share/get_picture/environment/path.dsv
[0.457s] -- Installing: /home/themountaintree/workspace/ros2_ws/install/get_picture/share/get_picture/local_setup.bash
[0.457s] -- Installing: /home/themountaintree/workspace/ros2_ws/install/get_picture/share/get_picture/local_setup.sh
[0.457s] -- Installing: /home/themountaintree/workspace/ros2_ws/install/get_picture/share/get_picture/local_setup.zsh
[0.457s] -- Installing: /home/themountaintree/workspace/ros2_ws/install/get_picture/share/get_picture/local_setup.dsv
[0.457s] -- Installing: /home/themountaintree/workspace/ros2_ws/install/get_picture/share/get_picture/package.dsv
[0.457s] -- Installing: /home/themountaintree/workspace/ros2_ws/install/get_picture/share/ament_index/resource_index/packages/get_picture
[0.457s] -- Installing: /home/themountaintree/workspace/ros2_ws/install/get_picture/share/get_picture/cmake/get_pictureConfig.cmake
[0.457s] -- Installing: /home/themountaintree/workspace/ros2_ws/install/get_picture/share/get_picture/cmake/get_pictureConfig-version.cmake
[0.457s] -- Installing: /home/themountaintree/workspace/ros2_ws/install/get_picture/share/get_picture/package.xml
[0.458s] Invoked command in '/home/themountaintree/workspace/ros2_ws/build/get_picture' returned '0': CMAKE_PREFIX_PATH=${CMAKE_PREFIX_PATH}:/opt/ros/humble /usr/bin/cmake --install /home/themountaintree/workspace/ros2_ws/build/get_picture
