[0.007s] Invoking command in '/home/themountaintree/workspace/ros2_ws/build/kinect2_bridge': AMENT_PREFIX_PATH=/home/themountaintree/workspace/ros2_ws/install/kinect2_registration:${AMENT_PREFIX_PATH} CMAKE_PREFIX_PATH=/home/themountaintree/workspace/ros2_ws/install/kinect2_registration:/opt/ros/humble LD_LIBRARY_PATH=/home/themountaintree/workspace/ros2_ws/install/kinect2_registration/lib:${LD_LIBRARY_PATH} /usr/bin/cmake --build /home/themountaintree/workspace/ros2_ws/build/kinect2_bridge -- -j20 -l20
[0.042s] [35m[1mConsolidate compiler generated dependencies of target kinect2_bridge_node[0m
[0.060s] [100%] Built target kinect2_bridge_node
[0.067s] Invoked command in '/home/themountaintree/workspace/ros2_ws/build/kinect2_bridge' returned '0': AMENT_PREFIX_PATH=/home/themountaintree/workspace/ros2_ws/install/kinect2_registration:${AMENT_PREFIX_PATH} CMAKE_PREFIX_PATH=/home/themountaintree/workspace/ros2_ws/install/kinect2_registration:/opt/ros/humble LD_LIBRARY_PATH=/home/themountaintree/workspace/ros2_ws/install/kinect2_registration/lib:${LD_LIBRARY_PATH} /usr/bin/cmake --build /home/themountaintree/workspace/ros2_ws/build/kinect2_bridge -- -j20 -l20
[0.069s] Invoking command in '/home/themountaintree/workspace/ros2_ws/build/kinect2_bridge': AMENT_PREFIX_PATH=/home/themountaintree/workspace/ros2_ws/install/kinect2_registration:${AMENT_PREFIX_PATH} CMAKE_PREFIX_PATH=/home/themountaintree/workspace/ros2_ws/install/kinect2_registration:/opt/ros/humble LD_LIBRARY_PATH=/home/themountaintree/workspace/ros2_ws/install/kinect2_registration/lib:${LD_LIBRARY_PATH} /usr/bin/cmake --install /home/themountaintree/workspace/ros2_ws/build/kinect2_bridge
[0.075s] -- Install configuration: ""
[0.076s] -- Up-to-date: /home/themountaintree/workspace/ros2_ws/install/kinect2_bridge/lib/kinect2_bridge/kinect2_bridge_node
[0.076s] -- Up-to-date: /home/themountaintree/workspace/ros2_ws/install/kinect2_bridge/share/kinect2_bridge//launch
[0.076s] -- Up-to-date: /home/themountaintree/workspace/ros2_ws/install/kinect2_bridge/share/kinect2_bridge//launch/kinect2_bridge_launch.yaml
[0.077s] -- Up-to-date: /home/themountaintree/workspace/ros2_ws/install/kinect2_bridge/share/kinect2_bridge//launch/rtabmap.launch.py
[0.077s] -- Up-to-date: /home/themountaintree/workspace/ros2_ws/install/kinect2_bridge/include
[0.077s] -- Up-to-date: /home/themountaintree/workspace/ros2_ws/install/kinect2_bridge/include/kinect2_bridge
[0.077s] -- Up-to-date: /home/themountaintree/workspace/ros2_ws/install/kinect2_bridge/include/kinect2_bridge/kinect2_definitions.h
[0.077s] -- Up-to-date: /home/themountaintree/workspace/ros2_ws/install/kinect2_bridge/share/ament_index/resource_index/package_run_dependencies/kinect2_bridge
[0.077s] -- Up-to-date: /home/themountaintree/workspace/ros2_ws/install/kinect2_bridge/share/ament_index/resource_index/parent_prefix_path/kinect2_bridge
[0.077s] -- Up-to-date: /home/themountaintree/workspace/ros2_ws/install/kinect2_bridge/share/kinect2_bridge/environment/ament_prefix_path.sh
[0.077s] -- Up-to-date: /home/themountaintree/workspace/ros2_ws/install/kinect2_bridge/share/kinect2_bridge/environment/ament_prefix_path.dsv
[0.077s] -- Up-to-date: /home/themountaintree/workspace/ros2_ws/install/kinect2_bridge/share/kinect2_bridge/environment/path.sh
[0.077s] -- Up-to-date: /home/themountaintree/workspace/ros2_ws/install/kinect2_bridge/share/kinect2_bridge/environment/path.dsv
[0.077s] -- Up-to-date: /home/themountaintree/workspace/ros2_ws/install/kinect2_bridge/share/kinect2_bridge/local_setup.bash
[0.077s] -- Up-to-date: /home/themountaintree/workspace/ros2_ws/install/kinect2_bridge/share/kinect2_bridge/local_setup.sh
[0.077s] -- Up-to-date: /home/themountaintree/workspace/ros2_ws/install/kinect2_bridge/share/kinect2_bridge/local_setup.zsh
[0.077s] -- Up-to-date: /home/themountaintree/workspace/ros2_ws/install/kinect2_bridge/share/kinect2_bridge/local_setup.dsv
[0.078s] -- Installing: /home/themountaintree/workspace/ros2_ws/install/kinect2_bridge/share/kinect2_bridge/package.dsv
[0.078s] -- Up-to-date: /home/themountaintree/workspace/ros2_ws/install/kinect2_bridge/share/ament_index/resource_index/packages/kinect2_bridge
[0.078s] -- Up-to-date: /home/themountaintree/workspace/ros2_ws/install/kinect2_bridge/share/kinect2_bridge/cmake/ament_cmake_export_include_directories-extras.cmake
[0.078s] -- Up-to-date: /home/themountaintree/workspace/ros2_ws/install/kinect2_bridge/share/kinect2_bridge/cmake/kinect2_bridgeConfig.cmake
[0.078s] -- Up-to-date: /home/themountaintree/workspace/ros2_ws/install/kinect2_bridge/share/kinect2_bridge/cmake/kinect2_bridgeConfig-version.cmake
[0.078s] -- Up-to-date: /home/themountaintree/workspace/ros2_ws/install/kinect2_bridge/share/kinect2_bridge/package.xml
[0.079s] Invoked command in '/home/themountaintree/workspace/ros2_ws/build/kinect2_bridge' returned '0': AMENT_PREFIX_PATH=/home/themountaintree/workspace/ros2_ws/install/kinect2_registration:${AMENT_PREFIX_PATH} CMAKE_PREFIX_PATH=/home/themountaintree/workspace/ros2_ws/install/kinect2_registration:/opt/ros/humble LD_LIBRARY_PATH=/home/themountaintree/workspace/ros2_ws/install/kinect2_registration/lib:${LD_LIBRARY_PATH} /usr/bin/cmake --install /home/themountaintree/workspace/ros2_ws/build/kinect2_bridge
