/home/themountaintree/workspace/ros2_ws/install/get_picture/lib/python3.10/site-packages/get_picture/dual_cam_view.py
/home/themountaintree/workspace/ros2_ws/install/get_picture/lib/python3.10/site-packages/get_picture/aruco_pose_node.py
/home/themountaintree/workspace/ros2_ws/install/get_picture/lib/python3.10/site-packages/get_picture/get_kinect2_node.py
/home/themountaintree/workspace/ros2_ws/install/get_picture/lib/python3.10/site-packages/get_picture/DualCameraSaveNode.py
/home/themountaintree/workspace/ros2_ws/install/get_picture/lib/python3.10/site-packages/get_picture/DualCameraOrbbecNode.py
/home/themountaintree/workspace/ros2_ws/install/get_picture/lib/python3.10/site-packages/get_picture/DualCameraKinectNode.py
/home/themountaintree/workspace/ros2_ws/install/get_picture/lib/python3.10/site-packages/get_picture/get_picture_node.py
/home/themountaintree/workspace/ros2_ws/install/get_picture/lib/python3.10/site-packages/get_picture/__init__.py
/home/themountaintree/workspace/ros2_ws/install/get_picture/lib/python3.10/site-packages/get_picture/__pycache__/dual_cam_view.cpython-310.pyc
/home/themountaintree/workspace/ros2_ws/install/get_picture/lib/python3.10/site-packages/get_picture/__pycache__/aruco_pose_node.cpython-310.pyc
/home/themountaintree/workspace/ros2_ws/install/get_picture/lib/python3.10/site-packages/get_picture/__pycache__/get_kinect2_node.cpython-310.pyc
/home/themountaintree/workspace/ros2_ws/install/get_picture/lib/python3.10/site-packages/get_picture/__pycache__/DualCameraSaveNode.cpython-310.pyc
/home/themountaintree/workspace/ros2_ws/install/get_picture/lib/python3.10/site-packages/get_picture/__pycache__/DualCameraOrbbecNode.cpython-310.pyc
/home/themountaintree/workspace/ros2_ws/install/get_picture/lib/python3.10/site-packages/get_picture/__pycache__/DualCameraKinectNode.cpython-310.pyc
/home/themountaintree/workspace/ros2_ws/install/get_picture/lib/python3.10/site-packages/get_picture/__pycache__/get_picture_node.cpython-310.pyc
/home/themountaintree/workspace/ros2_ws/install/get_picture/lib/python3.10/site-packages/get_picture/__pycache__/__init__.cpython-310.pyc
/home/themountaintree/workspace/ros2_ws/install/get_picture/share/ament_index/resource_index/packages/get_picture
/home/themountaintree/workspace/ros2_ws/install/get_picture/share/get_picture/package.xml
/home/themountaintree/workspace/ros2_ws/install/get_picture/lib/python3.10/site-packages/get_picture-0.0.0-py3.10.egg-info/requires.txt
/home/themountaintree/workspace/ros2_ws/install/get_picture/lib/python3.10/site-packages/get_picture-0.0.0-py3.10.egg-info/PKG-INFO
/home/themountaintree/workspace/ros2_ws/install/get_picture/lib/python3.10/site-packages/get_picture-0.0.0-py3.10.egg-info/SOURCES.txt
/home/themountaintree/workspace/ros2_ws/install/get_picture/lib/python3.10/site-packages/get_picture-0.0.0-py3.10.egg-info/top_level.txt
/home/themountaintree/workspace/ros2_ws/install/get_picture/lib/python3.10/site-packages/get_picture-0.0.0-py3.10.egg-info/dependency_links.txt
/home/themountaintree/workspace/ros2_ws/install/get_picture/lib/python3.10/site-packages/get_picture-0.0.0-py3.10.egg-info/entry_points.txt
/home/themountaintree/workspace/ros2_ws/install/get_picture/lib/python3.10/site-packages/get_picture-0.0.0-py3.10.egg-info/zip-safe
/home/themountaintree/workspace/ros2_ws/install/get_picture/lib/get_picture/DualCameraKinectNode
/home/themountaintree/workspace/ros2_ws/install/get_picture/lib/get_picture/DualCameraOrbbecNode
/home/themountaintree/workspace/ros2_ws/install/get_picture/lib/get_picture/DualCameraSaveNode
/home/themountaintree/workspace/ros2_ws/install/get_picture/lib/get_picture/aruco_pose_node
/home/themountaintree/workspace/ros2_ws/install/get_picture/lib/get_picture/dual_cam_view
/home/themountaintree/workspace/ros2_ws/install/get_picture/lib/get_picture/get_kinect2_node
/home/themountaintree/workspace/ros2_ws/install/get_picture/lib/get_picture/get_picture
