[0.008s] Invoking command in '/home/themountaintree/workspace/ros2_ws/build/kinect2_calibration': CMAKE_PREFIX_PATH=/home/themountaintree/workspace/ros2_ws/install/kinect2_bridge:/home/themountaintree/workspace/ros2_ws/install/kinect2_registration:/home/themountaintree/workspace/ros2_ws/install/orbbec_description:/home/themountaintree/workspace/ros2_ws/install/orbbec_camera:/home/themountaintree/workspace/ros2_ws/install/orbbec_camera_msgs:/home/themountaintree/workspace/ros2_ws/install/kinect2_calibration:/home/themountaintree/workspace/ros2_ws/install/get_picture:/opt/ros/humble /usr/bin/cmake --build /home/themountaintree/workspace/ros2_ws/build/kinect2_calibration -- -j20 -l20
[0.052s] [100%] Built target kinect2_calibration_node
[0.058s] Invoked command in '/home/themountaintree/workspace/ros2_ws/build/kinect2_calibration' returned '0': CMAKE_PREFIX_PATH=/home/themountaintree/workspace/ros2_ws/install/kinect2_bridge:/home/themountaintree/workspace/ros2_ws/install/kinect2_registration:/home/themountaintree/workspace/ros2_ws/install/orbbec_description:/home/themountaintree/workspace/ros2_ws/install/orbbec_camera:/home/themountaintree/workspace/ros2_ws/install/orbbec_camera_msgs:/home/themountaintree/workspace/ros2_ws/install/kinect2_calibration:/home/themountaintree/workspace/ros2_ws/install/get_picture:/opt/ros/humble /usr/bin/cmake --build /home/themountaintree/workspace/ros2_ws/build/kinect2_calibration -- -j20 -l20
[0.060s] Invoking command in '/home/themountaintree/workspace/ros2_ws/build/kinect2_calibration': CMAKE_PREFIX_PATH=/home/themountaintree/workspace/ros2_ws/install/kinect2_bridge:/home/themountaintree/workspace/ros2_ws/install/kinect2_registration:/home/themountaintree/workspace/ros2_ws/install/orbbec_description:/home/themountaintree/workspace/ros2_ws/install/orbbec_camera:/home/themountaintree/workspace/ros2_ws/install/orbbec_camera_msgs:/home/themountaintree/workspace/ros2_ws/install/kinect2_calibration:/home/themountaintree/workspace/ros2_ws/install/get_picture:/opt/ros/humble /usr/bin/cmake --install /home/themountaintree/workspace/ros2_ws/build/kinect2_calibration
[0.066s] -- Install configuration: ""
[0.067s] -- Up-to-date: /home/themountaintree/workspace/ros2_ws/install/kinect2_calibration/lib/kinect2_calibration/kinect2_calibration_node
[0.067s] -- Up-to-date: /home/themountaintree/workspace/ros2_ws/install/kinect2_calibration/share/ament_index/resource_index/package_run_dependencies/kinect2_calibration
[0.067s] -- Up-to-date: /home/themountaintree/workspace/ros2_ws/install/kinect2_calibration/share/ament_index/resource_index/parent_prefix_path/kinect2_calibration
[0.067s] -- Up-to-date: /home/themountaintree/workspace/ros2_ws/install/kinect2_calibration/share/kinect2_calibration/environment/ament_prefix_path.sh
[0.067s] -- Up-to-date: /home/themountaintree/workspace/ros2_ws/install/kinect2_calibration/share/kinect2_calibration/environment/ament_prefix_path.dsv
[0.068s] -- Up-to-date: /home/themountaintree/workspace/ros2_ws/install/kinect2_calibration/share/kinect2_calibration/environment/path.sh
[0.068s] -- Up-to-date: /home/themountaintree/workspace/ros2_ws/install/kinect2_calibration/share/kinect2_calibration/environment/path.dsv
[0.068s] -- Up-to-date: /home/themountaintree/workspace/ros2_ws/install/kinect2_calibration/share/kinect2_calibration/local_setup.bash
[0.068s] -- Up-to-date: /home/themountaintree/workspace/ros2_ws/install/kinect2_calibration/share/kinect2_calibration/local_setup.sh
[0.068s] -- Up-to-date: /home/themountaintree/workspace/ros2_ws/install/kinect2_calibration/share/kinect2_calibration/local_setup.zsh
[0.068s] -- Up-to-date: /home/themountaintree/workspace/ros2_ws/install/kinect2_calibration/share/kinect2_calibration/local_setup.dsv
[0.068s] -- Installing: /home/themountaintree/workspace/ros2_ws/install/kinect2_calibration/share/kinect2_calibration/package.dsv
[0.068s] -- Up-to-date: /home/themountaintree/workspace/ros2_ws/install/kinect2_calibration/share/ament_index/resource_index/packages/kinect2_calibration
[0.068s] -- Up-to-date: /home/themountaintree/workspace/ros2_ws/install/kinect2_calibration/share/kinect2_calibration/cmake/kinect2_calibrationConfig.cmake
[0.068s] -- Up-to-date: /home/themountaintree/workspace/ros2_ws/install/kinect2_calibration/share/kinect2_calibration/cmake/kinect2_calibrationConfig-version.cmake
[0.068s] -- Up-to-date: /home/themountaintree/workspace/ros2_ws/install/kinect2_calibration/share/kinect2_calibration/package.xml
[0.077s] Invoked command in '/home/themountaintree/workspace/ros2_ws/build/kinect2_calibration' returned '0': CMAKE_PREFIX_PATH=/home/themountaintree/workspace/ros2_ws/install/kinect2_bridge:/home/themountaintree/workspace/ros2_ws/install/kinect2_registration:/home/themountaintree/workspace/ros2_ws/install/orbbec_description:/home/themountaintree/workspace/ros2_ws/install/orbbec_camera:/home/themountaintree/workspace/ros2_ws/install/orbbec_camera_msgs:/home/themountaintree/workspace/ros2_ws/install/kinect2_calibration:/home/themountaintree/workspace/ros2_ws/install/get_picture:/opt/ros/humble /usr/bin/cmake --install /home/themountaintree/workspace/ros2_ws/build/kinect2_calibration
