[0.007s] Invoking command in '/home/themountaintree/workspace/ros2_ws/build/get_picture': CMAKE_PREFIX_PATH=${CMAKE_PREFIX_PATH}:/opt/ros/humble CONDA_PROMPT_MODIFIER=(robot_env) /usr/bin/cmake --build /home/themountaintree/workspace/ros2_ws/build/get_picture -- -j20 -l20
[0.023s] -- Found ament_cmake: 1.3.12 (/opt/ros/humble/share/ament_cmake/cmake)
[0.103s] -- Found rclpy: 3.3.19 (/opt/ros/humble/share/rclpy/cmake)
[0.142s] -- Configuring done
[0.143s] -- Generating done
[0.144s] -- Build files have been written to: /home/themountaintree/workspace/ros2_ws/build/get_picture
[0.158s] Invoked command in '/home/themountaintree/workspace/ros2_ws/build/get_picture' returned '0': CMAKE_PREFIX_PATH=${CMAKE_PREFIX_PATH}:/opt/ros/humble CONDA_PROMPT_MODIFIER=(robot_env) /usr/bin/cmake --build /home/themountaintree/workspace/ros2_ws/build/get_picture -- -j20 -l20
[0.164s] Invoking command in '/home/themountaintree/workspace/ros2_ws/build/get_picture': CMAKE_PREFIX_PATH=${CMAKE_PREFIX_PATH}:/opt/ros/humble CONDA_PROMPT_MODIFIER=(robot_env) /usr/bin/cmake --install /home/themountaintree/workspace/ros2_ws/build/get_picture
[0.169s] -- Install configuration: ""
[0.169s] -- Up-to-date: /home/themountaintree/workspace/ros2_ws/install/get_picture/lib/get_picture/get_picture_node.py
[0.169s] -- Up-to-date: /home/themountaintree/workspace/ros2_ws/install/get_picture/lib/get_picture/get_kinect2_node.py
[0.169s] -- Up-to-date: /home/themountaintree/workspace/ros2_ws/install/get_picture/lib/get_picture/dual_cam_view.py
[0.169s] -- Installing: /home/themountaintree/workspace/ros2_ws/install/get_picture/lib/get_picture/DualCameraSaveNode.py
[0.169s] -- Up-to-date: /home/themountaintree/workspace/ros2_ws/install/get_picture/share/ament_index/resource_index/package_run_dependencies/get_picture
[0.169s] -- Installing: /home/themountaintree/workspace/ros2_ws/install/get_picture/share/ament_index/resource_index/parent_prefix_path/get_picture
[0.170s] -- Up-to-date: /home/themountaintree/workspace/ros2_ws/install/get_picture/share/get_picture/environment/ament_prefix_path.sh
[0.170s] -- Installing: /home/themountaintree/workspace/ros2_ws/install/get_picture/share/get_picture/environment/ament_prefix_path.dsv
[0.170s] -- Up-to-date: /home/themountaintree/workspace/ros2_ws/install/get_picture/share/get_picture/environment/path.sh
[0.170s] -- Installing: /home/themountaintree/workspace/ros2_ws/install/get_picture/share/get_picture/environment/path.dsv
[0.170s] -- Up-to-date: /home/themountaintree/workspace/ros2_ws/install/get_picture/share/get_picture/local_setup.bash
[0.170s] -- Up-to-date: /home/themountaintree/workspace/ros2_ws/install/get_picture/share/get_picture/local_setup.sh
[0.170s] -- Up-to-date: /home/themountaintree/workspace/ros2_ws/install/get_picture/share/get_picture/local_setup.zsh
[0.170s] -- Installing: /home/themountaintree/workspace/ros2_ws/install/get_picture/share/get_picture/local_setup.dsv
[0.170s] -- Installing: /home/themountaintree/workspace/ros2_ws/install/get_picture/share/get_picture/package.dsv
[0.170s] -- Up-to-date: /home/themountaintree/workspace/ros2_ws/install/get_picture/share/ament_index/resource_index/packages/get_picture
[0.170s] -- Up-to-date: /home/themountaintree/workspace/ros2_ws/install/get_picture/share/get_picture/cmake/get_pictureConfig.cmake
[0.170s] -- Up-to-date: /home/themountaintree/workspace/ros2_ws/install/get_picture/share/get_picture/cmake/get_pictureConfig-version.cmake
[0.170s] -- Up-to-date: /home/themountaintree/workspace/ros2_ws/install/get_picture/share/get_picture/package.xml
[0.171s] Invoked command in '/home/themountaintree/workspace/ros2_ws/build/get_picture' returned '0': CMAKE_PREFIX_PATH=${CMAKE_PREFIX_PATH}:/opt/ros/humble CONDA_PROMPT_MODIFIER=(robot_env) /usr/bin/cmake --install /home/themountaintree/workspace/ros2_ws/build/get_picture
