[0.008s] Invoking command in '/home/themountaintree/workspace/ros2_ws/build/kinect2_bridge': CMAKE_PREFIX_PATH=/home/themountaintree/workspace/ros2_ws/install/kinect2_registration:/home/themountaintree/workspace/ros2_ws/install/orbbec_description:/home/themountaintree/workspace/ros2_ws/install/orbbec_camera:/home/themountaintree/workspace/ros2_ws/install/orbbec_camera_msgs:/home/themountaintree/workspace/ros2_ws/install/kinect2_calibration:/home/themountaintree/workspace/ros2_ws/install/kinect2_bridge:/home/themountaintree/workspace/ros2_ws/install/get_picture:/opt/ros/humble /usr/bin/cmake --build /home/themountaintree/workspace/ros2_ws/build/kinect2_bridge -- -j20 -l20
[0.071s] [100%] Built target kinect2_bridge_node
[0.079s] Invoked command in '/home/themountaintree/workspace/ros2_ws/build/kinect2_bridge' returned '0': CMAKE_PREFIX_PATH=/home/themountaintree/workspace/ros2_ws/install/kinect2_registration:/home/themountaintree/workspace/ros2_ws/install/orbbec_description:/home/themountaintree/workspace/ros2_ws/install/orbbec_camera:/home/themountaintree/workspace/ros2_ws/install/orbbec_camera_msgs:/home/themountaintree/workspace/ros2_ws/install/kinect2_calibration:/home/themountaintree/workspace/ros2_ws/install/kinect2_bridge:/home/themountaintree/workspace/ros2_ws/install/get_picture:/opt/ros/humble /usr/bin/cmake --build /home/themountaintree/workspace/ros2_ws/build/kinect2_bridge -- -j20 -l20
[0.081s] Invoking command in '/home/themountaintree/workspace/ros2_ws/build/kinect2_bridge': CMAKE_PREFIX_PATH=/home/themountaintree/workspace/ros2_ws/install/kinect2_registration:/home/themountaintree/workspace/ros2_ws/install/orbbec_description:/home/themountaintree/workspace/ros2_ws/install/orbbec_camera:/home/themountaintree/workspace/ros2_ws/install/orbbec_camera_msgs:/home/themountaintree/workspace/ros2_ws/install/kinect2_calibration:/home/themountaintree/workspace/ros2_ws/install/kinect2_bridge:/home/themountaintree/workspace/ros2_ws/install/get_picture:/opt/ros/humble /usr/bin/cmake --install /home/themountaintree/workspace/ros2_ws/build/kinect2_bridge
[0.086s] -- Install configuration: ""
[0.087s] -- Up-to-date: /home/themountaintree/workspace/ros2_ws/install/kinect2_bridge/lib/kinect2_bridge/kinect2_bridge_node
[0.087s] -- Up-to-date: /home/themountaintree/workspace/ros2_ws/install/kinect2_bridge/share/kinect2_bridge//launch
[0.087s] -- Up-to-date: /home/themountaintree/workspace/ros2_ws/install/kinect2_bridge/share/kinect2_bridge//launch/kinect2_bridge_launch.yaml
[0.087s] -- Up-to-date: /home/themountaintree/workspace/ros2_ws/install/kinect2_bridge/share/kinect2_bridge//launch/rtabmap.launch.py
[0.087s] -- Up-to-date: /home/themountaintree/workspace/ros2_ws/install/kinect2_bridge/include
[0.087s] -- Up-to-date: /home/themountaintree/workspace/ros2_ws/install/kinect2_bridge/include/kinect2_bridge
[0.088s] -- Up-to-date: /home/themountaintree/workspace/ros2_ws/install/kinect2_bridge/include/kinect2_bridge/kinect2_definitions.h
[0.088s] -- Up-to-date: /home/themountaintree/workspace/ros2_ws/install/kinect2_bridge/share/ament_index/resource_index/package_run_dependencies/kinect2_bridge
[0.088s] -- Up-to-date: /home/themountaintree/workspace/ros2_ws/install/kinect2_bridge/share/ament_index/resource_index/parent_prefix_path/kinect2_bridge
[0.088s] -- Up-to-date: /home/themountaintree/workspace/ros2_ws/install/kinect2_bridge/share/kinect2_bridge/environment/ament_prefix_path.sh
[0.088s] -- Up-to-date: /home/themountaintree/workspace/ros2_ws/install/kinect2_bridge/share/kinect2_bridge/environment/ament_prefix_path.dsv
[0.088s] -- Up-to-date: /home/themountaintree/workspace/ros2_ws/install/kinect2_bridge/share/kinect2_bridge/environment/path.sh
[0.088s] -- Up-to-date: /home/themountaintree/workspace/ros2_ws/install/kinect2_bridge/share/kinect2_bridge/environment/path.dsv
[0.088s] -- Up-to-date: /home/themountaintree/workspace/ros2_ws/install/kinect2_bridge/share/kinect2_bridge/local_setup.bash
[0.088s] -- Up-to-date: /home/themountaintree/workspace/ros2_ws/install/kinect2_bridge/share/kinect2_bridge/local_setup.sh
[0.088s] -- Up-to-date: /home/themountaintree/workspace/ros2_ws/install/kinect2_bridge/share/kinect2_bridge/local_setup.zsh
[0.088s] -- Up-to-date: /home/themountaintree/workspace/ros2_ws/install/kinect2_bridge/share/kinect2_bridge/local_setup.dsv
[0.088s] -- Installing: /home/themountaintree/workspace/ros2_ws/install/kinect2_bridge/share/kinect2_bridge/package.dsv
[0.088s] -- Up-to-date: /home/themountaintree/workspace/ros2_ws/install/kinect2_bridge/share/ament_index/resource_index/packages/kinect2_bridge
[0.088s] -- Up-to-date: /home/themountaintree/workspace/ros2_ws/install/kinect2_bridge/share/kinect2_bridge/cmake/ament_cmake_export_include_directories-extras.cmake
[0.088s] -- Up-to-date: /home/themountaintree/workspace/ros2_ws/install/kinect2_bridge/share/kinect2_bridge/cmake/kinect2_bridgeConfig.cmake
[0.088s] -- Up-to-date: /home/themountaintree/workspace/ros2_ws/install/kinect2_bridge/share/kinect2_bridge/cmake/kinect2_bridgeConfig-version.cmake
[0.088s] -- Up-to-date: /home/themountaintree/workspace/ros2_ws/install/kinect2_bridge/share/kinect2_bridge/package.xml
[0.090s] Invoked command in '/home/themountaintree/workspace/ros2_ws/build/kinect2_bridge' returned '0': CMAKE_PREFIX_PATH=/home/themountaintree/workspace/ros2_ws/install/kinect2_registration:/home/themountaintree/workspace/ros2_ws/install/orbbec_description:/home/themountaintree/workspace/ros2_ws/install/orbbec_camera:/home/themountaintree/workspace/ros2_ws/install/orbbec_camera_msgs:/home/themountaintree/workspace/ros2_ws/install/kinect2_calibration:/home/themountaintree/workspace/ros2_ws/install/kinect2_bridge:/home/themountaintree/workspace/ros2_ws/install/get_picture:/opt/ros/humble /usr/bin/cmake --install /home/themountaintree/workspace/ros2_ws/build/kinect2_bridge
