[0.006s] Invoking command in '/home/themountaintree/workspace/ros2_ws/build/orbbec_camera': CMAKE_PREFIX_PATH=/home/themountaintree/workspace/ros2_ws/install/orbbec_camera_msgs:/home/themountaintree/workspace/ros2_ws/install/orbbec_description:/home/themountaintree/workspace/ros2_ws/install/orbbec_camera:/home/themountaintree/workspace/ros2_ws/install/kinect2_calibration:/home/themountaintree/workspace/ros2_ws/install/kinect2_bridge:/home/themountaintree/workspace/ros2_ws/install/kinect2_registration:/home/themountaintree/workspace/ros2_ws/install/get_picture:/opt/ros/humble LD_LIBRARY_PATH=/home/themountaintree/workspace/ros2_ws/install/orbbec_camera_msgs/lib:/home/themountaintree/workspace/ros2_ws/install/orbbec_camera/lib:/home/themountaintree/workspace/ros2_ws/install/kinect2_registration/lib:/opt/ros/humble/opt/rviz_ogre_vendor/lib:/opt/ros/humble/lib/x86_64-linux-gnu:/opt/ros/humble/lib /usr/bin/cmake /home/themountaintree/workspace/ros2_ws/src/OrbbecSDK_ROS2/orbbec_camera -DCMAKE_INSTALL_PREFIX=/home/themountaintree/workspace/ros2_ws/install/orbbec_camera
[0.048s] -- The C compiler identification is GNU 11.4.0
[0.090s] -- The CXX compiler identification is GNU 11.4.0
[0.095s] -- Detecting C compiler ABI info
[0.148s] -- Detecting C compiler ABI info - done
[0.153s] -- Check for working C compiler: /usr/bin/cc - skipped
[0.153s] -- Detecting C compile features
[0.153s] -- Detecting C compile features - done
[0.155s] -- Detecting CXX compiler ABI info
[0.215s] -- Detecting CXX compiler ABI info - done
[0.220s] -- Check for working CXX compiler: /usr/bin/c++ - skipped
[0.220s] -- Detecting CXX compile features
[0.220s] -- Detecting CXX compile features - done
[0.221s] -- Found ament_cmake: 1.3.12 (/opt/ros/humble/share/ament_cmake/cmake)
[0.331s] -- Found Python3: /usr/bin/python3 (found version "3.10.12") found components: Interpreter 
[0.389s] -- Found ament_index_cpp: 1.4.0 (/opt/ros/humble/share/ament_index_cpp/cmake)
[0.395s] -- Found builtin_interfaces: 1.2.2 (/opt/ros/humble/share/builtin_interfaces/cmake)
[0.413s] -- Found rosidl_generator_c: 3.1.7 (/opt/ros/humble/share/rosidl_generator_c/cmake)
[0.415s] -- Found rosidl_adapter: 3.1.7 (/opt/ros/humble/share/rosidl_adapter/cmake)
[0.420s] -- Found rosidl_generator_cpp: 3.1.7 (/opt/ros/humble/share/rosidl_generator_cpp/cmake)
[0.426s] -- Using all available rosidl_typesupport_c: rosidl_typesupport_fastrtps_c;rosidl_typesupport_introspection_c
[0.435s] -- Using all available rosidl_typesupport_cpp: rosidl_typesupport_fastrtps_cpp;rosidl_typesupport_introspection_cpp
[0.443s] -- Found cv_bridge: 3.2.1 (/opt/ros/humble/share/cv_bridge/cmake)
[0.477s] -- Found camera_info_manager: 3.1.12 (/opt/ros/humble/share/camera_info_manager/cmake)
[0.503s] -- Found rmw_implementation_cmake: 6.1.2 (/opt/ros/humble/share/rmw_implementation_cmake/cmake)
[0.505s] -- Found rmw_fastrtps_cpp: 6.2.9 (/opt/ros/humble/share/rmw_fastrtps_cpp/cmake)
[0.563s] -- Found OpenSSL: /usr/lib/x86_64-linux-gnu/libcrypto.so (found version "3.0.2")  
[0.581s] -- Found FastRTPS: /opt/ros/humble/include  
[0.608s] -- Using RMW implementation 'rmw_fastrtps_cpp' as default
[0.613s] -- Looking for pthread.h
[0.696s] -- Looking for pthread.h - found
[0.696s] -- Performing Test CMAKE_HAVE_LIBC_PTHREAD
[0.774s] -- Performing Test CMAKE_HAVE_LIBC_PTHREAD - Success
[0.774s] -- Found Threads: TRUE  
[0.804s] -- Found image_transport: 3.1.12 (/opt/ros/humble/share/image_transport/cmake)
[0.826s] -- Found image_publisher: 3.0.9 (/opt/ros/humble/share/image_publisher/cmake)
[0.843s] -- Found OpenCV: /usr (found version "4.5.4") 
[0.843s] -- Found orbbec_camera_msgs: 2.6.3 (/home/themountaintree/workspace/ros2_ws/install/orbbec_camera_msgs/share/orbbec_camera_msgs/cmake)
[0.853s] -- Found std_srvs: 4.9.0 (/opt/ros/humble/share/std_srvs/cmake)
[0.862s] -- Found tf2: 0.25.17 (/opt/ros/humble/share/tf2/cmake)
[0.865s] -- Found tf2_msgs: 0.25.17 (/opt/ros/humble/share/tf2_msgs/cmake)
[0.888s] -- Found tf2_ros: 0.25.17 (/opt/ros/humble/share/tf2_ros/cmake)
[0.899s] -- Found tf2_sensor_msgs: 0.25.17 (/opt/ros/humble/share/tf2_sensor_msgs/cmake)
[0.905s] -- Found diagnostic_updater: 4.0.6 (/opt/ros/humble/share/diagnostic_updater/cmake)
[0.925s] -- Found PkgConfig: /usr/bin/pkg-config (found version "0.29.2") 
[0.929s] -- ORRBEC Machine : x86_64
[0.929s] 
[0.929s] -- ORRBEC Machine Bits : 64
[0.929s] 
[1.045s] -- Found ament_lint_auto: 0.12.14 (/opt/ros/humble/share/ament_lint_auto/cmake)
[1.088s] -- Configuring done
[1.235s] -- Generating done
[1.266s] -- Build files have been written to: /home/themountaintree/workspace/ros2_ws/build/orbbec_camera
[1.279s] Invoked command in '/home/themountaintree/workspace/ros2_ws/build/orbbec_camera' returned '0': CMAKE_PREFIX_PATH=/home/themountaintree/workspace/ros2_ws/install/orbbec_camera_msgs:/home/themountaintree/workspace/ros2_ws/install/orbbec_description:/home/themountaintree/workspace/ros2_ws/install/orbbec_camera:/home/themountaintree/workspace/ros2_ws/install/kinect2_calibration:/home/themountaintree/workspace/ros2_ws/install/kinect2_bridge:/home/themountaintree/workspace/ros2_ws/install/kinect2_registration:/home/themountaintree/workspace/ros2_ws/install/get_picture:/opt/ros/humble LD_LIBRARY_PATH=/home/themountaintree/workspace/ros2_ws/install/orbbec_camera_msgs/lib:/home/themountaintree/workspace/ros2_ws/install/orbbec_camera/lib:/home/themountaintree/workspace/ros2_ws/install/kinect2_registration/lib:/opt/ros/humble/opt/rviz_ogre_vendor/lib:/opt/ros/humble/lib/x86_64-linux-gnu:/opt/ros/humble/lib /usr/bin/cmake /home/themountaintree/workspace/ros2_ws/src/OrbbecSDK_ROS2/orbbec_camera -DCMAKE_INSTALL_PREFIX=/home/themountaintree/workspace/ros2_ws/install/orbbec_camera
[1.279s] Invoking command in '/home/themountaintree/workspace/ros2_ws/build/orbbec_camera': CMAKE_PREFIX_PATH=/home/themountaintree/workspace/ros2_ws/install/orbbec_camera_msgs:/home/themountaintree/workspace/ros2_ws/install/orbbec_description:/home/themountaintree/workspace/ros2_ws/install/orbbec_camera:/home/themountaintree/workspace/ros2_ws/install/kinect2_calibration:/home/themountaintree/workspace/ros2_ws/install/kinect2_bridge:/home/themountaintree/workspace/ros2_ws/install/kinect2_registration:/home/themountaintree/workspace/ros2_ws/install/get_picture:/opt/ros/humble LD_LIBRARY_PATH=/home/themountaintree/workspace/ros2_ws/install/orbbec_camera_msgs/lib:/home/themountaintree/workspace/ros2_ws/install/orbbec_camera/lib:/home/themountaintree/workspace/ros2_ws/install/kinect2_registration/lib:/opt/ros/humble/opt/rviz_ogre_vendor/lib:/opt/ros/humble/lib/x86_64-linux-gnu:/opt/ros/humble/lib /usr/bin/cmake --build /home/themountaintree/workspace/ros2_ws/build/orbbec_camera -- -j20 -l20
[1.322s] [ 20%] [32mBuilding CXX object CMakeFiles/start_benchmark.dir/tools/start_benchmark.cpp.o[0m
[1.322s] [ 20%] [32mBuilding CXX object CMakeFiles/frame_latency.dir/tools/frame_latency.cpp.o[0m
[1.323s] [ 20%] [32mBuilding CXX object CMakeFiles/orbbec_camera.dir/src/dynamic_params.cpp.o[0m
[1.323s] [ 20%] [32mBuilding CXX object CMakeFiles/frame_latency_node.dir/rclcpp_components/node_main_frame_latency_node.cpp.o[0m
[1.323s] [ 20%] [32mBuilding CXX object CMakeFiles/multi_save_rgbir.dir/tools/multi_save_rgbir.cpp.o[0m
[1.323s] [ 20%] [32mBuilding CXX object CMakeFiles/orbbec_camera_node.dir/rclcpp_components/node_main_orbbec_camera_node.cpp.o[0m
[1.323s] [ 20%] [32mBuilding CXX object CMakeFiles/start_benchmark_node.dir/rclcpp_components/node_main_start_benchmark_node.cpp.o[0m
[1.323s] [ 20%] [32mBuilding CXX object CMakeFiles/orbbec_camera.dir/src/ob_camera_node.cpp.o[0m
[1.324s] [ 24%] [32mBuilding CXX object CMakeFiles/multi_save_rgbir_node.dir/rclcpp_components/node_main_multi_save_rgbir_node.cpp.o[0m
[1.324s] [ 28%] [32mBuilding CXX object CMakeFiles/orbbec_camera.dir/src/ros_param_backend.cpp.o[0m
[1.324s] [ 31%] [32mBuilding CXX object CMakeFiles/orbbec_camera.dir/src/ob_lidar_node.cpp.o[0m
[1.324s] [ 31%] [32mBuilding CXX object CMakeFiles/orbbec_camera.dir/src/d2c_viewer.cpp.o[0m
[1.324s] [ 31%] [32mBuilding CXX object CMakeFiles/orbbec_camera.dir/src/ob_camera_node_driver.cpp.o[0m
[1.324s] [ 22%] [32mBuilding CXX object CMakeFiles/multi_save_rgbir.dir/src/utils.cpp.o[0m
[1.326s] [ 37%] [32mBuilding CXX object CMakeFiles/orbbec_camera.dir/src/synced_imu_publisher.cpp.o[0m
[1.326s] [ 37%] [32mBuilding CXX object CMakeFiles/orbbec_camera.dir/src/image_publisher.cpp.o[0m
[1.327s] [ 37%] [32mBuilding CXX object CMakeFiles/orbbec_camera.dir/src/ros_service.cpp.o[0m
[1.328s] [ 42%] [32mBuilding CXX object CMakeFiles/orbbec_camera.dir/src/jpeg_decoder.cpp.o[0m
[1.328s] [ 42%] [32mBuilding CXX object CMakeFiles/orbbec_camera.dir/src/utils.cpp.o[0m
[6.498s] [ 44%] [32m[1mLinking CXX executable multi_save_rgbir_node[0m
[9.193s] [ 44%] Built target multi_save_rgbir_node
[10.947s] [ 46%] [32m[1mLinking CXX executable orbbec_camera_node[0m
[11.055s] [ 48%] [32m[1mLinking CXX executable start_benchmark_node[0m
[11.058s] [ 48%] Built target orbbec_camera_node
[11.107s] [ 51%] [32m[1mLinking CXX executable frame_latency_node[0m
[11.142s] [ 51%] Built target start_benchmark_node
[11.199s] [ 51%] Built target frame_latency_node
[37.943s] [ 53%] [32m[1mLinking CXX shared library libstart_benchmark.so[0m
[38.165s] [ 53%] Built target start_benchmark
[40.464s] [ 55%] [32m[1mLinking CXX shared library libmulti_save_rgbir.so[0m
[40.710s] [ 55%] Built target multi_save_rgbir
[44.808s] [ 57%] [32m[1mLinking CXX shared library libframe_latency.so[0m
[45.073s] [ 57%] Built target frame_latency
[45.319s] [ 60%] [32m[1mLinking CXX shared library liborbbec_camera.so[0m
[45.625s] [ 60%] Built target orbbec_camera
[45.645s] [ 64%] [32mBuilding CXX object CMakeFiles/topic_statistics_node.dir/tools/topic_statistics.cpp.o[0m
[45.645s] [ 64%] [32mBuilding CXX object CMakeFiles/ob_benchmark_node.dir/tools/ob_benchmark.cpp.o[0m
[45.645s] [ 66%] [32mBuilding CXX object CMakeFiles/image_sync_example_node.dir/examples/multi_camera_time_sync/image_sync_example_node.cpp.o[0m
[45.647s] [ 71%] [32mBuilding CXX object CMakeFiles/list_devices_node.dir/tools/list_devices_node.cpp.o[0m
[45.647s] [ 71%] [32mBuilding CXX object CMakeFiles/list_camera_profile_mode_node.dir/tools/list_camera_profile.cpp.o[0m
[45.648s] [ 75%] [32mBuilding CXX object CMakeFiles/set_device_ip.dir/tools/set_device_ip.cpp.o[0m
[45.648s] [ 75%] [32mBuilding CXX object CMakeFiles/service_benchmark_node.dir/scripts/service_benchmark_node.cpp.o[0m
[45.649s] [ 77%] [32mBuilding CXX object CMakeFiles/list_depth_work_mode_node.dir/tools/list_depth_work_mode.cpp.o[0m
[45.650s] [ 80%] [32mBuilding CXX object CMakeFiles/435le_example_node.dir/examples/435le_new_interface/camera_example_node.cpp.o[0m
[53.036s] [ 82%] [32m[1mLinking CXX executable list_depth_work_mode_node[0m
[53.197s] [ 82%] Built target list_depth_work_mode_node
[53.277s] [ 84%] [32m[1mLinking CXX executable set_device_ip[0m
[53.459s] [ 84%] Built target set_device_ip
[53.728s] [ 86%] [32m[1mLinking CXX executable list_camera_profile_mode_node[0m
[54.131s] [ 86%] Built target list_camera_profile_mode_node
[55.149s] [ 88%] [32m[1mLinking CXX executable list_devices_node[0m
[55.398s] [ 91%] [32m[1mLinking CXX executable ob_benchmark_node[0m
[55.550s] [ 91%] Built target ob_benchmark_node
[55.584s] [ 91%] Built target list_devices_node
[56.184s] [ 93%] [32m[1mLinking CXX executable topic_statistics_node[0m
[56.364s] [ 93%] Built target topic_statistics_node
[56.642s] [ 95%] [32m[1mLinking CXX executable 435le_example_node[0m
[56.805s] [ 95%] Built target 435le_example_node
[58.525s] [ 97%] [32m[1mLinking CXX executable image_sync_example_node[0m
[58.927s] [ 97%] Built target image_sync_example_node
[62.571s] [100%] [32m[1mLinking CXX executable service_benchmark_node[0m
[62.712s] [100%] Built target service_benchmark_node
[62.720s] Invoked command in '/home/themountaintree/workspace/ros2_ws/build/orbbec_camera' returned '0': CMAKE_PREFIX_PATH=/home/themountaintree/workspace/ros2_ws/install/orbbec_camera_msgs:/home/themountaintree/workspace/ros2_ws/install/orbbec_description:/home/themountaintree/workspace/ros2_ws/install/orbbec_camera:/home/themountaintree/workspace/ros2_ws/install/kinect2_calibration:/home/themountaintree/workspace/ros2_ws/install/kinect2_bridge:/home/themountaintree/workspace/ros2_ws/install/kinect2_registration:/home/themountaintree/workspace/ros2_ws/install/get_picture:/opt/ros/humble LD_LIBRARY_PATH=/home/themountaintree/workspace/ros2_ws/install/orbbec_camera_msgs/lib:/home/themountaintree/workspace/ros2_ws/install/orbbec_camera/lib:/home/themountaintree/workspace/ros2_ws/install/kinect2_registration/lib:/opt/ros/humble/opt/rviz_ogre_vendor/lib:/opt/ros/humble/lib/x86_64-linux-gnu:/opt/ros/humble/lib /usr/bin/cmake --build /home/themountaintree/workspace/ros2_ws/build/orbbec_camera -- -j20 -l20
[62.722s] Invoking command in '/home/themountaintree/workspace/ros2_ws/build/orbbec_camera': CMAKE_PREFIX_PATH=/home/themountaintree/workspace/ros2_ws/install/orbbec_camera_msgs:/home/themountaintree/workspace/ros2_ws/install/orbbec_description:/home/themountaintree/workspace/ros2_ws/install/orbbec_camera:/home/themountaintree/workspace/ros2_ws/install/kinect2_calibration:/home/themountaintree/workspace/ros2_ws/install/kinect2_bridge:/home/themountaintree/workspace/ros2_ws/install/kinect2_registration:/home/themountaintree/workspace/ros2_ws/install/get_picture:/opt/ros/humble LD_LIBRARY_PATH=/home/themountaintree/workspace/ros2_ws/install/orbbec_camera_msgs/lib:/home/themountaintree/workspace/ros2_ws/install/orbbec_camera/lib:/home/themountaintree/workspace/ros2_ws/install/kinect2_registration/lib:/opt/ros/humble/opt/rviz_ogre_vendor/lib:/opt/ros/humble/lib/x86_64-linux-gnu:/opt/ros/humble/lib /usr/bin/cmake --install /home/themountaintree/workspace/ros2_ws/build/orbbec_camera
[62.729s] -- Install configuration: ""
[62.729s] -- Installing: /home/themountaintree/workspace/ros2_ws/install/orbbec_camera/lib/orbbec_camera/orbbec_camera_node
[62.729s] -- Set runtime path of "/home/themountaintree/workspace/ros2_ws/install/orbbec_camera/lib/orbbec_camera/orbbec_camera_node" to ":/home/themountaintree/workspace/ros2_ws/src/OrbbecSDK_ROS2/orbbec_camera/SDK/lib/x64"
[62.729s] -- Installing: /home/themountaintree/workspace/ros2_ws/install/orbbec_camera/lib/orbbec_camera/common_benchmark_node.py
[62.729s] -- Installing: /home/themountaintree/workspace/ros2_ws/install/orbbec_camera/lib/orbbec_camera/service_benchmark_node.py
[62.729s] -- Installing: /home/themountaintree/workspace/ros2_ws/install/orbbec_camera/lib/orbbec_camera/frame_latency_node
[62.729s] -- Set runtime path of "/home/themountaintree/workspace/ros2_ws/install/orbbec_camera/lib/orbbec_camera/frame_latency_node" to ":/home/themountaintree/workspace/ros2_ws/src/OrbbecSDK_ROS2/orbbec_camera/SDK/lib/x64"
[62.730s] -- Installing: /home/themountaintree/workspace/ros2_ws/install/orbbec_camera/lib/orbbec_camera/start_benchmark_node
[62.730s] -- Set runtime path of "/home/themountaintree/workspace/ros2_ws/install/orbbec_camera/lib/orbbec_camera/start_benchmark_node" to ":/home/themountaintree/workspace/ros2_ws/src/OrbbecSDK_ROS2/orbbec_camera/SDK/lib/x64"
[62.730s] -- Installing: /home/themountaintree/workspace/ros2_ws/install/orbbec_camera/lib/orbbec_camera/multi_save_rgbir_node
[62.730s] -- Set runtime path of "/home/themountaintree/workspace/ros2_ws/install/orbbec_camera/lib/orbbec_camera/multi_save_rgbir_node" to ":/home/themountaintree/workspace/ros2_ws/src/OrbbecSDK_ROS2/orbbec_camera/SDK/lib/x64"
[62.730s] -- Installing: /home/themountaintree/workspace/ros2_ws/install/orbbec_camera/lib/liborbbec_camera.so
[62.733s] -- Set runtime path of "/home/themountaintree/workspace/ros2_ws/install/orbbec_camera/lib/liborbbec_camera.so" to ":/home/themountaintree/workspace/ros2_ws/src/OrbbecSDK_ROS2/orbbec_camera/SDK/lib/x64"
[62.733s] -- Installing: /home/themountaintree/workspace/ros2_ws/install/orbbec_camera/lib/libframe_latency.so
[62.736s] -- Set runtime path of "/home/themountaintree/workspace/ros2_ws/install/orbbec_camera/lib/libframe_latency.so" to ":/home/themountaintree/workspace/ros2_ws/src/OrbbecSDK_ROS2/orbbec_camera/SDK/lib/x64"
[62.736s] -- Installing: /home/themountaintree/workspace/ros2_ws/install/orbbec_camera/lib/libstart_benchmark.so
[62.737s] -- Set runtime path of "/home/themountaintree/workspace/ros2_ws/install/orbbec_camera/lib/libstart_benchmark.so" to ":/home/themountaintree/workspace/ros2_ws/src/OrbbecSDK_ROS2/orbbec_camera/SDK/lib/x64"
[62.737s] -- Installing: /home/themountaintree/workspace/ros2_ws/install/orbbec_camera/lib/libmulti_save_rgbir.so
[62.738s] -- Set runtime path of "/home/themountaintree/workspace/ros2_ws/install/orbbec_camera/lib/libmulti_save_rgbir.so" to ":/home/themountaintree/workspace/ros2_ws/src/OrbbecSDK_ROS2/orbbec_camera/SDK/lib/x64"
[62.738s] -- Installing: /home/themountaintree/workspace/ros2_ws/install/orbbec_camera/include
[62.738s] -- Installing: /home/themountaintree/workspace/ros2_ws/install/orbbec_camera/include/magic_enum
[62.738s] -- Installing: /home/themountaintree/workspace/ros2_ws/install/orbbec_camera/include/magic_enum/magic_enum.hpp
[62.739s] -- Installing: /home/themountaintree/workspace/ros2_ws/install/orbbec_camera/include/orbbec_camera
[62.739s] -- Installing: /home/themountaintree/workspace/ros2_ws/install/orbbec_camera/include/orbbec_camera/ob_lidar_node.h
[62.739s] -- Installing: /home/themountaintree/workspace/ros2_ws/install/orbbec_camera/include/orbbec_camera/d2c_viewer.h
[62.739s] -- Installing: /home/themountaintree/workspace/ros2_ws/install/orbbec_camera/include/orbbec_camera/ros_param_backend.h
[62.739s] -- Installing: /home/themountaintree/workspace/ros2_ws/install/orbbec_camera/include/orbbec_camera/fps_delay_status.hpp
[62.739s] -- Installing: /home/themountaintree/workspace/ros2_ws/install/orbbec_camera/include/orbbec_camera/dynamic_params.h
[62.739s] -- Installing: /home/themountaintree/workspace/ros2_ws/install/orbbec_camera/include/orbbec_camera/synced_imu_publisher.h
[62.739s] -- Installing: /home/themountaintree/workspace/ros2_ws/install/orbbec_camera/include/orbbec_camera/constants.h
[62.739s] -- Installing: /home/themountaintree/workspace/ros2_ws/install/orbbec_camera/include/orbbec_camera/jetson_nv_decoder.h
[62.739s] -- Installing: /home/themountaintree/workspace/ros2_ws/install/orbbec_camera/include/orbbec_camera/utils.h
[62.739s] -- Installing: /home/themountaintree/workspace/ros2_ws/install/orbbec_camera/include/orbbec_camera/ob_camera_node.h
[62.739s] -- Installing: /home/themountaintree/workspace/ros2_ws/install/orbbec_camera/include/orbbec_camera/fps_counter.hpp
[62.739s] -- Installing: /home/themountaintree/workspace/ros2_ws/install/orbbec_camera/include/orbbec_camera/jpeg_decoder.h
[62.739s] -- Installing: /home/themountaintree/workspace/ros2_ws/install/orbbec_camera/include/orbbec_camera/ob_camera_node_driver.h
[62.740s] -- Installing: /home/themountaintree/workspace/ros2_ws/install/orbbec_camera/include/orbbec_camera/rk_mpp_decoder.h
[62.740s] -- Installing: /home/themountaintree/workspace/ros2_ws/install/orbbec_camera/include/orbbec_camera/image_publisher.h
[62.740s] -- Installing: /home/themountaintree/workspace/ros2_ws/install/orbbec_camera/share/orbbec_camera//launch
[62.741s] -- Installing: /home/themountaintree/workspace/ros2_ws/install/orbbec_camera/share/orbbec_camera//launch/astra.launch.py
[62.741s] -- Installing: /home/themountaintree/workspace/ros2_ws/install/orbbec_camera/share/orbbec_camera//launch/gemini210.launch.py
[62.742s] -- Installing: /home/themountaintree/workspace/ros2_ws/install/orbbec_camera/share/orbbec_camera//launch/astra2.launch.py
[62.742s] -- Installing: /home/themountaintree/workspace/ros2_ws/install/orbbec_camera/share/orbbec_camera//launch/gemini_intra_process_demo_launch.py
[62.742s] -- Installing: /home/themountaintree/workspace/ros2_ws/install/orbbec_camera/share/orbbec_camera//launch/multi_camera.launch.py
[62.742s] -- Installing: /home/themountaintree/workspace/ros2_ws/install/orbbec_camera/share/orbbec_camera//launch/dabai_max_pro.launch.py
[62.742s] -- Installing: /home/themountaintree/workspace/ros2_ws/install/orbbec_camera/share/orbbec_camera//launch/gemini345_lg.launch.py
[62.743s] -- Installing: /home/themountaintree/workspace/ros2_ws/install/orbbec_camera/share/orbbec_camera//launch/multi_camera_synced.launch.py
[62.743s] -- Installing: /home/themountaintree/workspace/ros2_ws/install/orbbec_camera/share/orbbec_camera//launch/gemini2.launch.py
[62.743s] -- Installing: /home/themountaintree/workspace/ros2_ws/install/orbbec_camera/share/orbbec_camera//launch/femto_mega.launch.py
[62.743s] -- Installing: /home/themountaintree/workspace/ros2_ws/install/orbbec_camera/share/orbbec_camera//launch/dabai_a.launch.py
[62.743s] -- Installing: /home/themountaintree/workspace/ros2_ws/install/orbbec_camera/share/orbbec_camera//launch/gemini2L.launch.py
[62.743s] -- Installing: /home/themountaintree/workspace/ros2_ws/install/orbbec_camera/share/orbbec_camera//launch/gemini_330_series_low_cpu.launch.py
[62.744s] -- Installing: /home/themountaintree/workspace/ros2_ws/install/orbbec_camera/share/orbbec_camera//launch/gemini_330_series.launch.py
[62.744s] -- Installing: /home/themountaintree/workspace/ros2_ws/install/orbbec_camera/share/orbbec_camera//launch/femto_bolt.launch.py
[62.744s] -- Installing: /home/themountaintree/workspace/ros2_ws/install/orbbec_camera/share/orbbec_camera//launch/femto.launch.py
[62.745s] -- Installing: /home/themountaintree/workspace/ros2_ws/install/orbbec_camera/share/orbbec_camera//launch/multi_lidar.launch.py
[62.745s] -- Installing: /home/themountaintree/workspace/ros2_ws/install/orbbec_camera/share/orbbec_camera//launch/orbbec_multicamera.launch.py
[62.745s] -- Installing: /home/themountaintree/workspace/ros2_ws/install/orbbec_camera/share/orbbec_camera//launch/dabai_al.launch.py
[62.745s] -- Installing: /home/themountaintree/workspace/ros2_ws/install/orbbec_camera/share/orbbec_camera//launch/utils_yaml.py
[62.745s] -- Installing: /home/themountaintree/workspace/ros2_ws/install/orbbec_camera/share/orbbec_camera//launch/gemini435_le.launch.py
[62.746s] -- Installing: /home/themountaintree/workspace/ros2_ws/install/orbbec_camera/share/orbbec_camera//launch/orbbec_camera.launch.py
[62.746s] -- Installing: /home/themountaintree/workspace/ros2_ws/install/orbbec_camera/share/orbbec_camera//launch/dabai_dcw2.launch.py
[62.746s] -- Installing: /home/themountaintree/workspace/ros2_ws/install/orbbec_camera/share/orbbec_camera//launch/lidar.launch.py
[62.746s] -- Installing: /home/themountaintree/workspace/ros2_ws/install/orbbec_camera/share/orbbec_camera//launch/gemini345.launch.py
[62.746s] -- Installing: /home/themountaintree/workspace/ros2_ws/install/orbbec_camera/share/orbbec_camera//config
[62.747s] -- Installing: /home/themountaintree/workspace/ros2_ws/install/orbbec_camera/share/orbbec_camera//config/camera_params.yaml
[62.747s] -- Installing: /home/themountaintree/workspace/ros2_ws/install/orbbec_camera/share/orbbec_camera//config/OrbbecSDKConfig_v2.0.xml
[62.748s] -- Installing: /home/themountaintree/workspace/ros2_ws/install/orbbec_camera/share/orbbec_camera//config/common.yaml
[62.748s] -- Installing: /home/themountaintree/workspace/ros2_ws/install/orbbec_camera/share/orbbec_camera//config/femto_bolt.yaml
[62.748s] -- Installing: /home/themountaintree/workspace/ros2_ws/install/orbbec_camera/share/orbbec_camera//config/femto.yaml
[62.748s] -- Installing: /home/themountaintree/workspace/ros2_ws/install/orbbec_camera/share/orbbec_camera//config/gemini2.yaml
[62.749s] -- Installing: /home/themountaintree/workspace/ros2_ws/install/orbbec_camera/share/orbbec_camera//config/astra2.yaml
[62.749s] -- Installing: /home/themountaintree/workspace/ros2_ws/install/orbbec_camera/share/orbbec_camera//config/gemini330Lg_series.yaml
[62.749s] -- Installing: /home/themountaintree/workspace/ros2_ws/install/orbbec_camera/share/orbbec_camera//config/.gitkeep
[62.749s] -- Installing: /home/themountaintree/workspace/ros2_ws/install/orbbec_camera/share/orbbec_camera//config/femto_mega.yaml
[62.749s] -- Installing: /home/themountaintree/workspace/ros2_ws/install/orbbec_camera/share/orbbec_camera//config/depthfilter
[62.749s] -- Installing: /home/themountaintree/workspace/ros2_ws/install/orbbec_camera/share/orbbec_camera//config/depthfilter/Gemini2_v1.7.json
[62.750s] -- Installing: /home/themountaintree/workspace/ros2_ws/install/orbbec_camera/share/orbbec_camera//config/depthfilter/Openni_device.json
[62.750s] -- Installing: /home/themountaintree/workspace/ros2_ws/install/orbbec_camera/share/orbbec_camera//config/tools
[62.750s] -- Installing: /home/themountaintree/workspace/ros2_ws/install/orbbec_camera/share/orbbec_camera//config/tools/startbenchmark
[62.750s] -- Installing: /home/themountaintree/workspace/ros2_ws/install/orbbec_camera/share/orbbec_camera//config/tools/startbenchmark/start_benchmark_params.json
[62.750s] -- Installing: /home/themountaintree/workspace/ros2_ws/install/orbbec_camera/share/orbbec_camera//config/tools/multisavergbir
[62.750s] -- Installing: /home/themountaintree/workspace/ros2_ws/install/orbbec_camera/share/orbbec_camera//config/tools/multisavergbir/multi_save_rgbir_params.json
[62.750s] -- Installing: /home/themountaintree/workspace/ros2_ws/install/orbbec_camera/share/orbbec_camera//config/gemini2L.yaml
[62.751s] -- Installing: /home/themountaintree/workspace/ros2_ws/install/orbbec_camera/share/orbbec_camera//config/camera_secondary_params.yaml
[62.751s] -- Installing: /home/themountaintree/workspace/ros2_ws/install/orbbec_camera/share/orbbec_camera//config/gemini330_series.yaml
[62.751s] -- Installing: /home/themountaintree/workspace/ros2_ws/install/orbbec_camera/share/orbbec_camera//examples
[62.751s] -- Installing: /home/themountaintree/workspace/ros2_ws/install/orbbec_camera/share/orbbec_camera//examples/multi_camera_synced_verification_tool
[62.751s] -- Installing: /home/themountaintree/workspace/ros2_ws/install/orbbec_camera/share/orbbec_camera//examples/multi_camera_synced_verification_tool/multi_camera_synced_verify.launch.py
[62.751s] -- Installing: /home/themountaintree/workspace/ros2_ws/install/orbbec_camera/share/orbbec_camera//examples/multi_camera_synced_verification_tool/gemini_330_series_synced_verify.launch.py
[62.752s] -- Installing: /home/themountaintree/workspace/ros2_ws/install/orbbec_camera/share/orbbec_camera//examples/multi_camera_synced_verification_tool/gemini_synced_verify.launch.py
[62.752s] -- Installing: /home/themountaintree/workspace/ros2_ws/install/orbbec_camera/share/orbbec_camera//examples/multi_camera_synced_verification_tool/multicamera_sync
[62.752s] -- Installing: /home/themountaintree/workspace/ros2_ws/install/orbbec_camera/share/orbbec_camera//examples/multi_camera_synced_verification_tool/multicamera_sync/Python
[62.752s] -- Installing: /home/themountaintree/workspace/ros2_ws/install/orbbec_camera/share/orbbec_camera//examples/multi_camera_synced_verification_tool/multicamera_sync/Python/SyncFramesMain.py
[62.752s] -- Installing: /home/themountaintree/workspace/ros2_ws/install/orbbec_camera/share/orbbec_camera//examples/multi_camera_synced_verification_tool/multicamera_sync/Python/README.md
[62.753s] -- Installing: /home/themountaintree/workspace/ros2_ws/install/orbbec_camera/share/orbbec_camera//examples/multi_camera_synced_verification_tool/multicamera_sync/Python/Config.ini
[62.753s] -- Installing: /home/themountaintree/workspace/ros2_ws/install/orbbec_camera/share/orbbec_camera//examples/multi_camera_synced_verification_tool/multicamera_sync/Python/script
[62.753s] -- Installing: /home/themountaintree/workspace/ros2_ws/install/orbbec_camera/share/orbbec_camera//examples/multi_camera_synced_verification_tool/multicamera_sync/Python/script/config_frameMatch-Astra2_new.py
[62.753s] -- Installing: /home/themountaintree/workspace/ros2_ws/install/orbbec_camera/share/orbbec_camera//examples/multi_camera_synced_verification_tool/multicamera_sync/Python/script/config_frameMatch_g330.py
[62.754s] -- Installing: /home/themountaintree/workspace/ros2_ws/install/orbbec_camera/share/orbbec_camera//examples/multi_camera_synced_verification_tool/multicamera_sync/Python/script/config_frameMatch.py
[62.754s] -- Installing: /home/themountaintree/workspace/ros2_ws/install/orbbec_camera/share/orbbec_camera//examples/multi_camera_synced_verification_tool/multicamera_sync/Python/script/config_frameMatch-systemTimestamp.py
[62.754s] -- Installing: /home/themountaintree/workspace/ros2_ws/install/orbbec_camera/share/orbbec_camera//examples/multi_camera_synced_verification_tool/multicamera_sync/Python/script/config_frameMatch_Gemini2VL.py
[62.754s] -- Installing: /home/themountaintree/workspace/ros2_ws/install/orbbec_camera/share/orbbec_camera//examples/multi_camera_synced_verification_tool/multicamera_sync/output
[62.755s] -- Installing: /home/themountaintree/workspace/ros2_ws/install/orbbec_camera/share/orbbec_camera//examples/multi_camera_synced_verification_tool/multicamera_sync/output/20250218102900
[62.755s] -- Installing: /home/themountaintree/workspace/ros2_ws/install/orbbec_camera/share/orbbec_camera//examples/multi_camera_synced_verification_tool/multicamera_sync/output/20250218102900/DevicesInfo.txt
[62.755s] -- Installing: /home/themountaintree/workspace/ros2_ws/install/orbbec_camera/share/orbbec_camera//examples/multi_camera_synced_verification_tool/multicamera_sync/output/20250218102900/StreamProfileInfo.txt
[62.755s] -- Installing: /home/themountaintree/workspace/ros2_ws/install/orbbec_camera/share/orbbec_camera//examples/multi_camera_synced_verification_tool/multicamera_sync/output/20250218102900/results-2025-02-25_163648
[62.755s] -- Installing: /home/themountaintree/workspace/ros2_ws/install/orbbec_camera/share/orbbec_camera//examples/multi_camera_synced_verification_tool/multicamera_sync/output/20250218102900/results-2025-02-25_163648/matchFrames
[62.755s] -- Installing: /home/themountaintree/workspace/ros2_ws/install/orbbec_camera/share/orbbec_camera//examples/multi_camera_synced_verification_tool/multicamera_sync/output/20250218102900/results-2025-02-25_163648/matchFrames/0_ir_left_SNCP1E5420006D_Index0_1739874543527_[0].jpg
[62.756s] -- Installing: /home/themountaintree/workspace/ros2_ws/install/orbbec_camera/share/orbbec_camera//examples/multi_camera_synced_verification_tool/multicamera_sync/output/20250218102900/results-2025-02-25_163648/matchFrames/10_ir_left_SNCP1L44P00051_Index1_1739874543227_[0].jpg
[62.756s] -- Installing: /home/themountaintree/workspace/ros2_ws/install/orbbec_camera/share/orbbec_camera//examples/multi_camera_synced_verification_tool/multicamera_sync/output/20250218102900/results-2025-02-25_163648/matchFrames/5_ir_left_SNCP1E5420006D_Index0_1739874543327_[0].jpg
[62.757s] -- Installing: /home/themountaintree/workspace/ros2_ws/install/orbbec_camera/share/orbbec_camera//examples/multi_camera_synced_verification_tool/multicamera_sync/output/20250218102900/results-2025-02-25_163648/matchFrames/2_ir_left_SNCP1L44P00051_Index1_1739874543460_[0].jpg
[62.757s] -- Installing: /home/themountaintree/workspace/ros2_ws/install/orbbec_camera/share/orbbec_camera//examples/multi_camera_synced_verification_tool/multicamera_sync/output/20250218102900/results-2025-02-25_163648/matchFrames/8_color_SNCP1L44P00051_Index1_1739874543293_[0].jpg
[62.758s] -- Installing: /home/themountaintree/workspace/ros2_ws/install/orbbec_camera/share/orbbec_camera//examples/multi_camera_synced_verification_tool/multicamera_sync/output/20250218102900/results-2025-02-25_163648/matchFrames/5_color_SNCP1E5420006D_Index0_1739874543327_[0].jpg
[62.760s] -- Installing: /home/themountaintree/workspace/ros2_ws/install/orbbec_camera/share/orbbec_camera//examples/multi_camera_synced_verification_tool/multicamera_sync/output/20250218102900/results-2025-02-25_163648/matchFrames/7_color_SNCP1E5420006D_Index0_1739874543427_[0].jpg
[62.761s] -- Installing: /home/themountaintree/workspace/ros2_ws/install/orbbec_camera/share/orbbec_camera//examples/multi_camera_synced_verification_tool/multicamera_sync/output/20250218102900/results-2025-02-25_163648/matchFrames/1_color_SNCP1E5420006D_Index0_1739874543494_[0].jpg
[62.762s] -- Installing: /home/themountaintree/workspace/ros2_ws/install/orbbec_camera/share/orbbec_camera//examples/multi_camera_synced_verification_tool/multicamera_sync/output/20250218102900/results-2025-02-25_163648/matchFrames/9_ir_left_SNCP1L44P00051_Index1_1739874543394_[1].jpg
[62.762s] -- Installing: /home/themountaintree/workspace/ros2_ws/install/orbbec_camera/share/orbbec_camera//examples/multi_camera_synced_verification_tool/multicamera_sync/output/20250218102900/results-2025-02-25_163648/matchFrames/8_ir_left_SNCP1L44P00051_Index1_1739874543294_[1].jpg
[62.763s] -- Installing: /home/themountaintree/workspace/ros2_ws/install/orbbec_camera/share/orbbec_camera//examples/multi_camera_synced_verification_tool/multicamera_sync/output/20250218102900/results-2025-02-25_163648/matchFrames/7_color_SNCP1L44P00051_Index1_1739874543427_[0].jpg
[62.764s] -- Installing: /home/themountaintree/workspace/ros2_ws/install/orbbec_camera/share/orbbec_camera//examples/multi_camera_synced_verification_tool/multicamera_sync/output/20250218102900/results-2025-02-25_163648/matchFrames/3_ir_left_SNCP1L44P00051_Index1_1739874543260_[0].jpg
[62.764s] -- Installing: /home/themountaintree/workspace/ros2_ws/install/orbbec_camera/share/orbbec_camera//examples/multi_camera_synced_verification_tool/multicamera_sync/output/20250218102900/results-2025-02-25_163648/matchFrames/7_ir_left_SNCP1L44P00051_Index1_1739874543427_[0].jpg
[62.765s] -- Installing: /home/themountaintree/workspace/ros2_ws/install/orbbec_camera/share/orbbec_camera//examples/multi_camera_synced_verification_tool/multicamera_sync/output/20250218102900/results-2025-02-25_163648/matchFrames/4_color_SNCP1L44P00051_Index1_1739874543360_[0].jpg
[62.766s] -- Installing: /home/themountaintree/workspace/ros2_ws/install/orbbec_camera/share/orbbec_camera//examples/multi_camera_synced_verification_tool/multicamera_sync/output/20250218102900/results-2025-02-25_163648/matchFrames/5_ir_left_SNCP1L44P00051_Index1_1739874543327_[0].jpg
[62.766s] -- Installing: /home/themountaintree/workspace/ros2_ws/install/orbbec_camera/share/orbbec_camera//examples/multi_camera_synced_verification_tool/multicamera_sync/output/20250218102900/results-2025-02-25_163648/matchFrames/0_color_SNCP1E5420006D_Index0_1739874543527_[0].jpg
[62.767s] -- Installing: /home/themountaintree/workspace/ros2_ws/install/orbbec_camera/share/orbbec_camera//examples/multi_camera_synced_verification_tool/multicamera_sync/output/20250218102900/results-2025-02-25_163648/matchFrames/5_color_SNCP1L44P00051_Index1_1739874543327_[0].jpg
[62.768s] -- Installing: /home/themountaintree/workspace/ros2_ws/install/orbbec_camera/share/orbbec_camera//examples/multi_camera_synced_verification_tool/multicamera_sync/output/20250218102900/results-2025-02-25_163648/matchFrames/9_color_SNCP1L44P00051_Index1_1739874543393_[0].jpg
[62.770s] -- Installing: /home/themountaintree/workspace/ros2_ws/install/orbbec_camera/share/orbbec_camera//examples/multi_camera_synced_verification_tool/multicamera_sync/output/20250218102900/results-2025-02-25_163648/matchFrames/0_ir_left_SNCP1L44P00051_Index1_1739874543527_[0].jpg
[62.770s] -- Installing: /home/themountaintree/workspace/ros2_ws/install/orbbec_camera/share/orbbec_camera//examples/multi_camera_synced_verification_tool/multicamera_sync/output/20250218102900/results-2025-02-25_163648/matchFrames/10_ir_left_SNCP1E5420006D_Index0_1739874543227_[0].jpg
[62.771s] -- Installing: /home/themountaintree/workspace/ros2_ws/install/orbbec_camera/share/orbbec_camera//examples/multi_camera_synced_verification_tool/multicamera_sync/output/20250218102900/results-2025-02-25_163648/matchFrames/9_color_SNCP1E5420006D_Index0_1739874543394_[1].jpg
[62.772s] -- Installing: /home/themountaintree/workspace/ros2_ws/install/orbbec_camera/share/orbbec_camera//examples/multi_camera_synced_verification_tool/multicamera_sync/output/20250218102900/results-2025-02-25_163648/matchFrames/1_ir_left_SNCP1E5420006D_Index0_1739874543494_[0].jpg
[62.772s] -- Installing: /home/themountaintree/workspace/ros2_ws/install/orbbec_camera/share/orbbec_camera//examples/multi_camera_synced_verification_tool/multicamera_sync/output/20250218102900/results-2025-02-25_163648/matchFrames/3_color_SNCP1L44P00051_Index1_1739874543260_[0].jpg
[62.773s] -- Installing: /home/themountaintree/workspace/ros2_ws/install/orbbec_camera/share/orbbec_camera//examples/multi_camera_synced_verification_tool/multicamera_sync/output/20250218102900/results-2025-02-25_163648/matchFrames/2_color_SNCP1E5420006D_Index0_1739874543461_[1].jpg
[62.775s] -- Installing: /home/themountaintree/workspace/ros2_ws/install/orbbec_camera/share/orbbec_camera//examples/multi_camera_synced_verification_tool/multicamera_sync/output/20250218102900/results-2025-02-25_163648/matchFrames/6_ir_left_SNCP1L44P00051_Index1_1739874543560_[0].jpg
[62.775s] -- Installing: /home/themountaintree/workspace/ros2_ws/install/orbbec_camera/share/orbbec_camera//examples/multi_camera_synced_verification_tool/multicamera_sync/output/20250218102900/results-2025-02-25_163648/matchFrames/4_ir_left_SNCP1E5420006D_Index0_1739874543361_[1].jpg
[62.775s] -- Installing: /home/themountaintree/workspace/ros2_ws/install/orbbec_camera/share/orbbec_camera//examples/multi_camera_synced_verification_tool/multicamera_sync/output/20250218102900/results-2025-02-25_163648/matchFrames/10_color_SNCP1E5420006D_Index0_1739874543227_[0].jpg
[62.777s] -- Installing: /home/themountaintree/workspace/ros2_ws/install/orbbec_camera/share/orbbec_camera//examples/multi_camera_synced_verification_tool/multicamera_sync/output/20250218102900/results-2025-02-25_163648/matchFrames/1_color_SNCP1L44P00051_Index1_1739874543494_[0].jpg
[62.778s] -- Installing: /home/themountaintree/workspace/ros2_ws/install/orbbec_camera/share/orbbec_camera//examples/multi_camera_synced_verification_tool/multicamera_sync/output/20250218102900/results-2025-02-25_163648/matchFrames/8_color_SNCP1E5420006D_Index0_1739874543294_[1].jpg
[62.779s] -- Installing: /home/themountaintree/workspace/ros2_ws/install/orbbec_camera/share/orbbec_camera//examples/multi_camera_synced_verification_tool/multicamera_sync/output/20250218102900/results-2025-02-25_163648/matchFrames/6_ir_left_SNCP1E5420006D_Index0_1739874543561_[1].jpg
[62.779s] -- Installing: /home/themountaintree/workspace/ros2_ws/install/orbbec_camera/share/orbbec_camera//examples/multi_camera_synced_verification_tool/multicamera_sync/output/20250218102900/results-2025-02-25_163648/matchFrames/6_color_SNCP1L44P00051_Index1_1739874543560_[0].jpg
[62.781s] -- Installing: /home/themountaintree/workspace/ros2_ws/install/orbbec_camera/share/orbbec_camera//examples/multi_camera_synced_verification_tool/multicamera_sync/output/20250218102900/results-2025-02-25_163648/matchFrames/0_color_SNCP1L44P00051_Index1_1739874543527_[0].jpg
[62.782s] -- Installing: /home/themountaintree/workspace/ros2_ws/install/orbbec_camera/share/orbbec_camera//examples/multi_camera_synced_verification_tool/multicamera_sync/output/20250218102900/results-2025-02-25_163648/matchFrames/10_color_SNCP1L44P00051_Index1_1739874543227_[0].jpg
[62.783s] -- Installing: /home/themountaintree/workspace/ros2_ws/install/orbbec_camera/share/orbbec_camera//examples/multi_camera_synced_verification_tool/multicamera_sync/output/20250218102900/results-2025-02-25_163648/matchFrames/3_ir_left_SNCP1E5420006D_Index0_1739874543260_[0].jpg
[62.783s] -- Installing: /home/themountaintree/workspace/ros2_ws/install/orbbec_camera/share/orbbec_camera//examples/multi_camera_synced_verification_tool/multicamera_sync/output/20250218102900/results-2025-02-25_163648/matchFrames/8_ir_left_SNCP1E5420006D_Index0_1739874543294_[1].jpg
[62.784s] -- Installing: /home/themountaintree/workspace/ros2_ws/install/orbbec_camera/share/orbbec_camera//examples/multi_camera_synced_verification_tool/multicamera_sync/output/20250218102900/results-2025-02-25_163648/matchFrames/9_ir_left_SNCP1E5420006D_Index0_1739874543394_[1].jpg
[62.784s] -- Installing: /home/themountaintree/workspace/ros2_ws/install/orbbec_camera/share/orbbec_camera//examples/multi_camera_synced_verification_tool/multicamera_sync/output/20250218102900/results-2025-02-25_163648/matchFrames/4_ir_left_SNCP1L44P00051_Index1_1739874543360_[0].jpg
[62.785s] -- Installing: /home/themountaintree/workspace/ros2_ws/install/orbbec_camera/share/orbbec_camera//examples/multi_camera_synced_verification_tool/multicamera_sync/output/20250218102900/results-2025-02-25_163648/matchFrames/2_ir_left_SNCP1E5420006D_Index0_1739874543461_[1].jpg
[62.785s] -- Installing: /home/themountaintree/workspace/ros2_ws/install/orbbec_camera/share/orbbec_camera//examples/multi_camera_synced_verification_tool/multicamera_sync/output/20250218102900/results-2025-02-25_163648/matchFrames/4_color_SNCP1E5420006D_Index0_1739874543360_[0].jpg
[62.786s] -- Installing: /home/themountaintree/workspace/ros2_ws/install/orbbec_camera/share/orbbec_camera//examples/multi_camera_synced_verification_tool/multicamera_sync/output/20250218102900/results-2025-02-25_163648/matchFrames/6_color_SNCP1E5420006D_Index0_1739874543561_[1].jpg
[62.787s] -- Installing: /home/themountaintree/workspace/ros2_ws/install/orbbec_camera/share/orbbec_camera//examples/multi_camera_synced_verification_tool/multicamera_sync/output/20250218102900/results-2025-02-25_163648/matchFrames/2_color_SNCP1L44P00051_Index1_1739874543460_[0].jpg
[62.789s] -- Installing: /home/themountaintree/workspace/ros2_ws/install/orbbec_camera/share/orbbec_camera//examples/multi_camera_synced_verification_tool/multicamera_sync/output/20250218102900/results-2025-02-25_163648/matchFrames/7_ir_left_SNCP1E5420006D_Index0_1739874543427_[0].jpg
[62.789s] -- Installing: /home/themountaintree/workspace/ros2_ws/install/orbbec_camera/share/orbbec_camera//examples/multi_camera_synced_verification_tool/multicamera_sync/output/20250218102900/results-2025-02-25_163648/matchFrames/3_color_SNCP1E5420006D_Index0_1739874543260_[0].jpg
[62.790s] -- Installing: /home/themountaintree/workspace/ros2_ws/install/orbbec_camera/share/orbbec_camera//examples/multi_camera_synced_verification_tool/multicamera_sync/output/20250218102900/results-2025-02-25_163648/matchFrames/1_ir_left_SNCP1L44P00051_Index1_1739874543494_[0].jpg
[62.791s] -- Installing: /home/themountaintree/workspace/ros2_ws/install/orbbec_camera/share/orbbec_camera//examples/multi_camera_synced_verification_tool/multicamera_sync/output/20250218102900/results-2025-02-25_163648/frameMatchLog.txt
[62.791s] -- Installing: /home/themountaintree/workspace/ros2_ws/install/orbbec_camera/share/orbbec_camera//examples/multi_camera_synced_verification_tool/multicamera_sync/output/20250218102900/TotalModeFrames
[62.791s] -- Installing: /home/themountaintree/workspace/ros2_ws/install/orbbec_camera/share/orbbec_camera//examples/multi_camera_synced_verification_tool/multicamera_sync/output/20250218102900/TotalModeFrames/SNCP1L44P00051_Index1
[62.791s] -- Installing: /home/themountaintree/workspace/ros2_ws/install/orbbec_camera/share/orbbec_camera//examples/multi_camera_synced_verification_tool/multicamera_sync/output/20250218102900/TotalModeFrames/SNCP1L44P00051_Index1/color_SNCP1L44P00051_Index1_g1739874543527_f9_s1739874543616_e50_d16_.jpg
[62.793s] -- Installing: /home/themountaintree/workspace/ros2_ws/install/orbbec_camera/share/orbbec_camera//examples/multi_camera_synced_verification_tool/multicamera_sync/output/20250218102900/TotalModeFrames/SNCP1L44P00051_Index1/ir#left_SNCP1L44P00051_Index1_g1739874543394_f5_s1739874543661_e5000_d16_.jpg
[62.793s] -- Installing: /home/themountaintree/workspace/ros2_ws/install/orbbec_camera/share/orbbec_camera//examples/multi_camera_synced_verification_tool/multicamera_sync/output/20250218102900/TotalModeFrames/SNCP1L44P00051_Index1/ir#left_SNCP1L44P00051_Index1_g1739874543460_f7_s1739874543685_e5000_d16_.jpg
[62.794s] -- Installing: /home/themountaintree/workspace/ros2_ws/install/orbbec_camera/share/orbbec_camera//examples/multi_camera_synced_verification_tool/multicamera_sync/output/20250218102900/TotalModeFrames/SNCP1L44P00051_Index1/color_SNCP1L44P00051_Index1_g1739874543360_f4_s1739874543468_e50_d16_.jpg
[62.795s] -- Installing: /home/themountaintree/workspace/ros2_ws/install/orbbec_camera/share/orbbec_camera//examples/multi_camera_synced_verification_tool/multicamera_sync/output/20250218102900/TotalModeFrames/SNCP1L44P00051_Index1/ir#left_SNCP1L44P00051_Index1_g1739874543560_f11_s1739874543687_e5000_d16_.jpg
[62.795s] -- Installing: /home/themountaintree/workspace/ros2_ws/install/orbbec_camera/share/orbbec_camera//examples/multi_camera_synced_verification_tool/multicamera_sync/output/20250218102900/TotalModeFrames/SNCP1L44P00051_Index1/color_SNCP1L44P00051_Index1_g1739874543227_f0_s1739874543304_e50_d16_.jpg
[62.797s] -- Installing: /home/themountaintree/workspace/ros2_ws/install/orbbec_camera/share/orbbec_camera//examples/multi_camera_synced_verification_tool/multicamera_sync/output/20250218102900/TotalModeFrames/SNCP1L44P00051_Index1/ir#left_SNCP1L44P00051_Index1_g1739874543360_f4_s1739874543460_e5000_d16_.jpg
[62.797s] -- Installing: /home/themountaintree/workspace/ros2_ws/install/orbbec_camera/share/orbbec_camera//examples/multi_camera_synced_verification_tool/multicamera_sync/output/20250218102900/TotalModeFrames/SNCP1L44P00051_Index1/ir#left_SNCP1L44P00051_Index1_g1739874543494_f8_s1739874543687_e5000_d16_.jpg
[62.798s] -- Installing: /home/themountaintree/workspace/ros2_ws/install/orbbec_camera/share/orbbec_camera//examples/multi_camera_synced_verification_tool/multicamera_sync/output/20250218102900/TotalModeFrames/SNCP1L44P00051_Index1/color_SNCP1L44P00051_Index1_g1739874543494_f8_s1739874543540_e50_d16_.jpg
[62.799s] -- Installing: /home/themountaintree/workspace/ros2_ws/install/orbbec_camera/share/orbbec_camera//examples/multi_camera_synced_verification_tool/multicamera_sync/output/20250218102900/TotalModeFrames/SNCP1L44P00051_Index1/color_SNCP1L44P00051_Index1_g1739874543427_f6_s1739874543485_e50_d16_.jpg
[62.800s] -- Installing: /home/themountaintree/workspace/ros2_ws/install/orbbec_camera/share/orbbec_camera//examples/multi_camera_synced_verification_tool/multicamera_sync/output/20250218102900/TotalModeFrames/SNCP1L44P00051_Index1/ir#left_SNCP1L44P00051_Index1_g1739874543294_f2_s1739874543319_e5000_d16_.jpg
[62.800s] -- Installing: /home/themountaintree/workspace/ros2_ws/install/orbbec_camera/share/orbbec_camera//examples/multi_camera_synced_verification_tool/multicamera_sync/output/20250218102900/TotalModeFrames/SNCP1L44P00051_Index1/ir#left_SNCP1L44P00051_Index1_g1739874543427_f6_s1739874543684_e5000_d16_.jpg
[62.801s] -- Installing: /home/themountaintree/workspace/ros2_ws/install/orbbec_camera/share/orbbec_camera//examples/multi_camera_synced_verification_tool/multicamera_sync/output/20250218102900/TotalModeFrames/SNCP1L44P00051_Index1/color_SNCP1L44P00051_Index1_g1739874543460_f7_s1739874543505_e50_d16_.jpg
[62.802s] -- Installing: /home/themountaintree/workspace/ros2_ws/install/orbbec_camera/share/orbbec_camera//examples/multi_camera_synced_verification_tool/multicamera_sync/output/20250218102900/TotalModeFrames/SNCP1L44P00051_Index1/color_SNCP1L44P00051_Index1_g1739874543393_f5_s1739874543470_e50_d16_.jpg
[62.803s] -- Installing: /home/themountaintree/workspace/ros2_ws/install/orbbec_camera/share/orbbec_camera//examples/multi_camera_synced_verification_tool/multicamera_sync/output/20250218102900/TotalModeFrames/SNCP1L44P00051_Index1/ir#left_SNCP1L44P00051_Index1_g1739874543527_f10_s1739874543687_e5000_d16_.jpg
[62.804s] -- Installing: /home/themountaintree/workspace/ros2_ws/install/orbbec_camera/share/orbbec_camera//examples/multi_camera_synced_verification_tool/multicamera_sync/output/20250218102900/TotalModeFrames/SNCP1L44P00051_Index1/ir#left_SNCP1L44P00051_Index1_g1739874543327_f3_s1739874543460_e5000_d16_.jpg
[62.804s] -- Installing: /home/themountaintree/workspace/ros2_ws/install/orbbec_camera/share/orbbec_camera//examples/multi_camera_synced_verification_tool/multicamera_sync/output/20250218102900/TotalModeFrames/SNCP1L44P00051_Index1/color_SNCP1L44P00051_Index1_g1739874543293_f2_s1739874543446_e50_d16_.jpg
[62.806s] -- Installing: /home/themountaintree/workspace/ros2_ws/install/orbbec_camera/share/orbbec_camera//examples/multi_camera_synced_verification_tool/multicamera_sync/output/20250218102900/TotalModeFrames/SNCP1L44P00051_Index1/ir#left_SNCP1L44P00051_Index1_g1739874543260_f1_s1739874543294_e5000_d16_.jpg
[62.806s] -- Installing: /home/themountaintree/workspace/ros2_ws/install/orbbec_camera/share/orbbec_camera//examples/multi_camera_synced_verification_tool/multicamera_sync/output/20250218102900/TotalModeFrames/SNCP1L44P00051_Index1/color_SNCP1L44P00051_Index1_g1739874543327_f3_s1739874543458_e50_d16_.jpg
[62.807s] -- Installing: /home/themountaintree/workspace/ros2_ws/install/orbbec_camera/share/orbbec_camera//examples/multi_camera_synced_verification_tool/multicamera_sync/output/20250218102900/TotalModeFrames/SNCP1L44P00051_Index1/color_SNCP1L44P00051_Index1_g1739874543560_f10_s1739874543618_e50_d16_.jpg
[62.809s] -- Installing: /home/themountaintree/workspace/ros2_ws/install/orbbec_camera/share/orbbec_camera//examples/multi_camera_synced_verification_tool/multicamera_sync/output/20250218102900/TotalModeFrames/SNCP1L44P00051_Index1/color_SNCP1L44P00051_Index1_g1739874543260_f1_s1739874543345_e50_d16_.jpg
[62.810s] -- Installing: /home/themountaintree/workspace/ros2_ws/install/orbbec_camera/share/orbbec_camera//examples/multi_camera_synced_verification_tool/multicamera_sync/output/20250218102900/TotalModeFrames/SNCP1L44P00051_Index1/ir#left_SNCP1L44P00051_Index1_g1739874543227_f0_s1739874543250_e5000_d16_.jpg
[62.811s] -- Installing: /home/themountaintree/workspace/ros2_ws/install/orbbec_camera/share/orbbec_camera//examples/multi_camera_synced_verification_tool/multicamera_sync/output/20250218102900/TotalModeFrames/SNCP1E5420006D_Index0
[62.811s] -- Installing: /home/themountaintree/workspace/ros2_ws/install/orbbec_camera/share/orbbec_camera//examples/multi_camera_synced_verification_tool/multicamera_sync/output/20250218102900/TotalModeFrames/SNCP1E5420006D_Index0/ir#left_SNCP1E5420006D_Index0_g1739874543427_f6_s1739874543474_e5000_d16_.jpg
[62.811s] -- Installing: /home/themountaintree/workspace/ros2_ws/install/orbbec_camera/share/orbbec_camera//examples/multi_camera_synced_verification_tool/multicamera_sync/output/20250218102900/TotalModeFrames/SNCP1E5420006D_Index0/ir#left_SNCP1E5420006D_Index0_g1739874543327_f3_s1739874543393_e5000_d16_.jpg
[62.812s] -- Installing: /home/themountaintree/workspace/ros2_ws/install/orbbec_camera/share/orbbec_camera//examples/multi_camera_synced_verification_tool/multicamera_sync/output/20250218102900/TotalModeFrames/SNCP1E5420006D_Index0/color_SNCP1E5420006D_Index0_g1739874543527_f9_s1739874543603_e50_d16_.jpg
[62.813s] -- Installing: /home/themountaintree/workspace/ros2_ws/install/orbbec_camera/share/orbbec_camera//examples/multi_camera_synced_verification_tool/multicamera_sync/output/20250218102900/TotalModeFrames/SNCP1E5420006D_Index0/color_SNCP1E5420006D_Index0_g1739874543260_f1_s1739874543351_e50_d16_.jpg
[62.815s] -- Installing: /home/themountaintree/workspace/ros2_ws/install/orbbec_camera/share/orbbec_camera//examples/multi_camera_synced_verification_tool/multicamera_sync/output/20250218102900/TotalModeFrames/SNCP1E5420006D_Index0/ir#left_SNCP1E5420006D_Index0_g1739874543294_f2_s1739874543329_e5000_d16_.jpg
[62.815s] -- Installing: /home/themountaintree/workspace/ros2_ws/install/orbbec_camera/share/orbbec_camera//examples/multi_camera_synced_verification_tool/multicamera_sync/output/20250218102900/TotalModeFrames/SNCP1E5420006D_Index0/color_SNCP1E5420006D_Index0_g1739874543561_f10_s1739874543648_e50_d16_.jpg
[62.817s] -- Installing: /home/themountaintree/workspace/ros2_ws/install/orbbec_camera/share/orbbec_camera//examples/multi_camera_synced_verification_tool/multicamera_sync/output/20250218102900/TotalModeFrames/SNCP1E5420006D_Index0/ir#left_SNCP1E5420006D_Index0_g1739874543260_f1_s1739874543310_e5000_d16_.jpg
[62.818s] -- Installing: /home/themountaintree/workspace/ros2_ws/install/orbbec_camera/share/orbbec_camera//examples/multi_camera_synced_verification_tool/multicamera_sync/output/20250218102900/TotalModeFrames/SNCP1E5420006D_Index0/color_SNCP1E5420006D_Index0_g1739874543494_f8_s1739874543548_e50_d16_.jpg
[62.819s] -- Installing: /home/themountaintree/workspace/ros2_ws/install/orbbec_camera/share/orbbec_camera//examples/multi_camera_synced_verification_tool/multicamera_sync/output/20250218102900/TotalModeFrames/SNCP1E5420006D_Index0/color_SNCP1E5420006D_Index0_g1739874543360_f4_s1739874543442_e50_d16_.jpg
[62.820s] -- Installing: /home/themountaintree/workspace/ros2_ws/install/orbbec_camera/share/orbbec_camera//examples/multi_camera_synced_verification_tool/multicamera_sync/output/20250218102900/TotalModeFrames/SNCP1E5420006D_Index0/ir#left_SNCP1E5420006D_Index0_g1739874543494_f8_s1739874543528_e5000_d16_.jpg
[62.821s] -- Installing: /home/themountaintree/workspace/ros2_ws/install/orbbec_camera/share/orbbec_camera//examples/multi_camera_synced_verification_tool/multicamera_sync/output/20250218102900/TotalModeFrames/SNCP1E5420006D_Index0/color_SNCP1E5420006D_Index0_g1739874543294_f2_s1739874543359_e50_d16_.jpg
[62.823s] -- Installing: /home/themountaintree/workspace/ros2_ws/install/orbbec_camera/share/orbbec_camera//examples/multi_camera_synced_verification_tool/multicamera_sync/output/20250218102900/TotalModeFrames/SNCP1E5420006D_Index0/ir#left_SNCP1E5420006D_Index0_g1739874543394_f5_s1739874543473_e5000_d16_.jpg
[62.823s] -- Installing: /home/themountaintree/workspace/ros2_ws/install/orbbec_camera/share/orbbec_camera//examples/multi_camera_synced_verification_tool/multicamera_sync/output/20250218102900/TotalModeFrames/SNCP1E5420006D_Index0/ir#left_SNCP1E5420006D_Index0_g1739874543227_f0_s1739874543250_e5000_d16_.jpg
[62.824s] -- Installing: /home/themountaintree/workspace/ros2_ws/install/orbbec_camera/share/orbbec_camera//examples/multi_camera_synced_verification_tool/multicamera_sync/output/20250218102900/TotalModeFrames/SNCP1E5420006D_Index0/ir#left_SNCP1E5420006D_Index0_g1739874543361_f4_s1739874543405_e5000_d16_.jpg
[62.825s] -- Installing: /home/themountaintree/workspace/ros2_ws/install/orbbec_camera/share/orbbec_camera//examples/multi_camera_synced_verification_tool/multicamera_sync/output/20250218102900/TotalModeFrames/SNCP1E5420006D_Index0/ir#left_SNCP1E5420006D_Index0_g1739874543461_f7_s1739874543493_e5000_d16_.jpg
[62.825s] -- Installing: /home/themountaintree/workspace/ros2_ws/install/orbbec_camera/share/orbbec_camera//examples/multi_camera_synced_verification_tool/multicamera_sync/output/20250218102900/TotalModeFrames/SNCP1E5420006D_Index0/color_SNCP1E5420006D_Index0_g1739874543227_f0_s1739874543327_e50_d16_.jpg
[62.827s] -- Installing: /home/themountaintree/workspace/ros2_ws/install/orbbec_camera/share/orbbec_camera//examples/multi_camera_synced_verification_tool/multicamera_sync/output/20250218102900/TotalModeFrames/SNCP1E5420006D_Index0/ir#left_SNCP1E5420006D_Index0_g1739874543527_f9_s1739874543627_e5000_d16_.jpg
[62.827s] -- Installing: /home/themountaintree/workspace/ros2_ws/install/orbbec_camera/share/orbbec_camera//examples/multi_camera_synced_verification_tool/multicamera_sync/output/20250218102900/TotalModeFrames/SNCP1E5420006D_Index0/color_SNCP1E5420006D_Index0_g1739874543461_f7_s1739874543520_e50_d16_.jpg
[62.828s] -- Installing: /home/themountaintree/workspace/ros2_ws/install/orbbec_camera/share/orbbec_camera//examples/multi_camera_synced_verification_tool/multicamera_sync/output/20250218102900/TotalModeFrames/SNCP1E5420006D_Index0/ir#left_SNCP1E5420006D_Index0_g1739874543561_f10_s1739874543628_e5000_d16_.jpg
[62.829s] -- Installing: /home/themountaintree/workspace/ros2_ws/install/orbbec_camera/share/orbbec_camera//examples/multi_camera_synced_verification_tool/multicamera_sync/output/20250218102900/TotalModeFrames/SNCP1E5420006D_Index0/color_SNCP1E5420006D_Index0_g1739874543327_f3_s1739874543441_e50_d16_.jpg
[62.830s] -- Installing: /home/themountaintree/workspace/ros2_ws/install/orbbec_camera/share/orbbec_camera//examples/multi_camera_synced_verification_tool/multicamera_sync/output/20250218102900/TotalModeFrames/SNCP1E5420006D_Index0/color_SNCP1E5420006D_Index0_g1739874543427_f6_s1739874543518_e50_d16_.jpg
[62.831s] -- Installing: /home/themountaintree/workspace/ros2_ws/install/orbbec_camera/share/orbbec_camera//examples/multi_camera_synced_verification_tool/multicamera_sync/output/20250218102900/TotalModeFrames/SNCP1E5420006D_Index0/color_SNCP1E5420006D_Index0_g1739874543394_f5_s1739874543506_e50_d16_.jpg
[62.832s] -- Installing: /home/themountaintree/workspace/ros2_ws/install/orbbec_camera/share/orbbec_camera//examples/435le_new_interface
[62.832s] -- Installing: /home/themountaintree/workspace/ros2_ws/install/orbbec_camera/share/orbbec_camera//examples/435le_new_interface/camera_example_node.cpp
[62.832s] -- Installing: /home/themountaintree/workspace/ros2_ws/install/orbbec_camera/share/orbbec_camera//examples/435le_new_interface/README.MD
[62.832s] -- Installing: /home/themountaintree/workspace/ros2_ws/install/orbbec_camera/share/orbbec_camera//examples/benchmark
[62.833s] -- Installing: /home/themountaintree/workspace/ros2_ws/install/orbbec_camera/share/orbbec_camera//examples/benchmark/gemini_330_series_benchmark.launch.py
[62.833s] -- Installing: /home/themountaintree/workspace/ros2_ws/install/orbbec_camera/share/orbbec_camera//examples/benchmark/ob_benchmark_0.launch.py
[62.833s] -- Installing: /home/themountaintree/workspace/ros2_ws/install/orbbec_camera/share/orbbec_camera//examples/benchmark/ob_benchmark_1.launch.py
[62.833s] -- Installing: /home/themountaintree/workspace/ros2_ws/install/orbbec_camera/share/orbbec_camera//examples/multi_camera_time_sync
[62.833s] -- Installing: /home/themountaintree/workspace/ros2_ws/install/orbbec_camera/share/orbbec_camera//examples/multi_camera_time_sync/image_sync_example_node.cpp
[62.833s] -- Installing: /home/themountaintree/workspace/ros2_ws/install/orbbec_camera/share/orbbec_camera//examples/lower_cpu_usage
[62.833s] -- Installing: /home/themountaintree/workspace/ros2_ws/install/orbbec_camera/share/orbbec_camera//examples/lower_cpu_usage/gemini_330_series_lower_cpu_usage.launch.py
[62.834s] -- Installing: /home/themountaintree/workspace/ros2_ws/install/orbbec_camera/share/orbbec_camera//examples/lower_cpu_usage/multi_camera_lower_cpu_usage.launch.py
[62.834s] -- Installing: /home/themountaintree/workspace/ros2_ws/install/orbbec_camera/share/orbbec_camera//examples/gmsl_camera
[62.834s] -- Installing: /home/themountaintree/workspace/ros2_ws/install/orbbec_camera/share/orbbec_camera//examples/gmsl_camera/gemini_330_gmsl.launch.py
[62.835s] -- Installing: /home/themountaintree/workspace/ros2_ws/install/orbbec_camera/share/orbbec_camera//examples/gmsl_camera/multi_gmsl_camera_synced.launch.py
[62.835s] -- Installing: /home/themountaintree/workspace/ros2_ws/install/orbbec_camera/share/orbbec_camera//examples/gmsl_camera/multi_gmsl_camera.launch.py
[62.835s] -- Installing: /home/themountaintree/workspace/ros2_ws/install/orbbec_camera/share/orbbec_camera//examples/README.MD
[62.835s] -- Installing: /home/themountaintree/workspace/ros2_ws/install/orbbec_camera/share/orbbec_camera//examples/net_camera
[62.835s] -- Installing: /home/themountaintree/workspace/ros2_ws/install/orbbec_camera/share/orbbec_camera//examples/net_camera/multi_net_camera.launch.py
[62.836s] -- Up-to-date: /home/themountaintree/workspace/ros2_ws/install/orbbec_camera/include
[62.836s] -- Installing: /home/themountaintree/workspace/ros2_ws/install/orbbec_camera/include/libobsensor
[62.836s] -- Installing: /home/themountaintree/workspace/ros2_ws/install/orbbec_camera/include/libobsensor/ObSensor.hpp
[62.836s] -- Installing: /home/themountaintree/workspace/ros2_ws/install/orbbec_camera/include/libobsensor/ObSensor.h
[62.836s] -- Installing: /home/themountaintree/workspace/ros2_ws/install/orbbec_camera/include/libobsensor/hpp
[62.836s] -- Installing: /home/themountaintree/workspace/ros2_ws/install/orbbec_camera/include/libobsensor/hpp/Utils.hpp
[62.837s] -- Installing: /home/themountaintree/workspace/ros2_ws/install/orbbec_camera/include/libobsensor/hpp/Types.hpp
[62.837s] -- Installing: /home/themountaintree/workspace/ros2_ws/install/orbbec_camera/include/libobsensor/hpp/Version.hpp
[62.837s] -- Installing: /home/themountaintree/workspace/ros2_ws/install/orbbec_camera/include/libobsensor/hpp/Pipeline.hpp
[62.837s] -- Installing: /home/themountaintree/workspace/ros2_ws/install/orbbec_camera/include/libobsensor/hpp/Frame.hpp
[62.837s] -- Installing: /home/themountaintree/workspace/ros2_ws/install/orbbec_camera/include/libobsensor/hpp/Filter.hpp
[62.837s] -- Installing: /home/themountaintree/workspace/ros2_ws/install/orbbec_camera/include/libobsensor/hpp/RecordPlayback.hpp
[62.837s] -- Installing: /home/themountaintree/workspace/ros2_ws/install/orbbec_camera/include/libobsensor/hpp/Sensor.hpp
[62.837s] -- Installing: /home/themountaintree/workspace/ros2_ws/install/orbbec_camera/include/libobsensor/hpp/StreamProfile.hpp
[62.837s] -- Installing: /home/themountaintree/workspace/ros2_ws/install/orbbec_camera/include/libobsensor/hpp/TypeHelper.hpp
[62.837s] -- Installing: /home/themountaintree/workspace/ros2_ws/install/orbbec_camera/include/libobsensor/hpp/Device.hpp
[62.837s] -- Installing: /home/themountaintree/workspace/ros2_ws/install/orbbec_camera/include/libobsensor/hpp/Error.hpp
[62.837s] -- Installing: /home/themountaintree/workspace/ros2_ws/install/orbbec_camera/include/libobsensor/hpp/Context.hpp
[62.837s] -- Installing: /home/themountaintree/workspace/ros2_ws/install/orbbec_camera/include/libobsensor/h
[62.838s] -- Installing: /home/themountaintree/workspace/ros2_ws/install/orbbec_camera/include/libobsensor/h/StreamProfile.h
[62.838s] -- Installing: /home/themountaintree/workspace/ros2_ws/install/orbbec_camera/include/libobsensor/h/Utils.h
[62.838s] -- Installing: /home/themountaintree/workspace/ros2_ws/install/orbbec_camera/include/libobsensor/h/MultipleDevices.h
[62.838s] -- Installing: /home/themountaintree/workspace/ros2_ws/install/orbbec_camera/include/libobsensor/h/Device.h
[62.838s] -- Installing: /home/themountaintree/workspace/ros2_ws/install/orbbec_camera/include/libobsensor/h/Property.h
[62.838s] -- Installing: /home/themountaintree/workspace/ros2_ws/install/orbbec_camera/include/libobsensor/h/RecordPlayback.h
[62.838s] -- Installing: /home/themountaintree/workspace/ros2_ws/install/orbbec_camera/include/libobsensor/h/Advanced.h
[62.838s] -- Installing: /home/themountaintree/workspace/ros2_ws/install/orbbec_camera/include/libobsensor/h/Export.h
[62.838s] -- Installing: /home/themountaintree/workspace/ros2_ws/install/orbbec_camera/include/libobsensor/h/Pipeline.h
[62.838s] -- Installing: /home/themountaintree/workspace/ros2_ws/install/orbbec_camera/include/libobsensor/h/Error.h
[62.838s] -- Installing: /home/themountaintree/workspace/ros2_ws/install/orbbec_camera/include/libobsensor/h/ObTypes.h
[62.838s] -- Installing: /home/themountaintree/workspace/ros2_ws/install/orbbec_camera/include/libobsensor/h/Filter.h
[62.838s] -- Installing: /home/themountaintree/workspace/ros2_ws/install/orbbec_camera/include/libobsensor/h/TypeHelper.h
[62.838s] -- Installing: /home/themountaintree/workspace/ros2_ws/install/orbbec_camera/include/libobsensor/h/Version.h
[62.838s] -- Installing: /home/themountaintree/workspace/ros2_ws/install/orbbec_camera/include/libobsensor/h/Context.h
[62.838s] -- Installing: /home/themountaintree/workspace/ros2_ws/install/orbbec_camera/include/libobsensor/h/Frame.h
[62.838s] -- Installing: /home/themountaintree/workspace/ros2_ws/install/orbbec_camera/include/libobsensor/h/Sensor.h
[62.838s] -- Up-to-date: /home/themountaintree/workspace/ros2_ws/install/orbbec_camera/lib/
[62.838s] -- Installing: /home/themountaintree/workspace/ros2_ws/install/orbbec_camera/lib//extensions
[62.839s] -- Installing: /home/themountaintree/workspace/ros2_ws/install/orbbec_camera/lib//extensions/depthengine
[62.839s] -- Installing: /home/themountaintree/workspace/ros2_ws/install/orbbec_camera/lib//extensions/depthengine/libdepthengine.so
[62.839s] -- Installing: /home/themountaintree/workspace/ros2_ws/install/orbbec_camera/lib//extensions/depthengine/libdepthengine.so.2.0
[62.842s] -- Installing: /home/themountaintree/workspace/ros2_ws/install/orbbec_camera/lib//extensions/firmwareupdater
[62.842s] -- Installing: /home/themountaintree/workspace/ros2_ws/install/orbbec_camera/lib//extensions/firmwareupdater/libfirmwareupdater.so
[62.844s] -- Installing: /home/themountaintree/workspace/ros2_ws/install/orbbec_camera/lib//extensions/filters
[62.844s] -- Installing: /home/themountaintree/workspace/ros2_ws/install/orbbec_camera/lib//extensions/filters/libFilterProcessor.so
[62.846s] -- Installing: /home/themountaintree/workspace/ros2_ws/install/orbbec_camera/lib//extensions/filters/libob_priv_filter.so
[62.847s] -- Installing: /home/themountaintree/workspace/ros2_ws/install/orbbec_camera/lib//extensions/frameprocessor
[62.847s] -- Installing: /home/themountaintree/workspace/ros2_ws/install/orbbec_camera/lib//extensions/frameprocessor/libob_frame_processor.so
[62.849s] -- Installing: /home/themountaintree/workspace/ros2_ws/install/orbbec_camera/lib//libOrbbecSDK.so.2.6.3
[62.902s] -- Installing: /home/themountaintree/workspace/ros2_ws/install/orbbec_camera/lib//libOrbbecSDK.so.2
[62.902s] -- Installing: /home/themountaintree/workspace/ros2_ws/install/orbbec_camera/lib//libOrbbecSDK.so
[62.902s] -- Installing: /home/themountaintree/workspace/ros2_ws/install/orbbec_camera/lib/extensions/libdepthengine.so
[62.902s] -- Installing: /home/themountaintree/workspace/ros2_ws/install/orbbec_camera/lib/extensions/libdepthengine.so.2.0
[62.903s] -- Installing: /home/themountaintree/workspace/ros2_ws/install/orbbec_camera/lib/extensions/libFilterProcessor.so
[62.903s] -- Installing: /home/themountaintree/workspace/ros2_ws/install/orbbec_camera/lib/extensions/libob_priv_filter.so
[62.903s] -- Installing: /home/themountaintree/workspace/ros2_ws/install/orbbec_camera/lib/extensions/libfirmwareupdater.so
[62.903s] -- Installing: /home/themountaintree/workspace/ros2_ws/install/orbbec_camera/lib/extensions/libob_frame_processor.so
[62.904s] -- Installing: /home/themountaintree/workspace/ros2_ws/install/orbbec_camera/share/orbbec_camera/udev/99-obsensor-libusb.rules
[62.904s] -- Installing: /home/themountaintree/workspace/ros2_ws/install/orbbec_camera/lib/orbbec_camera/list_devices_node
[62.904s] -- Set runtime path of "/home/themountaintree/workspace/ros2_ws/install/orbbec_camera/lib/orbbec_camera/list_devices_node" to ":/home/themountaintree/workspace/ros2_ws/src/OrbbecSDK_ROS2/orbbec_camera/SDK/lib/x64"
[62.904s] -- Installing: /home/themountaintree/workspace/ros2_ws/install/orbbec_camera/lib/orbbec_camera/list_depth_work_mode_node
[62.904s] -- Set runtime path of "/home/themountaintree/workspace/ros2_ws/install/orbbec_camera/lib/orbbec_camera/list_depth_work_mode_node" to ":/home/themountaintree/workspace/ros2_ws/src/OrbbecSDK_ROS2/orbbec_camera/SDK/lib/x64"
[62.904s] -- Installing: /home/themountaintree/workspace/ros2_ws/install/orbbec_camera/lib/orbbec_camera/list_camera_profile_mode_node
[62.905s] -- Set runtime path of "/home/themountaintree/workspace/ros2_ws/install/orbbec_camera/lib/orbbec_camera/list_camera_profile_mode_node" to ":/home/themountaintree/workspace/ros2_ws/src/OrbbecSDK_ROS2/orbbec_camera/SDK/lib/x64"
[62.905s] -- Installing: /home/themountaintree/workspace/ros2_ws/install/orbbec_camera/lib/orbbec_camera/topic_statistics_node
[62.905s] -- Set runtime path of "/home/themountaintree/workspace/ros2_ws/install/orbbec_camera/lib/orbbec_camera/topic_statistics_node" to ":/home/themountaintree/workspace/ros2_ws/src/OrbbecSDK_ROS2/orbbec_camera/SDK/lib/x64"
[62.905s] -- Installing: /home/themountaintree/workspace/ros2_ws/install/orbbec_camera/lib/orbbec_camera/service_benchmark_node
[62.906s] -- Set runtime path of "/home/themountaintree/workspace/ros2_ws/install/orbbec_camera/lib/orbbec_camera/service_benchmark_node" to ":/home/themountaintree/workspace/ros2_ws/src/OrbbecSDK_ROS2/orbbec_camera/SDK/lib/x64"
[62.906s] -- Installing: /home/themountaintree/workspace/ros2_ws/install/orbbec_camera/lib/orbbec_camera/ob_benchmark_node
[62.906s] -- Set runtime path of "/home/themountaintree/workspace/ros2_ws/install/orbbec_camera/lib/orbbec_camera/ob_benchmark_node" to ":/home/themountaintree/workspace/ros2_ws/src/OrbbecSDK_ROS2/orbbec_camera/SDK/lib/x64"
[62.906s] -- Installing: /home/themountaintree/workspace/ros2_ws/install/orbbec_camera/lib/orbbec_camera/435le_example_node
[62.906s] -- Set runtime path of "/home/themountaintree/workspace/ros2_ws/install/orbbec_camera/lib/orbbec_camera/435le_example_node" to ":/home/themountaintree/workspace/ros2_ws/src/OrbbecSDK_ROS2/orbbec_camera/SDK/lib/x64"
[62.906s] -- Installing: /home/themountaintree/workspace/ros2_ws/install/orbbec_camera/lib/orbbec_camera/set_device_ip
[62.907s] -- Set runtime path of "/home/themountaintree/workspace/ros2_ws/install/orbbec_camera/lib/orbbec_camera/set_device_ip" to ":/home/themountaintree/workspace/ros2_ws/src/OrbbecSDK_ROS2/orbbec_camera/SDK/lib/x64"
[62.907s] -- Installing: /home/themountaintree/workspace/ros2_ws/install/orbbec_camera/lib/orbbec_camera/image_sync_example_node
[62.907s] -- Set runtime path of "/home/themountaintree/workspace/ros2_ws/install/orbbec_camera/lib/orbbec_camera/image_sync_example_node" to ":/home/themountaintree/workspace/ros2_ws/src/OrbbecSDK_ROS2/orbbec_camera/SDK/lib/x64"
[62.908s] -- Installing: /home/themountaintree/workspace/ros2_ws/install/orbbec_camera/share/orbbec_camera/environment/library_path.sh
[62.908s] -- Installing: /home/themountaintree/workspace/ros2_ws/install/orbbec_camera/share/orbbec_camera/environment/library_path.dsv
[62.908s] -- Installing: /home/themountaintree/workspace/ros2_ws/install/orbbec_camera/share/ament_index/resource_index/package_run_dependencies/orbbec_camera
[62.908s] -- Installing: /home/themountaintree/workspace/ros2_ws/install/orbbec_camera/share/ament_index/resource_index/parent_prefix_path/orbbec_camera
[62.909s] -- Installing: /home/themountaintree/workspace/ros2_ws/install/orbbec_camera/share/orbbec_camera/environment/ament_prefix_path.sh
[62.909s] -- Installing: /home/themountaintree/workspace/ros2_ws/install/orbbec_camera/share/orbbec_camera/environment/ament_prefix_path.dsv
[62.909s] -- Installing: /home/themountaintree/workspace/ros2_ws/install/orbbec_camera/share/orbbec_camera/environment/path.sh
[62.909s] -- Installing: /home/themountaintree/workspace/ros2_ws/install/orbbec_camera/share/orbbec_camera/environment/path.dsv
[62.909s] -- Installing: /home/themountaintree/workspace/ros2_ws/install/orbbec_camera/share/orbbec_camera/local_setup.bash
[62.909s] -- Installing: /home/themountaintree/workspace/ros2_ws/install/orbbec_camera/share/orbbec_camera/local_setup.sh
[62.909s] -- Installing: /home/themountaintree/workspace/ros2_ws/install/orbbec_camera/share/orbbec_camera/local_setup.zsh
[62.910s] -- Installing: /home/themountaintree/workspace/ros2_ws/install/orbbec_camera/share/orbbec_camera/local_setup.dsv
[62.910s] -- Installing: /home/themountaintree/workspace/ros2_ws/install/orbbec_camera/share/orbbec_camera/package.dsv
[62.910s] -- Installing: /home/themountaintree/workspace/ros2_ws/install/orbbec_camera/share/ament_index/resource_index/packages/orbbec_camera
[62.910s] -- Installing: /home/themountaintree/workspace/ros2_ws/install/orbbec_camera/share/ament_index/resource_index/rclcpp_components/orbbec_camera
[62.910s] -- Installing: /home/themountaintree/workspace/ros2_ws/install/orbbec_camera/share/orbbec_camera/cmake/ament_cmake_export_include_directories-extras.cmake
[62.910s] -- Installing: /home/themountaintree/workspace/ros2_ws/install/orbbec_camera/share/orbbec_camera/cmake/ament_cmake_export_libraries-extras.cmake
[62.911s] -- Installing: /home/themountaintree/workspace/ros2_ws/install/orbbec_camera/share/orbbec_camera/cmake/ament_cmake_export_dependencies-extras.cmake
[62.911s] -- Installing: /home/themountaintree/workspace/ros2_ws/install/orbbec_camera/share/orbbec_camera/cmake/orbbec_cameraConfig.cmake
[62.911s] -- Installing: /home/themountaintree/workspace/ros2_ws/install/orbbec_camera/share/orbbec_camera/cmake/orbbec_cameraConfig-version.cmake
[62.911s] -- Installing: /home/themountaintree/workspace/ros2_ws/install/orbbec_camera/share/orbbec_camera/package.xml
[62.913s] Invoked command in '/home/themountaintree/workspace/ros2_ws/build/orbbec_camera' returned '0': CMAKE_PREFIX_PATH=/home/themountaintree/workspace/ros2_ws/install/orbbec_camera_msgs:/home/themountaintree/workspace/ros2_ws/install/orbbec_description:/home/themountaintree/workspace/ros2_ws/install/orbbec_camera:/home/themountaintree/workspace/ros2_ws/install/kinect2_calibration:/home/themountaintree/workspace/ros2_ws/install/kinect2_bridge:/home/themountaintree/workspace/ros2_ws/install/kinect2_registration:/home/themountaintree/workspace/ros2_ws/install/get_picture:/opt/ros/humble LD_LIBRARY_PATH=/home/themountaintree/workspace/ros2_ws/install/orbbec_camera_msgs/lib:/home/themountaintree/workspace/ros2_ws/install/orbbec_camera/lib:/home/themountaintree/workspace/ros2_ws/install/kinect2_registration/lib:/opt/ros/humble/opt/rviz_ogre_vendor/lib:/opt/ros/humble/lib/x86_64-linux-gnu:/opt/ros/humble/lib /usr/bin/cmake --install /home/themountaintree/workspace/ros2_ws/build/orbbec_camera
