[0.303s] Invoking command in '/home/themountaintree/workspace/ros2_ws/src/get_picture': CONDA_PROMPT_MODIFIER=(robot_env) PYTHONPATH=/home/themountaintree/workspace/ros2_ws/build/get_picture/prefix_override:/usr/lib/python3/dist-packages/colcon_core/task/python/colcon_distutils_commands:/home/themountaintree/workspace/ros2_ws/install/get_picture/lib/python3.10/site-packages:${PYTHONPATH} /usr/bin/python3 -W ignore:setup.py install is deprecated -W ignore:easy_install command is deprecated setup.py egg_info --egg-base ../../build/get_picture build --build-base /home/themountaintree/workspace/ros2_ws/build/get_picture/build install --record /home/themountaintree/workspace/ros2_ws/build/get_picture/install.log --single-version-externally-managed install_data
[0.418s] running egg_info
[0.419s] writing ../../build/get_picture/get_picture.egg-info/PKG-INFO
[0.419s] writing dependency_links to ../../build/get_picture/get_picture.egg-info/dependency_links.txt
[0.419s] writing entry points to ../../build/get_picture/get_picture.egg-info/entry_points.txt
[0.419s] writing requirements to ../../build/get_picture/get_picture.egg-info/requires.txt
[0.419s] writing top-level names to ../../build/get_picture/get_picture.egg-info/top_level.txt
[0.420s] reading manifest file '../../build/get_picture/get_picture.egg-info/SOURCES.txt'
[0.421s] writing manifest file '../../build/get_picture/get_picture.egg-info/SOURCES.txt'
[0.421s] running build
[0.421s] running build_py
[0.421s] creating /home/themountaintree/workspace/ros2_ws/build/get_picture/build/lib/get_picture
[0.421s] copying get_picture/dual_cam_view.py -> /home/themountaintree/workspace/ros2_ws/build/get_picture/build/lib/get_picture
[0.421s] copying get_picture/aruco_pose_node.py -> /home/themountaintree/workspace/ros2_ws/build/get_picture/build/lib/get_picture
[0.421s] copying get_picture/get_kinect2_node.py -> /home/themountaintree/workspace/ros2_ws/build/get_picture/build/lib/get_picture
[0.421s] copying get_picture/DualCameraSaveNode.py -> /home/themountaintree/workspace/ros2_ws/build/get_picture/build/lib/get_picture
[0.421s] copying get_picture/DualCameraOrbbecNode.py -> /home/themountaintree/workspace/ros2_ws/build/get_picture/build/lib/get_picture
[0.421s] copying get_picture/DualCameraKinectNode.py -> /home/themountaintree/workspace/ros2_ws/build/get_picture/build/lib/get_picture
[0.421s] copying get_picture/get_picture_node.py -> /home/themountaintree/workspace/ros2_ws/build/get_picture/build/lib/get_picture
[0.421s] copying get_picture/__init__.py -> /home/themountaintree/workspace/ros2_ws/build/get_picture/build/lib/get_picture
[0.421s] running install
[0.421s] running install_lib
[0.422s] creating /home/themountaintree/workspace/ros2_ws/install/get_picture/lib/python3.10/site-packages/get_picture_node
[0.422s] copying /home/themountaintree/workspace/ros2_ws/build/get_picture/build/lib/get_picture_node/dual_cam_view.py -> /home/themountaintree/workspace/ros2_ws/install/get_picture/lib/python3.10/site-packages/get_picture_node
[0.422s] copying /home/themountaintree/workspace/ros2_ws/build/get_picture/build/lib/get_picture_node/aruco_pose_node.py -> /home/themountaintree/workspace/ros2_ws/install/get_picture/lib/python3.10/site-packages/get_picture_node
[0.422s] copying /home/themountaintree/workspace/ros2_ws/build/get_picture/build/lib/get_picture_node/get_kinect2_node.py -> /home/themountaintree/workspace/ros2_ws/install/get_picture/lib/python3.10/site-packages/get_picture_node
[0.422s] copying /home/themountaintree/workspace/ros2_ws/build/get_picture/build/lib/get_picture_node/DualCameraSaveNode.py -> /home/themountaintree/workspace/ros2_ws/install/get_picture/lib/python3.10/site-packages/get_picture_node
[0.422s] copying /home/themountaintree/workspace/ros2_ws/build/get_picture/build/lib/get_picture_node/DualCameraOrbbecNode.py -> /home/themountaintree/workspace/ros2_ws/install/get_picture/lib/python3.10/site-packages/get_picture_node
[0.422s] copying /home/themountaintree/workspace/ros2_ws/build/get_picture/build/lib/get_picture_node/DualCameraKinectNode.py -> /home/themountaintree/workspace/ros2_ws/install/get_picture/lib/python3.10/site-packages/get_picture_node
[0.422s] copying /home/themountaintree/workspace/ros2_ws/build/get_picture/build/lib/get_picture_node/get_picture_node.py -> /home/themountaintree/workspace/ros2_ws/install/get_picture/lib/python3.10/site-packages/get_picture_node
[0.422s] copying /home/themountaintree/workspace/ros2_ws/build/get_picture/build/lib/get_picture_node/__init__.py -> /home/themountaintree/workspace/ros2_ws/install/get_picture/lib/python3.10/site-packages/get_picture_node
[0.422s] creating /home/themountaintree/workspace/ros2_ws/install/get_picture/lib/python3.10/site-packages/get_picture
[0.422s] copying /home/themountaintree/workspace/ros2_ws/build/get_picture/build/lib/get_picture/dual_cam_view.py -> /home/themountaintree/workspace/ros2_ws/install/get_picture/lib/python3.10/site-packages/get_picture
[0.422s] copying /home/themountaintree/workspace/ros2_ws/build/get_picture/build/lib/get_picture/aruco_pose_node.py -> /home/themountaintree/workspace/ros2_ws/install/get_picture/lib/python3.10/site-packages/get_picture
[0.422s] copying /home/themountaintree/workspace/ros2_ws/build/get_picture/build/lib/get_picture/get_kinect2_node.py -> /home/themountaintree/workspace/ros2_ws/install/get_picture/lib/python3.10/site-packages/get_picture
[0.422s] copying /home/themountaintree/workspace/ros2_ws/build/get_picture/build/lib/get_picture/DualCameraSaveNode.py -> /home/themountaintree/workspace/ros2_ws/install/get_picture/lib/python3.10/site-packages/get_picture
[0.422s] copying /home/themountaintree/workspace/ros2_ws/build/get_picture/build/lib/get_picture/DualCameraOrbbecNode.py -> /home/themountaintree/workspace/ros2_ws/install/get_picture/lib/python3.10/site-packages/get_picture
[0.422s] copying /home/themountaintree/workspace/ros2_ws/build/get_picture/build/lib/get_picture/DualCameraKinectNode.py -> /home/themountaintree/workspace/ros2_ws/install/get_picture/lib/python3.10/site-packages/get_picture
[0.422s] copying /home/themountaintree/workspace/ros2_ws/build/get_picture/build/lib/get_picture/get_picture_node.py -> /home/themountaintree/workspace/ros2_ws/install/get_picture/lib/python3.10/site-packages/get_picture
[0.422s] copying /home/themountaintree/workspace/ros2_ws/build/get_picture/build/lib/get_picture/__init__.py -> /home/themountaintree/workspace/ros2_ws/install/get_picture/lib/python3.10/site-packages/get_picture
[0.422s] byte-compiling /home/themountaintree/workspace/ros2_ws/install/get_picture/lib/python3.10/site-packages/get_picture_node/dual_cam_view.py to dual_cam_view.cpython-310.pyc
[0.423s] byte-compiling /home/themountaintree/workspace/ros2_ws/install/get_picture/lib/python3.10/site-packages/get_picture_node/aruco_pose_node.py to aruco_pose_node.cpython-310.pyc
[0.424s] byte-compiling /home/themountaintree/workspace/ros2_ws/install/get_picture/lib/python3.10/site-packages/get_picture_node/get_kinect2_node.py to get_kinect2_node.cpython-310.pyc
[0.424s] byte-compiling /home/themountaintree/workspace/ros2_ws/install/get_picture/lib/python3.10/site-packages/get_picture_node/DualCameraSaveNode.py to DualCameraSaveNode.cpython-310.pyc
[0.425s] byte-compiling /home/themountaintree/workspace/ros2_ws/install/get_picture/lib/python3.10/site-packages/get_picture_node/DualCameraOrbbecNode.py to DualCameraOrbbecNode.cpython-310.pyc
[0.426s] byte-compiling /home/themountaintree/workspace/ros2_ws/install/get_picture/lib/python3.10/site-packages/get_picture_node/DualCameraKinectNode.py to DualCameraKinectNode.cpython-310.pyc
[0.427s] byte-compiling /home/themountaintree/workspace/ros2_ws/install/get_picture/lib/python3.10/site-packages/get_picture_node/get_picture_node.py to get_picture_node.cpython-310.pyc
[0.427s] byte-compiling /home/themountaintree/workspace/ros2_ws/install/get_picture/lib/python3.10/site-packages/get_picture_node/__init__.py to __init__.cpython-310.pyc
[0.428s] byte-compiling /home/themountaintree/workspace/ros2_ws/install/get_picture/lib/python3.10/site-packages/get_picture/dual_cam_view.py to dual_cam_view.cpython-310.pyc
[0.428s] byte-compiling /home/themountaintree/workspace/ros2_ws/install/get_picture/lib/python3.10/site-packages/get_picture/aruco_pose_node.py to aruco_pose_node.cpython-310.pyc
[0.428s] byte-compiling /home/themountaintree/workspace/ros2_ws/install/get_picture/lib/python3.10/site-packages/get_picture/get_kinect2_node.py to get_kinect2_node.cpython-310.pyc
[0.429s] byte-compiling /home/themountaintree/workspace/ros2_ws/install/get_picture/lib/python3.10/site-packages/get_picture/DualCameraSaveNode.py to DualCameraSaveNode.cpython-310.pyc
[0.430s] byte-compiling /home/themountaintree/workspace/ros2_ws/install/get_picture/lib/python3.10/site-packages/get_picture/DualCameraOrbbecNode.py to DualCameraOrbbecNode.cpython-310.pyc
[0.431s] byte-compiling /home/themountaintree/workspace/ros2_ws/install/get_picture/lib/python3.10/site-packages/get_picture/DualCameraKinectNode.py to DualCameraKinectNode.cpython-310.pyc
[0.431s] byte-compiling /home/themountaintree/workspace/ros2_ws/install/get_picture/lib/python3.10/site-packages/get_picture/get_picture_node.py to get_picture_node.cpython-310.pyc
[0.432s] byte-compiling /home/themountaintree/workspace/ros2_ws/install/get_picture/lib/python3.10/site-packages/get_picture/__init__.py to __init__.cpython-310.pyc
[0.432s] running install_data
[0.432s] creating /home/themountaintree/workspace/ros2_ws/install/get_picture/share/ament_index
[0.432s] creating /home/themountaintree/workspace/ros2_ws/install/get_picture/share/ament_index/resource_index
[0.432s] creating /home/themountaintree/workspace/ros2_ws/install/get_picture/share/ament_index/resource_index/packages
[0.432s] copying resource/get_picture -> /home/themountaintree/workspace/ros2_ws/install/get_picture/share/ament_index/resource_index/packages
[0.433s] copying package.xml -> /home/themountaintree/workspace/ros2_ws/install/get_picture/share/get_picture
[0.433s] running install_egg_info
[0.433s] Copying ../../build/get_picture/get_picture.egg-info to /home/themountaintree/workspace/ros2_ws/install/get_picture/lib/python3.10/site-packages/get_picture-0.0.0-py3.10.egg-info
[0.434s] running install_scripts
[0.447s] Installing DualCameraKinectNode script to /home/themountaintree/workspace/ros2_ws/install/get_picture/lib/get_picture
[0.447s] Installing DualCameraOrbbecNode script to /home/themountaintree/workspace/ros2_ws/install/get_picture/lib/get_picture
[0.447s] Installing DualCameraSaveNode script to /home/themountaintree/workspace/ros2_ws/install/get_picture/lib/get_picture
[0.447s] Installing aruco_pose_node script to /home/themountaintree/workspace/ros2_ws/install/get_picture/lib/get_picture
[0.447s] Installing dual_cam_view script to /home/themountaintree/workspace/ros2_ws/install/get_picture/lib/get_picture
[0.447s] Installing get_kinect2_node script to /home/themountaintree/workspace/ros2_ws/install/get_picture/lib/get_picture
[0.447s] Installing get_picture script to /home/themountaintree/workspace/ros2_ws/install/get_picture/lib/get_picture
[0.448s] writing list of installed files to '/home/themountaintree/workspace/ros2_ws/build/get_picture/install.log'
[0.462s] Invoked command in '/home/themountaintree/workspace/ros2_ws/src/get_picture' returned '0': CONDA_PROMPT_MODIFIER=(robot_env) PYTHONPATH=/home/themountaintree/workspace/ros2_ws/build/get_picture/prefix_override:/usr/lib/python3/dist-packages/colcon_core/task/python/colcon_distutils_commands:/home/themountaintree/workspace/ros2_ws/install/get_picture/lib/python3.10/site-packages:${PYTHONPATH} /usr/bin/python3 -W ignore:setup.py install is deprecated -W ignore:easy_install command is deprecated setup.py egg_info --egg-base ../../build/get_picture build --build-base /home/themountaintree/workspace/ros2_ws/build/get_picture/build install --record /home/themountaintree/workspace/ros2_ws/build/get_picture/install.log --single-version-externally-managed install_data
