[0.007s] Invoking command in '/home/themountaintree/workspace/ros2_ws/build/kinect2_calibration': AMENT_PREFIX_PATH=/home/themountaintree/workspace/ros2_ws/install/kinect2_bridge:/home/themountaintree/workspace/ros2_ws/install/kinect2_registration:${AMENT_PREFIX_PATH} CMAKE_PREFIX_PATH=/home/themountaintree/workspace/ros2_ws/install/kinect2_bridge:/home/themountaintree/workspace/ros2_ws/install/kinect2_registration:/opt/ros/humble LD_LIBRARY_PATH=/home/themountaintree/workspace/ros2_ws/install/kinect2_registration/lib:${LD_LIBRARY_PATH} /usr/bin/cmake --build /home/themountaintree/workspace/ros2_ws/build/kinect2_calibration -- -j20 -l20
[0.040s] [35m[1mConsolidate compiler generated dependencies of target kinect2_calibration_node[0m
[0.055s] [100%] Built target kinect2_calibration_node
[0.063s] Invoked command in '/home/themountaintree/workspace/ros2_ws/build/kinect2_calibration' returned '0': AMENT_PREFIX_PATH=/home/themountaintree/workspace/ros2_ws/install/kinect2_bridge:/home/themountaintree/workspace/ros2_ws/install/kinect2_registration:${AMENT_PREFIX_PATH} CMAKE_PREFIX_PATH=/home/themountaintree/workspace/ros2_ws/install/kinect2_bridge:/home/themountaintree/workspace/ros2_ws/install/kinect2_registration:/opt/ros/humble LD_LIBRARY_PATH=/home/themountaintree/workspace/ros2_ws/install/kinect2_registration/lib:${LD_LIBRARY_PATH} /usr/bin/cmake --build /home/themountaintree/workspace/ros2_ws/build/kinect2_calibration -- -j20 -l20
[0.064s] Invoking command in '/home/themountaintree/workspace/ros2_ws/build/kinect2_calibration': AMENT_PREFIX_PATH=/home/themountaintree/workspace/ros2_ws/install/kinect2_bridge:/home/themountaintree/workspace/ros2_ws/install/kinect2_registration:${AMENT_PREFIX_PATH} CMAKE_PREFIX_PATH=/home/themountaintree/workspace/ros2_ws/install/kinect2_bridge:/home/themountaintree/workspace/ros2_ws/install/kinect2_registration:/opt/ros/humble LD_LIBRARY_PATH=/home/themountaintree/workspace/ros2_ws/install/kinect2_registration/lib:${LD_LIBRARY_PATH} /usr/bin/cmake --install /home/themountaintree/workspace/ros2_ws/build/kinect2_calibration
[0.069s] -- Install configuration: ""
[0.070s] -- Up-to-date: /home/themountaintree/workspace/ros2_ws/install/kinect2_calibration/lib/kinect2_calibration/kinect2_calibration_node
[0.070s] -- Up-to-date: /home/themountaintree/workspace/ros2_ws/install/kinect2_calibration/share/ament_index/resource_index/package_run_dependencies/kinect2_calibration
[0.070s] -- Up-to-date: /home/themountaintree/workspace/ros2_ws/install/kinect2_calibration/share/ament_index/resource_index/parent_prefix_path/kinect2_calibration
[0.070s] -- Up-to-date: /home/themountaintree/workspace/ros2_ws/install/kinect2_calibration/share/kinect2_calibration/environment/ament_prefix_path.sh
[0.070s] -- Up-to-date: /home/themountaintree/workspace/ros2_ws/install/kinect2_calibration/share/kinect2_calibration/environment/ament_prefix_path.dsv
[0.070s] -- Up-to-date: /home/themountaintree/workspace/ros2_ws/install/kinect2_calibration/share/kinect2_calibration/environment/path.sh
[0.070s] -- Up-to-date: /home/themountaintree/workspace/ros2_ws/install/kinect2_calibration/share/kinect2_calibration/environment/path.dsv
[0.070s] -- Up-to-date: /home/themountaintree/workspace/ros2_ws/install/kinect2_calibration/share/kinect2_calibration/local_setup.bash
[0.070s] -- Up-to-date: /home/themountaintree/workspace/ros2_ws/install/kinect2_calibration/share/kinect2_calibration/local_setup.sh
[0.071s] -- Up-to-date: /home/themountaintree/workspace/ros2_ws/install/kinect2_calibration/share/kinect2_calibration/local_setup.zsh
[0.071s] -- Up-to-date: /home/themountaintree/workspace/ros2_ws/install/kinect2_calibration/share/kinect2_calibration/local_setup.dsv
[0.071s] -- Installing: /home/themountaintree/workspace/ros2_ws/install/kinect2_calibration/share/kinect2_calibration/package.dsv
[0.071s] -- Up-to-date: /home/themountaintree/workspace/ros2_ws/install/kinect2_calibration/share/ament_index/resource_index/packages/kinect2_calibration
[0.071s] -- Up-to-date: /home/themountaintree/workspace/ros2_ws/install/kinect2_calibration/share/kinect2_calibration/cmake/kinect2_calibrationConfig.cmake
[0.071s] -- Up-to-date: /home/themountaintree/workspace/ros2_ws/install/kinect2_calibration/share/kinect2_calibration/cmake/kinect2_calibrationConfig-version.cmake
[0.071s] -- Up-to-date: /home/themountaintree/workspace/ros2_ws/install/kinect2_calibration/share/kinect2_calibration/package.xml
[0.072s] Invoked command in '/home/themountaintree/workspace/ros2_ws/build/kinect2_calibration' returned '0': AMENT_PREFIX_PATH=/home/themountaintree/workspace/ros2_ws/install/kinect2_bridge:/home/themountaintree/workspace/ros2_ws/install/kinect2_registration:${AMENT_PREFIX_PATH} CMAKE_PREFIX_PATH=/home/themountaintree/workspace/ros2_ws/install/kinect2_bridge:/home/themountaintree/workspace/ros2_ws/install/kinect2_registration:/opt/ros/humble LD_LIBRARY_PATH=/home/themountaintree/workspace/ros2_ws/install/kinect2_registration/lib:${LD_LIBRARY_PATH} /usr/bin/cmake --install /home/themountaintree/workspace/ros2_ws/build/kinect2_calibration
