[0.007s] Invoking command in '/home/themountaintree/workspace/ros2_ws/build/get_picture': CMAKE_PREFIX_PATH=${CMAKE_PREFIX_PATH}:/opt/ros/humble CONDA_PROMPT_MODIFIER=(robot_env) /usr/bin/cmake --build /home/themountaintree/workspace/ros2_ws/build/get_picture -- -j20 -l20
[0.035s] Invoked command in '/home/themountaintree/workspace/ros2_ws/build/get_picture' returned '0': CMAKE_PREFIX_PATH=${CMAKE_PREFIX_PATH}:/opt/ros/humble CONDA_PROMPT_MODIFIER=(robot_env) /usr/bin/cmake --build /home/themountaintree/workspace/ros2_ws/build/get_picture -- -j20 -l20
[0.041s] Invoking command in '/home/themountaintree/workspace/ros2_ws/build/get_picture': CMAKE_PREFIX_PATH=${CMAKE_PREFIX_PATH}:/opt/ros/humble CONDA_PROMPT_MODIFIER=(robot_env) /usr/bin/cmake --install /home/themountaintree/workspace/ros2_ws/build/get_picture
[0.046s] -- Install configuration: ""
[0.046s] -- Up-to-date: /home/themountaintree/workspace/ros2_ws/install/get_picture/lib/get_picture/get_picture_node.py
[0.046s] -- Up-to-date: /home/themountaintree/workspace/ros2_ws/install/get_picture/lib/get_picture/get_kinect2_node.py
[0.046s] -- Installing: /home/themountaintree/workspace/ros2_ws/install/get_picture/lib/get_picture/dual_cam_view.py
[0.046s] -- Up-to-date: /home/themountaintree/workspace/ros2_ws/install/get_picture/share/ament_index/resource_index/package_run_dependencies/get_picture
[0.046s] -- Up-to-date: /home/themountaintree/workspace/ros2_ws/install/get_picture/share/ament_index/resource_index/parent_prefix_path/get_picture
[0.046s] -- Up-to-date: /home/themountaintree/workspace/ros2_ws/install/get_picture/share/get_picture/environment/ament_prefix_path.sh
[0.046s] -- Up-to-date: /home/themountaintree/workspace/ros2_ws/install/get_picture/share/get_picture/environment/ament_prefix_path.dsv
[0.046s] -- Up-to-date: /home/themountaintree/workspace/ros2_ws/install/get_picture/share/get_picture/environment/path.sh
[0.047s] -- Up-to-date: /home/themountaintree/workspace/ros2_ws/install/get_picture/share/get_picture/environment/path.dsv
[0.047s] -- Up-to-date: /home/themountaintree/workspace/ros2_ws/install/get_picture/share/get_picture/local_setup.bash
[0.047s] -- Up-to-date: /home/themountaintree/workspace/ros2_ws/install/get_picture/share/get_picture/local_setup.sh
[0.047s] -- Up-to-date: /home/themountaintree/workspace/ros2_ws/install/get_picture/share/get_picture/local_setup.zsh
[0.047s] -- Up-to-date: /home/themountaintree/workspace/ros2_ws/install/get_picture/share/get_picture/local_setup.dsv
[0.047s] -- Up-to-date: /home/themountaintree/workspace/ros2_ws/install/get_picture/share/get_picture/package.dsv
[0.047s] -- Up-to-date: /home/themountaintree/workspace/ros2_ws/install/get_picture/share/ament_index/resource_index/packages/get_picture
[0.047s] -- Up-to-date: /home/themountaintree/workspace/ros2_ws/install/get_picture/share/get_picture/cmake/get_pictureConfig.cmake
[0.047s] -- Up-to-date: /home/themountaintree/workspace/ros2_ws/install/get_picture/share/get_picture/cmake/get_pictureConfig-version.cmake
[0.047s] -- Up-to-date: /home/themountaintree/workspace/ros2_ws/install/get_picture/share/get_picture/package.xml
[0.048s] Invoked command in '/home/themountaintree/workspace/ros2_ws/build/get_picture' returned '0': CMAKE_PREFIX_PATH=${CMAKE_PREFIX_PATH}:/opt/ros/humble CONDA_PROMPT_MODIFIER=(robot_env) /usr/bin/cmake --install /home/themountaintree/workspace/ros2_ws/build/get_picture
