[0.053s] DEBUG:colcon:Command line arguments: ['/usr/bin/colcon', 'build', '--packages-select', 'get_picture']
[0.053s] DEBUG:colcon:Parsed command line arguments: Namespace(log_base=None, log_level=None, verb_name='build', build_base='build', install_base='install', merge_install=False, symlink_install=False, test_result_base=None, continue_on_error=False, executor='parallel', parallel_workers=20, event_handlers=None, ignore_user_meta=False, metas=['./colcon.meta'], base_paths=['.'], packages_ignore=None, packages_ignore_regex=None, paths=None, packages_up_to=None, packages_up_to_regex=None, packages_above=None, packages_above_and_dependencies=None, packages_above_depth=None, packages_select_by_dep=None, packages_skip_by_dep=None, packages_skip_up_to=None, packages_select_build_failed=False, packages_skip_build_finished=False, packages_select_test_failures=False, packages_skip_test_passed=False, packages_select=['get_picture'], packages_skip=None, packages_select_regex=None, packages_skip_regex=None, packages_start=None, packages_end=None, allow_overriding=[], cmake_args=None, cmake_target=None, cmake_target_skip_unavailable=False, cmake_clean_cache=False, cmake_clean_first=False, cmake_force_configure=False, ament_cmake_args=None, catkin_cmake_args=None, catkin_skip_building_tests=False, verb_parser=<colcon_defaults.argument_parser.defaults.DefaultArgumentsDecorator object at 0x742aca61bf10>, verb_extension=<colcon_core.verb.build.BuildVerb object at 0x742aca61b9a0>, main=<bound method BuildVerb.main of <colcon_core.verb.build.BuildVerb object at 0x742aca61b9a0>>)
[0.130s] Level 1:colcon.colcon_core.package_discovery:discover_packages(colcon_meta) check parameters
[0.130s] Level 1:colcon.colcon_core.package_discovery:discover_packages(recursive) check parameters
[0.130s] Level 1:colcon.colcon_core.package_discovery:discover_packages(ignore) check parameters
[0.130s] Level 1:colcon.colcon_core.package_discovery:discover_packages(path) check parameters
[0.130s] Level 1:colcon.colcon_core.package_discovery:discover_packages(colcon_meta) discover
[0.130s] Level 1:colcon.colcon_core.package_discovery:discover_packages(recursive) discover
[0.130s] INFO:colcon.colcon_core.package_discovery:Crawling recursively for packages in '/home/themountaintree/workspace/ros2_ws'
[0.130s] Level 1:colcon.colcon_core.package_identification:_identify(.) by extensions ['ignore', 'ignore_ament_install']
[0.130s] Level 1:colcon.colcon_core.package_identification:_identify(.) by extension 'ignore'
[0.130s] Level 1:colcon.colcon_core.package_identification:_identify(.) by extension 'ignore_ament_install'
[0.130s] Level 1:colcon.colcon_core.package_identification:_identify(.) by extensions ['colcon_pkg']
[0.130s] Level 1:colcon.colcon_core.package_identification:_identify(.) by extension 'colcon_pkg'
[0.130s] Level 1:colcon.colcon_core.package_identification:_identify(.) by extensions ['colcon_meta']
[0.130s] Level 1:colcon.colcon_core.package_identification:_identify(.) by extension 'colcon_meta'
[0.130s] Level 1:colcon.colcon_core.package_identification:_identify(.) by extensions ['ros']
[0.130s] Level 1:colcon.colcon_core.package_identification:_identify(.) by extension 'ros'
[0.137s] Level 1:colcon.colcon_core.package_identification:_identify(.) by extensions ['cmake', 'python']
[0.137s] Level 1:colcon.colcon_core.package_identification:_identify(.) by extension 'cmake'
[0.137s] Level 1:colcon.colcon_core.package_identification:_identify(.) by extension 'python'
[0.137s] Level 1:colcon.colcon_core.package_identification:_identify(.) by extensions ['python_setup_py']
[0.137s] Level 1:colcon.colcon_core.package_identification:_identify(.) by extension 'python_setup_py'
[0.137s] Level 1:colcon.colcon_core.package_identification:_identify(__pycache__) by extensions ['ignore', 'ignore_ament_install']
[0.137s] Level 1:colcon.colcon_core.package_identification:_identify(__pycache__) by extension 'ignore'
[0.137s] Level 1:colcon.colcon_core.package_identification:_identify(__pycache__) by extension 'ignore_ament_install'
[0.137s] Level 1:colcon.colcon_core.package_identification:_identify(__pycache__) by extensions ['colcon_pkg']
[0.137s] Level 1:colcon.colcon_core.package_identification:_identify(__pycache__) by extension 'colcon_pkg'
[0.137s] Level 1:colcon.colcon_core.package_identification:_identify(__pycache__) by extensions ['colcon_meta']
[0.137s] Level 1:colcon.colcon_core.package_identification:_identify(__pycache__) by extension 'colcon_meta'
[0.137s] Level 1:colcon.colcon_core.package_identification:_identify(__pycache__) by extensions ['ros']
[0.137s] Level 1:colcon.colcon_core.package_identification:_identify(__pycache__) by extension 'ros'
[0.137s] Level 1:colcon.colcon_core.package_identification:_identify(__pycache__) by extensions ['cmake', 'python']
[0.137s] Level 1:colcon.colcon_core.package_identification:_identify(__pycache__) by extension 'cmake'
[0.137s] Level 1:colcon.colcon_core.package_identification:_identify(__pycache__) by extension 'python'
[0.137s] Level 1:colcon.colcon_core.package_identification:_identify(__pycache__) by extensions ['python_setup_py']
[0.137s] Level 1:colcon.colcon_core.package_identification:_identify(__pycache__) by extension 'python_setup_py'
[0.137s] Level 1:colcon.colcon_core.package_identification:_identify(build) by extensions ['ignore', 'ignore_ament_install']
[0.137s] Level 1:colcon.colcon_core.package_identification:_identify(build) by extension 'ignore'
[0.137s] Level 1:colcon.colcon_core.package_identification:_identify(build) ignored
[0.137s] Level 1:colcon.colcon_core.package_identification:_identify(data) by extensions ['ignore', 'ignore_ament_install']
[0.137s] Level 1:colcon.colcon_core.package_identification:_identify(data) by extension 'ignore'
[0.138s] Level 1:colcon.colcon_core.package_identification:_identify(data) by extension 'ignore_ament_install'
[0.138s] Level 1:colcon.colcon_core.package_identification:_identify(data) by extensions ['colcon_pkg']
[0.138s] Level 1:colcon.colcon_core.package_identification:_identify(data) by extension 'colcon_pkg'
[0.138s] Level 1:colcon.colcon_core.package_identification:_identify(data) by extensions ['colcon_meta']
[0.138s] Level 1:colcon.colcon_core.package_identification:_identify(data) by extension 'colcon_meta'
[0.138s] Level 1:colcon.colcon_core.package_identification:_identify(data) by extensions ['ros']
[0.138s] Level 1:colcon.colcon_core.package_identification:_identify(data) by extension 'ros'
[0.138s] Level 1:colcon.colcon_core.package_identification:_identify(data) by extensions ['cmake', 'python']
[0.138s] Level 1:colcon.colcon_core.package_identification:_identify(data) by extension 'cmake'
[0.138s] Level 1:colcon.colcon_core.package_identification:_identify(data) by extension 'python'
[0.138s] Level 1:colcon.colcon_core.package_identification:_identify(data) by extensions ['python_setup_py']
[0.138s] Level 1:colcon.colcon_core.package_identification:_identify(data) by extension 'python_setup_py'
[0.138s] Level 1:colcon.colcon_core.package_identification:_identify(data/kinect2) by extensions ['ignore', 'ignore_ament_install']
[0.138s] Level 1:colcon.colcon_core.package_identification:_identify(data/kinect2) by extension 'ignore'
[0.138s] Level 1:colcon.colcon_core.package_identification:_identify(data/kinect2) by extension 'ignore_ament_install'
[0.138s] Level 1:colcon.colcon_core.package_identification:_identify(data/kinect2) by extensions ['colcon_pkg']
[0.138s] Level 1:colcon.colcon_core.package_identification:_identify(data/kinect2) by extension 'colcon_pkg'
[0.138s] Level 1:colcon.colcon_core.package_identification:_identify(data/kinect2) by extensions ['colcon_meta']
[0.138s] Level 1:colcon.colcon_core.package_identification:_identify(data/kinect2) by extension 'colcon_meta'
[0.138s] Level 1:colcon.colcon_core.package_identification:_identify(data/kinect2) by extensions ['ros']
[0.138s] Level 1:colcon.colcon_core.package_identification:_identify(data/kinect2) by extension 'ros'
[0.138s] Level 1:colcon.colcon_core.package_identification:_identify(data/kinect2) by extensions ['cmake', 'python']
[0.138s] Level 1:colcon.colcon_core.package_identification:_identify(data/kinect2) by extension 'cmake'
[0.138s] Level 1:colcon.colcon_core.package_identification:_identify(data/kinect2) by extension 'python'
[0.138s] Level 1:colcon.colcon_core.package_identification:_identify(data/kinect2) by extensions ['python_setup_py']
[0.138s] Level 1:colcon.colcon_core.package_identification:_identify(data/kinect2) by extension 'python_setup_py'
[0.138s] Level 1:colcon.colcon_core.package_identification:_identify(data/kinect2_assi) by extensions ['ignore', 'ignore_ament_install']
[0.138s] Level 1:colcon.colcon_core.package_identification:_identify(data/kinect2_assi) by extension 'ignore'
[0.138s] Level 1:colcon.colcon_core.package_identification:_identify(data/kinect2_assi) by extension 'ignore_ament_install'
[0.138s] Level 1:colcon.colcon_core.package_identification:_identify(data/kinect2_assi) by extensions ['colcon_pkg']
[0.138s] Level 1:colcon.colcon_core.package_identification:_identify(data/kinect2_assi) by extension 'colcon_pkg'
[0.138s] Level 1:colcon.colcon_core.package_identification:_identify(data/kinect2_assi) by extensions ['colcon_meta']
[0.138s] Level 1:colcon.colcon_core.package_identification:_identify(data/kinect2_assi) by extension 'colcon_meta'
[0.138s] Level 1:colcon.colcon_core.package_identification:_identify(data/kinect2_assi) by extensions ['ros']
[0.138s] Level 1:colcon.colcon_core.package_identification:_identify(data/kinect2_assi) by extension 'ros'
[0.138s] Level 1:colcon.colcon_core.package_identification:_identify(data/kinect2_assi) by extensions ['cmake', 'python']
[0.138s] Level 1:colcon.colcon_core.package_identification:_identify(data/kinect2_assi) by extension 'cmake'
[0.138s] Level 1:colcon.colcon_core.package_identification:_identify(data/kinect2_assi) by extension 'python'
[0.138s] Level 1:colcon.colcon_core.package_identification:_identify(data/kinect2_assi) by extensions ['python_setup_py']
[0.138s] Level 1:colcon.colcon_core.package_identification:_identify(data/kinect2_assi) by extension 'python_setup_py'
[0.138s] Level 1:colcon.colcon_core.package_identification:_identify(data/kinect2_main) by extensions ['ignore', 'ignore_ament_install']
[0.138s] Level 1:colcon.colcon_core.package_identification:_identify(data/kinect2_main) by extension 'ignore'
[0.138s] Level 1:colcon.colcon_core.package_identification:_identify(data/kinect2_main) by extension 'ignore_ament_install'
[0.138s] Level 1:colcon.colcon_core.package_identification:_identify(data/kinect2_main) by extensions ['colcon_pkg']
[0.138s] Level 1:colcon.colcon_core.package_identification:_identify(data/kinect2_main) by extension 'colcon_pkg'
[0.138s] Level 1:colcon.colcon_core.package_identification:_identify(data/kinect2_main) by extensions ['colcon_meta']
[0.138s] Level 1:colcon.colcon_core.package_identification:_identify(data/kinect2_main) by extension 'colcon_meta'
[0.138s] Level 1:colcon.colcon_core.package_identification:_identify(data/kinect2_main) by extensions ['ros']
[0.138s] Level 1:colcon.colcon_core.package_identification:_identify(data/kinect2_main) by extension 'ros'
[0.138s] Level 1:colcon.colcon_core.package_identification:_identify(data/kinect2_main) by extensions ['cmake', 'python']
[0.139s] Level 1:colcon.colcon_core.package_identification:_identify(data/kinect2_main) by extension 'cmake'
[0.139s] Level 1:colcon.colcon_core.package_identification:_identify(data/kinect2_main) by extension 'python'
[0.139s] Level 1:colcon.colcon_core.package_identification:_identify(data/kinect2_main) by extensions ['python_setup_py']
[0.139s] Level 1:colcon.colcon_core.package_identification:_identify(data/kinect2_main) by extension 'python_setup_py'
[0.139s] Level 1:colcon.colcon_core.package_identification:_identify(data/merge) by extensions ['ignore', 'ignore_ament_install']
[0.139s] Level 1:colcon.colcon_core.package_identification:_identify(data/merge) by extension 'ignore'
[0.139s] Level 1:colcon.colcon_core.package_identification:_identify(data/merge) by extension 'ignore_ament_install'
[0.139s] Level 1:colcon.colcon_core.package_identification:_identify(data/merge) by extensions ['colcon_pkg']
[0.139s] Level 1:colcon.colcon_core.package_identification:_identify(data/merge) by extension 'colcon_pkg'
[0.139s] Level 1:colcon.colcon_core.package_identification:_identify(data/merge) by extensions ['colcon_meta']
[0.139s] Level 1:colcon.colcon_core.package_identification:_identify(data/merge) by extension 'colcon_meta'
[0.139s] Level 1:colcon.colcon_core.package_identification:_identify(data/merge) by extensions ['ros']
[0.139s] Level 1:colcon.colcon_core.package_identification:_identify(data/merge) by extension 'ros'
[0.139s] Level 1:colcon.colcon_core.package_identification:_identify(data/merge) by extensions ['cmake', 'python']
[0.139s] Level 1:colcon.colcon_core.package_identification:_identify(data/merge) by extension 'cmake'
[0.139s] Level 1:colcon.colcon_core.package_identification:_identify(data/merge) by extension 'python'
[0.139s] Level 1:colcon.colcon_core.package_identification:_identify(data/merge) by extensions ['python_setup_py']
[0.139s] Level 1:colcon.colcon_core.package_identification:_identify(data/merge) by extension 'python_setup_py'
[0.139s] Level 1:colcon.colcon_core.package_identification:_identify(data/orbbec) by extensions ['ignore', 'ignore_ament_install']
[0.139s] Level 1:colcon.colcon_core.package_identification:_identify(data/orbbec) by extension 'ignore'
[0.139s] Level 1:colcon.colcon_core.package_identification:_identify(data/orbbec) by extension 'ignore_ament_install'
[0.139s] Level 1:colcon.colcon_core.package_identification:_identify(data/orbbec) by extensions ['colcon_pkg']
[0.139s] Level 1:colcon.colcon_core.package_identification:_identify(data/orbbec) by extension 'colcon_pkg'
[0.139s] Level 1:colcon.colcon_core.package_identification:_identify(data/orbbec) by extensions ['colcon_meta']
[0.139s] Level 1:colcon.colcon_core.package_identification:_identify(data/orbbec) by extension 'colcon_meta'
[0.139s] Level 1:colcon.colcon_core.package_identification:_identify(data/orbbec) by extensions ['ros']
[0.139s] Level 1:colcon.colcon_core.package_identification:_identify(data/orbbec) by extension 'ros'
[0.139s] Level 1:colcon.colcon_core.package_identification:_identify(data/orbbec) by extensions ['cmake', 'python']
[0.139s] Level 1:colcon.colcon_core.package_identification:_identify(data/orbbec) by extension 'cmake'
[0.139s] Level 1:colcon.colcon_core.package_identification:_identify(data/orbbec) by extension 'python'
[0.139s] Level 1:colcon.colcon_core.package_identification:_identify(data/orbbec) by extensions ['python_setup_py']
[0.139s] Level 1:colcon.colcon_core.package_identification:_identify(data/orbbec) by extension 'python_setup_py'
[0.139s] Level 1:colcon.colcon_core.package_identification:_identify(install) by extensions ['ignore', 'ignore_ament_install']
[0.139s] Level 1:colcon.colcon_core.package_identification:_identify(install) by extension 'ignore'
[0.139s] Level 1:colcon.colcon_core.package_identification:_identify(install) ignored
[0.139s] Level 1:colcon.colcon_core.package_identification:_identify(kinect2_data) by extensions ['ignore', 'ignore_ament_install']
[0.139s] Level 1:colcon.colcon_core.package_identification:_identify(kinect2_data) by extension 'ignore'
[0.139s] Level 1:colcon.colcon_core.package_identification:_identify(kinect2_data) by extension 'ignore_ament_install'
[0.139s] Level 1:colcon.colcon_core.package_identification:_identify(kinect2_data) by extensions ['colcon_pkg']
[0.139s] Level 1:colcon.colcon_core.package_identification:_identify(kinect2_data) by extension 'colcon_pkg'
[0.139s] Level 1:colcon.colcon_core.package_identification:_identify(kinect2_data) by extensions ['colcon_meta']
[0.139s] Level 1:colcon.colcon_core.package_identification:_identify(kinect2_data) by extension 'colcon_meta'
[0.139s] Level 1:colcon.colcon_core.package_identification:_identify(kinect2_data) by extensions ['ros']
[0.139s] Level 1:colcon.colcon_core.package_identification:_identify(kinect2_data) by extension 'ros'
[0.139s] Level 1:colcon.colcon_core.package_identification:_identify(kinect2_data) by extensions ['cmake', 'python']
[0.139s] Level 1:colcon.colcon_core.package_identification:_identify(kinect2_data) by extension 'cmake'
[0.139s] Level 1:colcon.colcon_core.package_identification:_identify(kinect2_data) by extension 'python'
[0.139s] Level 1:colcon.colcon_core.package_identification:_identify(kinect2_data) by extensions ['python_setup_py']
[0.139s] Level 1:colcon.colcon_core.package_identification:_identify(kinect2_data) by extension 'python_setup_py'
[0.140s] Level 1:colcon.colcon_core.package_identification:_identify(log) by extensions ['ignore', 'ignore_ament_install']
[0.140s] Level 1:colcon.colcon_core.package_identification:_identify(log) by extension 'ignore'
[0.140s] Level 1:colcon.colcon_core.package_identification:_identify(log) ignored
[0.140s] Level 1:colcon.colcon_core.package_identification:_identify(src) by extensions ['ignore', 'ignore_ament_install']
[0.140s] Level 1:colcon.colcon_core.package_identification:_identify(src) by extension 'ignore'
[0.140s] Level 1:colcon.colcon_core.package_identification:_identify(src) by extension 'ignore_ament_install'
[0.140s] Level 1:colcon.colcon_core.package_identification:_identify(src) by extensions ['colcon_pkg']
[0.140s] Level 1:colcon.colcon_core.package_identification:_identify(src) by extension 'colcon_pkg'
[0.140s] Level 1:colcon.colcon_core.package_identification:_identify(src) by extensions ['colcon_meta']
[0.140s] Level 1:colcon.colcon_core.package_identification:_identify(src) by extension 'colcon_meta'
[0.140s] Level 1:colcon.colcon_core.package_identification:_identify(src) by extensions ['ros']
[0.140s] Level 1:colcon.colcon_core.package_identification:_identify(src) by extension 'ros'
[0.140s] Level 1:colcon.colcon_core.package_identification:_identify(src) by extensions ['cmake', 'python']
[0.140s] Level 1:colcon.colcon_core.package_identification:_identify(src) by extension 'cmake'
[0.140s] Level 1:colcon.colcon_core.package_identification:_identify(src) by extension 'python'
[0.140s] Level 1:colcon.colcon_core.package_identification:_identify(src) by extensions ['python_setup_py']
[0.140s] Level 1:colcon.colcon_core.package_identification:_identify(src) by extension 'python_setup_py'
[0.140s] Level 1:colcon.colcon_core.package_identification:_identify(src/OrbbecSDK_ROS2) by extensions ['ignore', 'ignore_ament_install']
[0.140s] Level 1:colcon.colcon_core.package_identification:_identify(src/OrbbecSDK_ROS2) by extension 'ignore'
[0.140s] Level 1:colcon.colcon_core.package_identification:_identify(src/OrbbecSDK_ROS2) by extension 'ignore_ament_install'
[0.140s] Level 1:colcon.colcon_core.package_identification:_identify(src/OrbbecSDK_ROS2) by extensions ['colcon_pkg']
[0.140s] Level 1:colcon.colcon_core.package_identification:_identify(src/OrbbecSDK_ROS2) by extension 'colcon_pkg'
[0.140s] Level 1:colcon.colcon_core.package_identification:_identify(src/OrbbecSDK_ROS2) by extensions ['colcon_meta']
[0.140s] Level 1:colcon.colcon_core.package_identification:_identify(src/OrbbecSDK_ROS2) by extension 'colcon_meta'
[0.140s] Level 1:colcon.colcon_core.package_identification:_identify(src/OrbbecSDK_ROS2) by extensions ['ros']
[0.140s] Level 1:colcon.colcon_core.package_identification:_identify(src/OrbbecSDK_ROS2) by extension 'ros'
[0.140s] Level 1:colcon.colcon_core.package_identification:_identify(src/OrbbecSDK_ROS2) by extensions ['cmake', 'python']
[0.140s] Level 1:colcon.colcon_core.package_identification:_identify(src/OrbbecSDK_ROS2) by extension 'cmake'
[0.140s] Level 1:colcon.colcon_core.package_identification:_identify(src/OrbbecSDK_ROS2) by extension 'python'
[0.140s] Level 1:colcon.colcon_core.package_identification:_identify(src/OrbbecSDK_ROS2) by extensions ['python_setup_py']
[0.140s] Level 1:colcon.colcon_core.package_identification:_identify(src/OrbbecSDK_ROS2) by extension 'python_setup_py'
[0.140s] Level 1:colcon.colcon_core.package_identification:_identify(src/OrbbecSDK_ROS2/orbbec_camera) by extensions ['ignore', 'ignore_ament_install']
[0.140s] Level 1:colcon.colcon_core.package_identification:_identify(src/OrbbecSDK_ROS2/orbbec_camera) by extension 'ignore'
[0.140s] Level 1:colcon.colcon_core.package_identification:_identify(src/OrbbecSDK_ROS2/orbbec_camera) by extension 'ignore_ament_install'
[0.140s] Level 1:colcon.colcon_core.package_identification:_identify(src/OrbbecSDK_ROS2/orbbec_camera) by extensions ['colcon_pkg']
[0.140s] Level 1:colcon.colcon_core.package_identification:_identify(src/OrbbecSDK_ROS2/orbbec_camera) by extension 'colcon_pkg'
[0.140s] Level 1:colcon.colcon_core.package_identification:_identify(src/OrbbecSDK_ROS2/orbbec_camera) by extensions ['colcon_meta']
[0.140s] Level 1:colcon.colcon_core.package_identification:_identify(src/OrbbecSDK_ROS2/orbbec_camera) by extension 'colcon_meta'
[0.140s] Level 1:colcon.colcon_core.package_identification:_identify(src/OrbbecSDK_ROS2/orbbec_camera) by extensions ['ros']
[0.140s] Level 1:colcon.colcon_core.package_identification:_identify(src/OrbbecSDK_ROS2/orbbec_camera) by extension 'ros'
[0.143s] DEBUG:colcon.colcon_core.package_identification:Package 'src/OrbbecSDK_ROS2/orbbec_camera' with type 'ros.ament_cmake' and name 'orbbec_camera'
[0.143s] Level 1:colcon.colcon_core.package_identification:_identify(src/OrbbecSDK_ROS2/orbbec_camera_msgs) by extensions ['ignore', 'ignore_ament_install']
[0.143s] Level 1:colcon.colcon_core.package_identification:_identify(src/OrbbecSDK_ROS2/orbbec_camera_msgs) by extension 'ignore'
[0.143s] Level 1:colcon.colcon_core.package_identification:_identify(src/OrbbecSDK_ROS2/orbbec_camera_msgs) by extension 'ignore_ament_install'
[0.143s] Level 1:colcon.colcon_core.package_identification:_identify(src/OrbbecSDK_ROS2/orbbec_camera_msgs) by extensions ['colcon_pkg']
[0.143s] Level 1:colcon.colcon_core.package_identification:_identify(src/OrbbecSDK_ROS2/orbbec_camera_msgs) by extension 'colcon_pkg'
[0.143s] Level 1:colcon.colcon_core.package_identification:_identify(src/OrbbecSDK_ROS2/orbbec_camera_msgs) by extensions ['colcon_meta']
[0.143s] Level 1:colcon.colcon_core.package_identification:_identify(src/OrbbecSDK_ROS2/orbbec_camera_msgs) by extension 'colcon_meta'
[0.143s] Level 1:colcon.colcon_core.package_identification:_identify(src/OrbbecSDK_ROS2/orbbec_camera_msgs) by extensions ['ros']
[0.143s] Level 1:colcon.colcon_core.package_identification:_identify(src/OrbbecSDK_ROS2/orbbec_camera_msgs) by extension 'ros'
[0.144s] DEBUG:colcon.colcon_core.package_identification:Package 'src/OrbbecSDK_ROS2/orbbec_camera_msgs' with type 'ros.ament_cmake' and name 'orbbec_camera_msgs'
[0.144s] Level 1:colcon.colcon_core.package_identification:_identify(src/OrbbecSDK_ROS2/orbbec_description) by extensions ['ignore', 'ignore_ament_install']
[0.144s] Level 1:colcon.colcon_core.package_identification:_identify(src/OrbbecSDK_ROS2/orbbec_description) by extension 'ignore'
[0.144s] Level 1:colcon.colcon_core.package_identification:_identify(src/OrbbecSDK_ROS2/orbbec_description) by extension 'ignore_ament_install'
[0.144s] Level 1:colcon.colcon_core.package_identification:_identify(src/OrbbecSDK_ROS2/orbbec_description) by extensions ['colcon_pkg']
[0.144s] Level 1:colcon.colcon_core.package_identification:_identify(src/OrbbecSDK_ROS2/orbbec_description) by extension 'colcon_pkg'
[0.144s] Level 1:colcon.colcon_core.package_identification:_identify(src/OrbbecSDK_ROS2/orbbec_description) by extensions ['colcon_meta']
[0.144s] Level 1:colcon.colcon_core.package_identification:_identify(src/OrbbecSDK_ROS2/orbbec_description) by extension 'colcon_meta'
[0.144s] Level 1:colcon.colcon_core.package_identification:_identify(src/OrbbecSDK_ROS2/orbbec_description) by extensions ['ros']
[0.144s] Level 1:colcon.colcon_core.package_identification:_identify(src/OrbbecSDK_ROS2/orbbec_description) by extension 'ros'
[0.145s] DEBUG:colcon.colcon_core.package_identification:Package 'src/OrbbecSDK_ROS2/orbbec_description' with type 'ros.ament_cmake' and name 'orbbec_description'
[0.145s] Level 1:colcon.colcon_core.package_identification:_identify(src/get_picture) by extensions ['ignore', 'ignore_ament_install']
[0.145s] Level 1:colcon.colcon_core.package_identification:_identify(src/get_picture) by extension 'ignore'
[0.145s] Level 1:colcon.colcon_core.package_identification:_identify(src/get_picture) by extension 'ignore_ament_install'
[0.145s] Level 1:colcon.colcon_core.package_identification:_identify(src/get_picture) by extensions ['colcon_pkg']
[0.145s] Level 1:colcon.colcon_core.package_identification:_identify(src/get_picture) by extension 'colcon_pkg'
[0.145s] Level 1:colcon.colcon_core.package_identification:_identify(src/get_picture) by extensions ['colcon_meta']
[0.145s] Level 1:colcon.colcon_core.package_identification:_identify(src/get_picture) by extension 'colcon_meta'
[0.145s] Level 1:colcon.colcon_core.package_identification:_identify(src/get_picture) by extensions ['ros']
[0.145s] Level 1:colcon.colcon_core.package_identification:_identify(src/get_picture) by extension 'ros'
[0.145s] DEBUG:colcon.colcon_core.package_identification:Package 'src/get_picture' with type 'ros.ament_python' and name 'get_picture'
[0.145s] Level 1:colcon.colcon_core.package_identification:_identify(src/kinect2_ros2) by extensions ['ignore', 'ignore_ament_install']
[0.145s] Level 1:colcon.colcon_core.package_identification:_identify(src/kinect2_ros2) by extension 'ignore'
[0.145s] Level 1:colcon.colcon_core.package_identification:_identify(src/kinect2_ros2) by extension 'ignore_ament_install'
[0.145s] Level 1:colcon.colcon_core.package_identification:_identify(src/kinect2_ros2) by extensions ['colcon_pkg']
[0.145s] Level 1:colcon.colcon_core.package_identification:_identify(src/kinect2_ros2) by extension 'colcon_pkg'
[0.145s] Level 1:colcon.colcon_core.package_identification:_identify(src/kinect2_ros2) by extensions ['colcon_meta']
[0.145s] Level 1:colcon.colcon_core.package_identification:_identify(src/kinect2_ros2) by extension 'colcon_meta'
[0.145s] Level 1:colcon.colcon_core.package_identification:_identify(src/kinect2_ros2) by extensions ['ros']
[0.145s] Level 1:colcon.colcon_core.package_identification:_identify(src/kinect2_ros2) by extension 'ros'
[0.145s] Level 1:colcon.colcon_core.package_identification:_identify(src/kinect2_ros2) by extensions ['cmake', 'python']
[0.145s] Level 1:colcon.colcon_core.package_identification:_identify(src/kinect2_ros2) by extension 'cmake'
[0.145s] Level 1:colcon.colcon_core.package_identification:_identify(src/kinect2_ros2) by extension 'python'
[0.145s] Level 1:colcon.colcon_core.package_identification:_identify(src/kinect2_ros2) by extensions ['python_setup_py']
[0.145s] Level 1:colcon.colcon_core.package_identification:_identify(src/kinect2_ros2) by extension 'python_setup_py'
[0.145s] Level 1:colcon.colcon_core.package_identification:_identify(src/kinect2_ros2/kinect2_bridge) by extensions ['ignore', 'ignore_ament_install']
[0.145s] Level 1:colcon.colcon_core.package_identification:_identify(src/kinect2_ros2/kinect2_bridge) by extension 'ignore'
[0.145s] Level 1:colcon.colcon_core.package_identification:_identify(src/kinect2_ros2/kinect2_bridge) by extension 'ignore_ament_install'
[0.145s] Level 1:colcon.colcon_core.package_identification:_identify(src/kinect2_ros2/kinect2_bridge) by extensions ['colcon_pkg']
[0.146s] Level 1:colcon.colcon_core.package_identification:_identify(src/kinect2_ros2/kinect2_bridge) by extension 'colcon_pkg'
[0.146s] Level 1:colcon.colcon_core.package_identification:_identify(src/kinect2_ros2/kinect2_bridge) by extensions ['colcon_meta']
[0.146s] Level 1:colcon.colcon_core.package_identification:_identify(src/kinect2_ros2/kinect2_bridge) by extension 'colcon_meta'
[0.146s] Level 1:colcon.colcon_core.package_identification:_identify(src/kinect2_ros2/kinect2_bridge) by extensions ['ros']
[0.146s] Level 1:colcon.colcon_core.package_identification:_identify(src/kinect2_ros2/kinect2_bridge) by extension 'ros'
[0.146s] DEBUG:colcon.colcon_core.package_identification:Package 'src/kinect2_ros2/kinect2_bridge' with type 'ros.ament_cmake' and name 'kinect2_bridge'
[0.146s] Level 1:colcon.colcon_core.package_identification:_identify(src/kinect2_ros2/kinect2_calibration) by extensions ['ignore', 'ignore_ament_install']
[0.146s] Level 1:colcon.colcon_core.package_identification:_identify(src/kinect2_ros2/kinect2_calibration) by extension 'ignore'
[0.147s] Level 1:colcon.colcon_core.package_identification:_identify(src/kinect2_ros2/kinect2_calibration) by extension 'ignore_ament_install'
[0.147s] Level 1:colcon.colcon_core.package_identification:_identify(src/kinect2_ros2/kinect2_calibration) by extensions ['colcon_pkg']
[0.147s] Level 1:colcon.colcon_core.package_identification:_identify(src/kinect2_ros2/kinect2_calibration) by extension 'colcon_pkg'
[0.147s] Level 1:colcon.colcon_core.package_identification:_identify(src/kinect2_ros2/kinect2_calibration) by extensions ['colcon_meta']
[0.147s] Level 1:colcon.colcon_core.package_identification:_identify(src/kinect2_ros2/kinect2_calibration) by extension 'colcon_meta'
[0.147s] Level 1:colcon.colcon_core.package_identification:_identify(src/kinect2_ros2/kinect2_calibration) by extensions ['ros']
[0.147s] Level 1:colcon.colcon_core.package_identification:_identify(src/kinect2_ros2/kinect2_calibration) by extension 'ros'
[0.147s] DEBUG:colcon.colcon_core.package_identification:Package 'src/kinect2_ros2/kinect2_calibration' with type 'ros.ament_cmake' and name 'kinect2_calibration'
[0.147s] Level 1:colcon.colcon_core.package_identification:_identify(src/kinect2_ros2/kinect2_registration) by extensions ['ignore', 'ignore_ament_install']
[0.147s] Level 1:colcon.colcon_core.package_identification:_identify(src/kinect2_ros2/kinect2_registration) by extension 'ignore'
[0.147s] Level 1:colcon.colcon_core.package_identification:_identify(src/kinect2_ros2/kinect2_registration) by extension 'ignore_ament_install'
[0.147s] Level 1:colcon.colcon_core.package_identification:_identify(src/kinect2_ros2/kinect2_registration) by extensions ['colcon_pkg']
[0.147s] Level 1:colcon.colcon_core.package_identification:_identify(src/kinect2_ros2/kinect2_registration) by extension 'colcon_pkg'
[0.147s] Level 1:colcon.colcon_core.package_identification:_identify(src/kinect2_ros2/kinect2_registration) by extensions ['colcon_meta']
[0.147s] Level 1:colcon.colcon_core.package_identification:_identify(src/kinect2_ros2/kinect2_registration) by extension 'colcon_meta'
[0.147s] Level 1:colcon.colcon_core.package_identification:_identify(src/kinect2_ros2/kinect2_registration) by extensions ['ros']
[0.147s] Level 1:colcon.colcon_core.package_identification:_identify(src/kinect2_ros2/kinect2_registration) by extension 'ros'
[0.148s] DEBUG:colcon.colcon_core.package_identification:Package 'src/kinect2_ros2/kinect2_registration' with type 'ros.ament_cmake' and name 'kinect2_registration'
[0.148s] Level 1:colcon.colcon_core.package_discovery:discover_packages(recursive) using defaults
[0.148s] Level 1:colcon.colcon_core.package_discovery:discover_packages(ignore) discover
[0.148s] Level 1:colcon.colcon_core.package_discovery:discover_packages(ignore) using defaults
[0.148s] Level 1:colcon.colcon_core.package_discovery:discover_packages(path) discover
[0.148s] Level 1:colcon.colcon_core.package_discovery:discover_packages(path) using defaults
[0.160s] INFO:colcon.colcon_core.package_selection:Skipping not selected package 'kinect2_registration' in 'src/kinect2_ros2/kinect2_registration'
[0.160s] INFO:colcon.colcon_core.package_selection:Skipping not selected package 'orbbec_camera_msgs' in 'src/OrbbecSDK_ROS2/orbbec_camera_msgs'
[0.160s] INFO:colcon.colcon_core.package_selection:Skipping not selected package 'orbbec_description' in 'src/OrbbecSDK_ROS2/orbbec_description'
[0.160s] INFO:colcon.colcon_core.package_selection:Skipping not selected package 'kinect2_bridge' in 'src/kinect2_ros2/kinect2_bridge'
[0.160s] INFO:colcon.colcon_core.package_selection:Skipping not selected package 'orbbec_camera' in 'src/OrbbecSDK_ROS2/orbbec_camera'
[0.160s] INFO:colcon.colcon_core.package_selection:Skipping not selected package 'kinect2_calibration' in 'src/kinect2_ros2/kinect2_calibration'
[0.160s] Level 1:colcon.colcon_core.package_discovery:discover_packages(prefix_path) check parameters
[0.160s] Level 1:colcon.colcon_core.package_discovery:discover_packages(prefix_path) discover
[0.161s] WARNING:colcon.colcon_core.prefix_path.colcon:The path '/home/themountaintree/workspace/ros2_ws/src/get_picture/install' in the environment variable COLCON_PREFIX_PATH doesn't exist
[0.161s] WARNING:colcon.colcon_ros.prefix_path.ament:The path '/home/themountaintree/workspace/ros2_ws/src/get_picture/install/get_picture' in the environment variable AMENT_PREFIX_PATH doesn't exist
[0.161s] WARNING:colcon.colcon_ros.prefix_path.ament:The path '/home/themountaintree/workspace/ros2_ws/install/orbbec_description' in the environment variable AMENT_PREFIX_PATH doesn't exist
[0.161s] WARNING:colcon.colcon_ros.prefix_path.ament:The path '/home/themountaintree/workspace/ros2_ws/install/orbbec_camera' in the environment variable AMENT_PREFIX_PATH doesn't exist
[0.161s] WARNING:colcon.colcon_ros.prefix_path.ament:The path '/home/themountaintree/workspace/ros2_ws/install/orbbec_camera_msgs' in the environment variable AMENT_PREFIX_PATH doesn't exist
[0.161s] WARNING:colcon.colcon_ros.prefix_path.ament:The path '/home/themountaintree/workspace/ros2_ws/install/kinect2_calibration' in the environment variable AMENT_PREFIX_PATH doesn't exist
[0.161s] WARNING:colcon.colcon_ros.prefix_path.ament:The path '/home/themountaintree/workspace/ros2_ws/install/kinect2_bridge' in the environment variable AMENT_PREFIX_PATH doesn't exist
[0.161s] WARNING:colcon.colcon_ros.prefix_path.ament:The path '/home/themountaintree/workspace/ros2_ws/install/kinect2_registration' in the environment variable AMENT_PREFIX_PATH doesn't exist
[0.161s] WARNING:colcon.colcon_ros.prefix_path.ament:The path '/home/themountaintree/workspace/ros2_ws/install/get_picture' in the environment variable AMENT_PREFIX_PATH doesn't exist
[0.161s] WARNING:colcon.colcon_ros.prefix_path.catkin:The path '/home/themountaintree/workspace/ros2_ws/install/orbbec_description' in the environment variable CMAKE_PREFIX_PATH doesn't exist
[0.161s] WARNING:colcon.colcon_ros.prefix_path.catkin:The path '/home/themountaintree/workspace/ros2_ws/install/orbbec_camera' in the environment variable CMAKE_PREFIX_PATH doesn't exist
[0.161s] WARNING:colcon.colcon_ros.prefix_path.catkin:The path '/home/themountaintree/workspace/ros2_ws/install/orbbec_camera_msgs' in the environment variable CMAKE_PREFIX_PATH doesn't exist
[0.161s] WARNING:colcon.colcon_ros.prefix_path.catkin:The path '/home/themountaintree/workspace/ros2_ws/install/kinect2_calibration' in the environment variable CMAKE_PREFIX_PATH doesn't exist
[0.161s] WARNING:colcon.colcon_ros.prefix_path.catkin:The path '/home/themountaintree/workspace/ros2_ws/install/kinect2_bridge' in the environment variable CMAKE_PREFIX_PATH doesn't exist
[0.161s] WARNING:colcon.colcon_ros.prefix_path.catkin:The path '/home/themountaintree/workspace/ros2_ws/install/kinect2_registration' in the environment variable CMAKE_PREFIX_PATH doesn't exist
[0.162s] WARNING:colcon.colcon_ros.prefix_path.catkin:The path '/home/themountaintree/workspace/ros2_ws/install/get_picture' in the environment variable CMAKE_PREFIX_PATH doesn't exist
[0.162s] DEBUG:colcon.colcon_installed_package_information.package_discovery:Found 0 installed packages in /home/themountaintree/workspace/ros2_ws/install
[0.162s] DEBUG:colcon.colcon_installed_package_information.package_discovery:Found 286 installed packages in /opt/ros/humble
[0.168s] Level 1:colcon.colcon_core.package_discovery:discover_packages(prefix_path) using defaults
[0.186s] Level 5:colcon.colcon_core.verb:set package 'get_picture' build argument 'cmake_args' from command line to 'None'
[0.186s] Level 5:colcon.colcon_core.verb:set package 'get_picture' build argument 'cmake_target' from command line to 'None'
[0.186s] Level 5:colcon.colcon_core.verb:set package 'get_picture' build argument 'cmake_target_skip_unavailable' from command line to 'False'
[0.186s] Level 5:colcon.colcon_core.verb:set package 'get_picture' build argument 'cmake_clean_cache' from command line to 'False'
[0.186s] Level 5:colcon.colcon_core.verb:set package 'get_picture' build argument 'cmake_clean_first' from command line to 'False'
[0.186s] Level 5:colcon.colcon_core.verb:set package 'get_picture' build argument 'cmake_force_configure' from command line to 'False'
[0.186s] Level 5:colcon.colcon_core.verb:set package 'get_picture' build argument 'ament_cmake_args' from command line to 'None'
[0.186s] Level 5:colcon.colcon_core.verb:set package 'get_picture' build argument 'catkin_cmake_args' from command line to 'None'
[0.186s] Level 5:colcon.colcon_core.verb:set package 'get_picture' build argument 'catkin_skip_building_tests' from command line to 'False'
[0.186s] DEBUG:colcon.colcon_core.verb:Building package 'get_picture' with the following arguments: {'ament_cmake_args': None, 'build_base': '/home/themountaintree/workspace/ros2_ws/build/get_picture', 'catkin_cmake_args': None, 'catkin_skip_building_tests': False, 'cmake_args': None, 'cmake_clean_cache': False, 'cmake_clean_first': False, 'cmake_force_configure': False, 'cmake_target': None, 'cmake_target_skip_unavailable': False, 'install_base': '/home/themountaintree/workspace/ros2_ws/install/get_picture', 'merge_install': False, 'path': '/home/themountaintree/workspace/ros2_ws/src/get_picture', 'symlink_install': False, 'test_result_base': None}
[0.186s] INFO:colcon.colcon_core.executor:Executing jobs using 'parallel' executor
[0.187s] DEBUG:colcon.colcon_parallel_executor.executor.parallel:run_until_complete
[0.187s] INFO:colcon.colcon_ros.task.ament_python.build:Building ROS package in '/home/themountaintree/workspace/ros2_ws/src/get_picture' with build type 'ament_python'
[0.187s] Level 1:colcon.colcon_core.shell:create_environment_hook('get_picture', 'ament_prefix_path')
[0.188s] INFO:colcon.colcon_core.plugin_system:Skipping extension 'colcon_core.shell.bat': Not used on non-Windows systems
[0.188s] INFO:colcon.colcon_core.shell:Creating environment hook '/home/themountaintree/workspace/ros2_ws/install/get_picture/share/get_picture/hook/ament_prefix_path.ps1'
[0.189s] INFO:colcon.colcon_core.shell:Creating environment descriptor '/home/themountaintree/workspace/ros2_ws/install/get_picture/share/get_picture/hook/ament_prefix_path.dsv'
[0.189s] INFO:colcon.colcon_core.shell:Creating environment hook '/home/themountaintree/workspace/ros2_ws/install/get_picture/share/get_picture/hook/ament_prefix_path.sh'
[0.190s] INFO:colcon.colcon_core.shell:Skip shell extension 'powershell' for command environment: Not usable outside of PowerShell
[0.190s] DEBUG:colcon.colcon_core.shell:Skip shell extension 'dsv' for command environment
[0.321s] INFO:colcon.colcon_core.task.python.build:Building Python package in '/home/themountaintree/workspace/ros2_ws/src/get_picture'
[0.322s] INFO:colcon.colcon_core.shell:Skip shell extension 'powershell' for command environment: Not usable outside of PowerShell
[0.322s] DEBUG:colcon.colcon_core.shell:Skip shell extension 'dsv' for command environment
[0.491s] DEBUG:colcon.colcon_core.event_handler.log_command:Invoking command in '/home/themountaintree/workspace/ros2_ws/src/get_picture': CONDA_PROMPT_MODIFIER=(robot_env) PYTHONPATH=/home/themountaintree/workspace/ros2_ws/build/get_picture/prefix_override:/usr/lib/python3/dist-packages/colcon_core/task/python/colcon_distutils_commands:/home/themountaintree/workspace/ros2_ws/install/get_picture/lib/python3.10/site-packages:${PYTHONPATH} /usr/bin/python3 -W ignore:setup.py install is deprecated -W ignore:easy_install command is deprecated setup.py egg_info --egg-base ../../build/get_picture build --build-base /home/themountaintree/workspace/ros2_ws/build/get_picture/build install --record /home/themountaintree/workspace/ros2_ws/build/get_picture/install.log --single-version-externally-managed install_data
[0.650s] DEBUG:colcon.colcon_core.event_handler.log_command:Invoked command in '/home/themountaintree/workspace/ros2_ws/src/get_picture' returned '0': CONDA_PROMPT_MODIFIER=(robot_env) PYTHONPATH=/home/themountaintree/workspace/ros2_ws/build/get_picture/prefix_override:/usr/lib/python3/dist-packages/colcon_core/task/python/colcon_distutils_commands:/home/themountaintree/workspace/ros2_ws/install/get_picture/lib/python3.10/site-packages:${PYTHONPATH} /usr/bin/python3 -W ignore:setup.py install is deprecated -W ignore:easy_install command is deprecated setup.py egg_info --egg-base ../../build/get_picture build --build-base /home/themountaintree/workspace/ros2_ws/build/get_picture/build install --record /home/themountaintree/workspace/ros2_ws/build/get_picture/install.log --single-version-externally-managed install_data
[0.651s] Level 1:colcon.colcon_core.environment:checking '/home/themountaintree/workspace/ros2_ws/install/get_picture' for CMake module files
[0.652s] Level 1:colcon.colcon_core.environment:checking '/home/themountaintree/workspace/ros2_ws/install/get_picture' for CMake config files
[0.652s] Level 1:colcon.colcon_core.environment:checking '/home/themountaintree/workspace/ros2_ws/install/get_picture/lib'
[0.652s] Level 1:colcon.colcon_core.environment:checking '/home/themountaintree/workspace/ros2_ws/install/get_picture/bin'
[0.652s] Level 1:colcon.colcon_core.environment:checking '/home/themountaintree/workspace/ros2_ws/install/get_picture/lib/pkgconfig/get_picture.pc'
[0.652s] Level 1:colcon.colcon_core.environment:checking '/home/themountaintree/workspace/ros2_ws/install/get_picture/lib/python3.10/site-packages'
[0.652s] Level 1:colcon.colcon_core.shell:create_environment_hook('get_picture', 'pythonpath')
[0.652s] INFO:colcon.colcon_core.shell:Creating environment hook '/home/themountaintree/workspace/ros2_ws/install/get_picture/share/get_picture/hook/pythonpath.ps1'
[0.653s] INFO:colcon.colcon_core.shell:Creating environment descriptor '/home/themountaintree/workspace/ros2_ws/install/get_picture/share/get_picture/hook/pythonpath.dsv'
[0.653s] INFO:colcon.colcon_core.shell:Creating environment hook '/home/themountaintree/workspace/ros2_ws/install/get_picture/share/get_picture/hook/pythonpath.sh'
[0.653s] Level 1:colcon.colcon_core.environment:checking '/home/themountaintree/workspace/ros2_ws/install/get_picture/bin'
[0.653s] Level 1:colcon.colcon_core.environment:create_environment_scripts_only(get_picture)
[0.654s] INFO:colcon.colcon_core.shell:Creating package script '/home/themountaintree/workspace/ros2_ws/install/get_picture/share/get_picture/package.ps1'
[0.654s] INFO:colcon.colcon_core.shell:Creating package descriptor '/home/themountaintree/workspace/ros2_ws/install/get_picture/share/get_picture/package.dsv'
[0.654s] INFO:colcon.colcon_core.shell:Creating package script '/home/themountaintree/workspace/ros2_ws/install/get_picture/share/get_picture/package.sh'
[0.655s] INFO:colcon.colcon_core.shell:Creating package script '/home/themountaintree/workspace/ros2_ws/install/get_picture/share/get_picture/package.bash'
[0.655s] INFO:colcon.colcon_core.shell:Creating package script '/home/themountaintree/workspace/ros2_ws/install/get_picture/share/get_picture/package.zsh'
[0.655s] Level 1:colcon.colcon_core.environment:create_file_with_runtime_dependencies(/home/themountaintree/workspace/ros2_ws/install/get_picture/share/colcon-core/packages/get_picture)
[0.656s] DEBUG:colcon.colcon_parallel_executor.executor.parallel:closing loop
[0.656s] DEBUG:colcon.colcon_parallel_executor.executor.parallel:loop closed
[0.656s] DEBUG:colcon.colcon_parallel_executor.executor.parallel:run_until_complete finished with '0'
[0.656s] DEBUG:colcon.colcon_core.event_reactor:joining thread
[0.660s] INFO:colcon.colcon_core.plugin_system:Skipping extension 'colcon_notification.desktop_notification.terminal_notifier': Not used on non-Darwin systems
[0.660s] INFO:colcon.colcon_core.plugin_system:Skipping extension 'colcon_notification.desktop_notification.win32': Not used on non-Windows systems
[0.660s] INFO:colcon.colcon_notification.desktop_notification:Sending desktop notification using 'notify2'
[0.668s] DEBUG:colcon.colcon_core.event_reactor:joined thread
[0.668s] INFO:colcon.colcon_core.shell:Creating prefix script '/home/themountaintree/workspace/ros2_ws/install/local_setup.ps1'
[0.670s] INFO:colcon.colcon_core.shell:Creating prefix util module '/home/themountaintree/workspace/ros2_ws/install/_local_setup_util_ps1.py'
[0.670s] INFO:colcon.colcon_core.shell:Creating prefix chain script '/home/themountaintree/workspace/ros2_ws/install/setup.ps1'
[0.671s] INFO:colcon.colcon_core.shell:Creating prefix script '/home/themountaintree/workspace/ros2_ws/install/local_setup.sh'
[0.672s] INFO:colcon.colcon_core.shell:Creating prefix util module '/home/themountaintree/workspace/ros2_ws/install/_local_setup_util_sh.py'
[0.672s] INFO:colcon.colcon_core.shell:Creating prefix chain script '/home/themountaintree/workspace/ros2_ws/install/setup.sh'
[0.673s] INFO:colcon.colcon_core.shell:Creating prefix script '/home/themountaintree/workspace/ros2_ws/install/local_setup.bash'
[0.673s] INFO:colcon.colcon_core.shell:Creating prefix chain script '/home/themountaintree/workspace/ros2_ws/install/setup.bash'
[0.673s] INFO:colcon.colcon_core.shell:Creating prefix script '/home/themountaintree/workspace/ros2_ws/install/local_setup.zsh'
[0.674s] INFO:colcon.colcon_core.shell:Creating prefix chain script '/home/themountaintree/workspace/ros2_ws/install/setup.zsh'
