[0.162s] DEBUG:colcon:Command line arguments: ['/usr/bin/colcon', 'build']
[0.162s] DEBUG:colcon:Parsed command line arguments: Namespace(log_base=None, log_level=None, verb_name='build', build_base='build', install_base='install', merge_install=False, symlink_install=False, test_result_base=None, continue_on_error=False, executor='parallel', parallel_workers=20, event_handlers=None, ignore_user_meta=False, metas=['./colcon.meta'], base_paths=['.'], packages_ignore=None, packages_ignore_regex=None, paths=None, packages_up_to=None, packages_up_to_regex=None, packages_above=None, packages_above_and_dependencies=None, packages_above_depth=None, packages_select_by_dep=None, packages_skip_by_dep=None, packages_skip_up_to=None, packages_select_build_failed=False, packages_skip_build_finished=False, packages_select_test_failures=False, packages_skip_test_passed=False, packages_select=None, packages_skip=None, packages_select_regex=None, packages_skip_regex=None, packages_start=None, packages_end=None, allow_overriding=[], cmake_args=None, cmake_target=None, cmake_target_skip_unavailable=False, cmake_clean_cache=False, cmake_clean_first=False, cmake_force_configure=False, ament_cmake_args=None, catkin_cmake_args=None, catkin_skip_building_tests=False, verb_parser=<colcon_defaults.argument_parser.defaults.DefaultArgumentsDecorator object at 0x719ecd7971c0>, verb_extension=<colcon_core.verb.build.BuildVerb object at 0x719ecd796c50>, main=<bound method BuildVerb.main of <colcon_core.verb.build.BuildVerb object at 0x719ecd796c50>>)
[0.321s] Level 1:colcon.colcon_core.package_discovery:discover_packages(colcon_meta) check parameters
[0.321s] Level 1:colcon.colcon_core.package_discovery:discover_packages(recursive) check parameters
[0.321s] Level 1:colcon.colcon_core.package_discovery:discover_packages(ignore) check parameters
[0.321s] Level 1:colcon.colcon_core.package_discovery:discover_packages(path) check parameters
[0.321s] Level 1:colcon.colcon_core.package_discovery:discover_packages(colcon_meta) discover
[0.321s] Level 1:colcon.colcon_core.package_discovery:discover_packages(recursive) discover
[0.321s] INFO:colcon.colcon_core.package_discovery:Crawling recursively for packages in '/home/themountaintree/workspace/ros2_ws'
[0.321s] Level 1:colcon.colcon_core.package_identification:_identify(.) by extensions ['ignore', 'ignore_ament_install']
[0.321s] Level 1:colcon.colcon_core.package_identification:_identify(.) by extension 'ignore'
[0.321s] Level 1:colcon.colcon_core.package_identification:_identify(.) by extension 'ignore_ament_install'
[0.321s] Level 1:colcon.colcon_core.package_identification:_identify(.) by extensions ['colcon_pkg']
[0.321s] Level 1:colcon.colcon_core.package_identification:_identify(.) by extension 'colcon_pkg'
[0.321s] Level 1:colcon.colcon_core.package_identification:_identify(.) by extensions ['colcon_meta']
[0.321s] Level 1:colcon.colcon_core.package_identification:_identify(.) by extension 'colcon_meta'
[0.321s] Level 1:colcon.colcon_core.package_identification:_identify(.) by extensions ['ros']
[0.321s] Level 1:colcon.colcon_core.package_identification:_identify(.) by extension 'ros'
[0.331s] Level 1:colcon.colcon_core.package_identification:_identify(.) by extensions ['cmake', 'python']
[0.331s] Level 1:colcon.colcon_core.package_identification:_identify(.) by extension 'cmake'
[0.331s] Level 1:colcon.colcon_core.package_identification:_identify(.) by extension 'python'
[0.331s] Level 1:colcon.colcon_core.package_identification:_identify(.) by extensions ['python_setup_py']
[0.331s] Level 1:colcon.colcon_core.package_identification:_identify(.) by extension 'python_setup_py'
[0.331s] Level 1:colcon.colcon_core.package_identification:_identify(build) by extensions ['ignore', 'ignore_ament_install']
[0.331s] Level 1:colcon.colcon_core.package_identification:_identify(build) by extension 'ignore'
[0.331s] Level 1:colcon.colcon_core.package_identification:_identify(build) ignored
[0.331s] Level 1:colcon.colcon_core.package_identification:_identify(data) by extensions ['ignore', 'ignore_ament_install']
[0.331s] Level 1:colcon.colcon_core.package_identification:_identify(data) by extension 'ignore'
[0.331s] Level 1:colcon.colcon_core.package_identification:_identify(data) by extension 'ignore_ament_install'
[0.331s] Level 1:colcon.colcon_core.package_identification:_identify(data) by extensions ['colcon_pkg']
[0.331s] Level 1:colcon.colcon_core.package_identification:_identify(data) by extension 'colcon_pkg'
[0.331s] Level 1:colcon.colcon_core.package_identification:_identify(data) by extensions ['colcon_meta']
[0.331s] Level 1:colcon.colcon_core.package_identification:_identify(data) by extension 'colcon_meta'
[0.331s] Level 1:colcon.colcon_core.package_identification:_identify(data) by extensions ['ros']
[0.331s] Level 1:colcon.colcon_core.package_identification:_identify(data) by extension 'ros'
[0.331s] Level 1:colcon.colcon_core.package_identification:_identify(data) by extensions ['cmake', 'python']
[0.331s] Level 1:colcon.colcon_core.package_identification:_identify(data) by extension 'cmake'
[0.331s] Level 1:colcon.colcon_core.package_identification:_identify(data) by extension 'python'
[0.331s] Level 1:colcon.colcon_core.package_identification:_identify(data) by extensions ['python_setup_py']
[0.331s] Level 1:colcon.colcon_core.package_identification:_identify(data) by extension 'python_setup_py'
[0.332s] Level 1:colcon.colcon_core.package_identification:_identify(data/kinect2) by extensions ['ignore', 'ignore_ament_install']
[0.332s] Level 1:colcon.colcon_core.package_identification:_identify(data/kinect2) by extension 'ignore'
[0.332s] Level 1:colcon.colcon_core.package_identification:_identify(data/kinect2) by extension 'ignore_ament_install'
[0.332s] Level 1:colcon.colcon_core.package_identification:_identify(data/kinect2) by extensions ['colcon_pkg']
[0.332s] Level 1:colcon.colcon_core.package_identification:_identify(data/kinect2) by extension 'colcon_pkg'
[0.332s] Level 1:colcon.colcon_core.package_identification:_identify(data/kinect2) by extensions ['colcon_meta']
[0.332s] Level 1:colcon.colcon_core.package_identification:_identify(data/kinect2) by extension 'colcon_meta'
[0.332s] Level 1:colcon.colcon_core.package_identification:_identify(data/kinect2) by extensions ['ros']
[0.332s] Level 1:colcon.colcon_core.package_identification:_identify(data/kinect2) by extension 'ros'
[0.332s] Level 1:colcon.colcon_core.package_identification:_identify(data/kinect2) by extensions ['cmake', 'python']
[0.332s] Level 1:colcon.colcon_core.package_identification:_identify(data/kinect2) by extension 'cmake'
[0.332s] Level 1:colcon.colcon_core.package_identification:_identify(data/kinect2) by extension 'python'
[0.332s] Level 1:colcon.colcon_core.package_identification:_identify(data/kinect2) by extensions ['python_setup_py']
[0.332s] Level 1:colcon.colcon_core.package_identification:_identify(data/kinect2) by extension 'python_setup_py'
[0.332s] Level 1:colcon.colcon_core.package_identification:_identify(data/orbbec) by extensions ['ignore', 'ignore_ament_install']
[0.332s] Level 1:colcon.colcon_core.package_identification:_identify(data/orbbec) by extension 'ignore'
[0.332s] Level 1:colcon.colcon_core.package_identification:_identify(data/orbbec) by extension 'ignore_ament_install'
[0.332s] Level 1:colcon.colcon_core.package_identification:_identify(data/orbbec) by extensions ['colcon_pkg']
[0.332s] Level 1:colcon.colcon_core.package_identification:_identify(data/orbbec) by extension 'colcon_pkg'
[0.332s] Level 1:colcon.colcon_core.package_identification:_identify(data/orbbec) by extensions ['colcon_meta']
[0.332s] Level 1:colcon.colcon_core.package_identification:_identify(data/orbbec) by extension 'colcon_meta'
[0.332s] Level 1:colcon.colcon_core.package_identification:_identify(data/orbbec) by extensions ['ros']
[0.332s] Level 1:colcon.colcon_core.package_identification:_identify(data/orbbec) by extension 'ros'
[0.332s] Level 1:colcon.colcon_core.package_identification:_identify(data/orbbec) by extensions ['cmake', 'python']
[0.332s] Level 1:colcon.colcon_core.package_identification:_identify(data/orbbec) by extension 'cmake'
[0.332s] Level 1:colcon.colcon_core.package_identification:_identify(data/orbbec) by extension 'python'
[0.332s] Level 1:colcon.colcon_core.package_identification:_identify(data/orbbec) by extensions ['python_setup_py']
[0.332s] Level 1:colcon.colcon_core.package_identification:_identify(data/orbbec) by extension 'python_setup_py'
[0.332s] Level 1:colcon.colcon_core.package_identification:_identify(install) by extensions ['ignore', 'ignore_ament_install']
[0.332s] Level 1:colcon.colcon_core.package_identification:_identify(install) by extension 'ignore'
[0.332s] Level 1:colcon.colcon_core.package_identification:_identify(install) ignored
[0.332s] Level 1:colcon.colcon_core.package_identification:_identify(kinect2_data) by extensions ['ignore', 'ignore_ament_install']
[0.332s] Level 1:colcon.colcon_core.package_identification:_identify(kinect2_data) by extension 'ignore'
[0.332s] Level 1:colcon.colcon_core.package_identification:_identify(kinect2_data) by extension 'ignore_ament_install'
[0.332s] Level 1:colcon.colcon_core.package_identification:_identify(kinect2_data) by extensions ['colcon_pkg']
[0.332s] Level 1:colcon.colcon_core.package_identification:_identify(kinect2_data) by extension 'colcon_pkg'
[0.332s] Level 1:colcon.colcon_core.package_identification:_identify(kinect2_data) by extensions ['colcon_meta']
[0.333s] Level 1:colcon.colcon_core.package_identification:_identify(kinect2_data) by extension 'colcon_meta'
[0.333s] Level 1:colcon.colcon_core.package_identification:_identify(kinect2_data) by extensions ['ros']
[0.333s] Level 1:colcon.colcon_core.package_identification:_identify(kinect2_data) by extension 'ros'
[0.333s] Level 1:colcon.colcon_core.package_identification:_identify(kinect2_data) by extensions ['cmake', 'python']
[0.333s] Level 1:colcon.colcon_core.package_identification:_identify(kinect2_data) by extension 'cmake'
[0.333s] Level 1:colcon.colcon_core.package_identification:_identify(kinect2_data) by extension 'python'
[0.333s] Level 1:colcon.colcon_core.package_identification:_identify(kinect2_data) by extensions ['python_setup_py']
[0.333s] Level 1:colcon.colcon_core.package_identification:_identify(kinect2_data) by extension 'python_setup_py'
[0.333s] Level 1:colcon.colcon_core.package_identification:_identify(log) by extensions ['ignore', 'ignore_ament_install']
[0.333s] Level 1:colcon.colcon_core.package_identification:_identify(log) by extension 'ignore'
[0.333s] Level 1:colcon.colcon_core.package_identification:_identify(log) ignored
[0.333s] Level 1:colcon.colcon_core.package_identification:_identify(src) by extensions ['ignore', 'ignore_ament_install']
[0.333s] Level 1:colcon.colcon_core.package_identification:_identify(src) by extension 'ignore'
[0.333s] Level 1:colcon.colcon_core.package_identification:_identify(src) by extension 'ignore_ament_install'
[0.333s] Level 1:colcon.colcon_core.package_identification:_identify(src) by extensions ['colcon_pkg']
[0.333s] Level 1:colcon.colcon_core.package_identification:_identify(src) by extension 'colcon_pkg'
[0.333s] Level 1:colcon.colcon_core.package_identification:_identify(src) by extensions ['colcon_meta']
[0.333s] Level 1:colcon.colcon_core.package_identification:_identify(src) by extension 'colcon_meta'
[0.333s] Level 1:colcon.colcon_core.package_identification:_identify(src) by extensions ['ros']
[0.333s] Level 1:colcon.colcon_core.package_identification:_identify(src) by extension 'ros'
[0.333s] Level 1:colcon.colcon_core.package_identification:_identify(src) by extensions ['cmake', 'python']
[0.333s] Level 1:colcon.colcon_core.package_identification:_identify(src) by extension 'cmake'
[0.333s] Level 1:colcon.colcon_core.package_identification:_identify(src) by extension 'python'
[0.333s] Level 1:colcon.colcon_core.package_identification:_identify(src) by extensions ['python_setup_py']
[0.333s] Level 1:colcon.colcon_core.package_identification:_identify(src) by extension 'python_setup_py'
[0.333s] Level 1:colcon.colcon_core.package_identification:_identify(src/OrbbecSDK_ROS2) by extensions ['ignore', 'ignore_ament_install']
[0.333s] Level 1:colcon.colcon_core.package_identification:_identify(src/OrbbecSDK_ROS2) by extension 'ignore'
[0.333s] Level 1:colcon.colcon_core.package_identification:_identify(src/OrbbecSDK_ROS2) by extension 'ignore_ament_install'
[0.333s] Level 1:colcon.colcon_core.package_identification:_identify(src/OrbbecSDK_ROS2) by extensions ['colcon_pkg']
[0.333s] Level 1:colcon.colcon_core.package_identification:_identify(src/OrbbecSDK_ROS2) by extension 'colcon_pkg'
[0.333s] Level 1:colcon.colcon_core.package_identification:_identify(src/OrbbecSDK_ROS2) by extensions ['colcon_meta']
[0.333s] Level 1:colcon.colcon_core.package_identification:_identify(src/OrbbecSDK_ROS2) by extension 'colcon_meta'
[0.333s] Level 1:colcon.colcon_core.package_identification:_identify(src/OrbbecSDK_ROS2) by extensions ['ros']
[0.333s] Level 1:colcon.colcon_core.package_identification:_identify(src/OrbbecSDK_ROS2) by extension 'ros'
[0.333s] Level 1:colcon.colcon_core.package_identification:_identify(src/OrbbecSDK_ROS2) by extensions ['cmake', 'python']
[0.333s] Level 1:colcon.colcon_core.package_identification:_identify(src/OrbbecSDK_ROS2) by extension 'cmake'
[0.333s] Level 1:colcon.colcon_core.package_identification:_identify(src/OrbbecSDK_ROS2) by extension 'python'
[0.333s] Level 1:colcon.colcon_core.package_identification:_identify(src/OrbbecSDK_ROS2) by extensions ['python_setup_py']
[0.333s] Level 1:colcon.colcon_core.package_identification:_identify(src/OrbbecSDK_ROS2) by extension 'python_setup_py'
[0.333s] Level 1:colcon.colcon_core.package_identification:_identify(src/OrbbecSDK_ROS2/orbbec_camera) by extensions ['ignore', 'ignore_ament_install']
[0.334s] Level 1:colcon.colcon_core.package_identification:_identify(src/OrbbecSDK_ROS2/orbbec_camera) by extension 'ignore'
[0.334s] Level 1:colcon.colcon_core.package_identification:_identify(src/OrbbecSDK_ROS2/orbbec_camera) by extension 'ignore_ament_install'
[0.334s] Level 1:colcon.colcon_core.package_identification:_identify(src/OrbbecSDK_ROS2/orbbec_camera) by extensions ['colcon_pkg']
[0.334s] Level 1:colcon.colcon_core.package_identification:_identify(src/OrbbecSDK_ROS2/orbbec_camera) by extension 'colcon_pkg'
[0.334s] Level 1:colcon.colcon_core.package_identification:_identify(src/OrbbecSDK_ROS2/orbbec_camera) by extensions ['colcon_meta']
[0.334s] Level 1:colcon.colcon_core.package_identification:_identify(src/OrbbecSDK_ROS2/orbbec_camera) by extension 'colcon_meta'
[0.334s] Level 1:colcon.colcon_core.package_identification:_identify(src/OrbbecSDK_ROS2/orbbec_camera) by extensions ['ros']
[0.334s] Level 1:colcon.colcon_core.package_identification:_identify(src/OrbbecSDK_ROS2/orbbec_camera) by extension 'ros'
[0.337s] DEBUG:colcon.colcon_core.package_identification:Package 'src/OrbbecSDK_ROS2/orbbec_camera' with type 'ros.ament_cmake' and name 'orbbec_camera'
[0.337s] Level 1:colcon.colcon_core.package_identification:_identify(src/OrbbecSDK_ROS2/orbbec_camera_msgs) by extensions ['ignore', 'ignore_ament_install']
[0.338s] Level 1:colcon.colcon_core.package_identification:_identify(src/OrbbecSDK_ROS2/orbbec_camera_msgs) by extension 'ignore'
[0.338s] Level 1:colcon.colcon_core.package_identification:_identify(src/OrbbecSDK_ROS2/orbbec_camera_msgs) by extension 'ignore_ament_install'
[0.338s] Level 1:colcon.colcon_core.package_identification:_identify(src/OrbbecSDK_ROS2/orbbec_camera_msgs) by extensions ['colcon_pkg']
[0.338s] Level 1:colcon.colcon_core.package_identification:_identify(src/OrbbecSDK_ROS2/orbbec_camera_msgs) by extension 'colcon_pkg'
[0.338s] Level 1:colcon.colcon_core.package_identification:_identify(src/OrbbecSDK_ROS2/orbbec_camera_msgs) by extensions ['colcon_meta']
[0.338s] Level 1:colcon.colcon_core.package_identification:_identify(src/OrbbecSDK_ROS2/orbbec_camera_msgs) by extension 'colcon_meta'
[0.338s] Level 1:colcon.colcon_core.package_identification:_identify(src/OrbbecSDK_ROS2/orbbec_camera_msgs) by extensions ['ros']
[0.338s] Level 1:colcon.colcon_core.package_identification:_identify(src/OrbbecSDK_ROS2/orbbec_camera_msgs) by extension 'ros'
[0.338s] DEBUG:colcon.colcon_core.package_identification:Package 'src/OrbbecSDK_ROS2/orbbec_camera_msgs' with type 'ros.ament_cmake' and name 'orbbec_camera_msgs'
[0.338s] Level 1:colcon.colcon_core.package_identification:_identify(src/OrbbecSDK_ROS2/orbbec_description) by extensions ['ignore', 'ignore_ament_install']
[0.339s] Level 1:colcon.colcon_core.package_identification:_identify(src/OrbbecSDK_ROS2/orbbec_description) by extension 'ignore'
[0.339s] Level 1:colcon.colcon_core.package_identification:_identify(src/OrbbecSDK_ROS2/orbbec_description) by extension 'ignore_ament_install'
[0.339s] Level 1:colcon.colcon_core.package_identification:_identify(src/OrbbecSDK_ROS2/orbbec_description) by extensions ['colcon_pkg']
[0.339s] Level 1:colcon.colcon_core.package_identification:_identify(src/OrbbecSDK_ROS2/orbbec_description) by extension 'colcon_pkg'
[0.339s] Level 1:colcon.colcon_core.package_identification:_identify(src/OrbbecSDK_ROS2/orbbec_description) by extensions ['colcon_meta']
[0.339s] Level 1:colcon.colcon_core.package_identification:_identify(src/OrbbecSDK_ROS2/orbbec_description) by extension 'colcon_meta'
[0.339s] Level 1:colcon.colcon_core.package_identification:_identify(src/OrbbecSDK_ROS2/orbbec_description) by extensions ['ros']
[0.339s] Level 1:colcon.colcon_core.package_identification:_identify(src/OrbbecSDK_ROS2/orbbec_description) by extension 'ros'
[0.339s] DEBUG:colcon.colcon_core.package_identification:Package 'src/OrbbecSDK_ROS2/orbbec_description' with type 'ros.ament_cmake' and name 'orbbec_description'
[0.339s] Level 1:colcon.colcon_core.package_identification:_identify(src/get_picture) by extensions ['ignore', 'ignore_ament_install']
[0.339s] Level 1:colcon.colcon_core.package_identification:_identify(src/get_picture) by extension 'ignore'
[0.339s] Level 1:colcon.colcon_core.package_identification:_identify(src/get_picture) by extension 'ignore_ament_install'
[0.339s] Level 1:colcon.colcon_core.package_identification:_identify(src/get_picture) by extensions ['colcon_pkg']
[0.339s] Level 1:colcon.colcon_core.package_identification:_identify(src/get_picture) by extension 'colcon_pkg'
[0.339s] Level 1:colcon.colcon_core.package_identification:_identify(src/get_picture) by extensions ['colcon_meta']
[0.340s] Level 1:colcon.colcon_core.package_identification:_identify(src/get_picture) by extension 'colcon_meta'
[0.340s] Level 1:colcon.colcon_core.package_identification:_identify(src/get_picture) by extensions ['ros']
[0.340s] Level 1:colcon.colcon_core.package_identification:_identify(src/get_picture) by extension 'ros'
[0.340s] DEBUG:colcon.colcon_core.package_identification:Package 'src/get_picture' with type 'ros.ament_cmake' and name 'get_picture'
[0.340s] Level 1:colcon.colcon_core.package_identification:_identify(src/kinect2_ros2) by extensions ['ignore', 'ignore_ament_install']
[0.340s] Level 1:colcon.colcon_core.package_identification:_identify(src/kinect2_ros2) by extension 'ignore'
[0.340s] Level 1:colcon.colcon_core.package_identification:_identify(src/kinect2_ros2) by extension 'ignore_ament_install'
[0.340s] Level 1:colcon.colcon_core.package_identification:_identify(src/kinect2_ros2) by extensions ['colcon_pkg']
[0.340s] Level 1:colcon.colcon_core.package_identification:_identify(src/kinect2_ros2) by extension 'colcon_pkg'
[0.340s] Level 1:colcon.colcon_core.package_identification:_identify(src/kinect2_ros2) by extensions ['colcon_meta']
[0.340s] Level 1:colcon.colcon_core.package_identification:_identify(src/kinect2_ros2) by extension 'colcon_meta'
[0.340s] Level 1:colcon.colcon_core.package_identification:_identify(src/kinect2_ros2) by extensions ['ros']
[0.340s] Level 1:colcon.colcon_core.package_identification:_identify(src/kinect2_ros2) by extension 'ros'
[0.340s] Level 1:colcon.colcon_core.package_identification:_identify(src/kinect2_ros2) by extensions ['cmake', 'python']
[0.340s] Level 1:colcon.colcon_core.package_identification:_identify(src/kinect2_ros2) by extension 'cmake'
[0.341s] Level 1:colcon.colcon_core.package_identification:_identify(src/kinect2_ros2) by extension 'python'
[0.341s] Level 1:colcon.colcon_core.package_identification:_identify(src/kinect2_ros2) by extensions ['python_setup_py']
[0.341s] Level 1:colcon.colcon_core.package_identification:_identify(src/kinect2_ros2) by extension 'python_setup_py'
[0.341s] Level 1:colcon.colcon_core.package_identification:_identify(src/kinect2_ros2/kinect2_bridge) by extensions ['ignore', 'ignore_ament_install']
[0.341s] Level 1:colcon.colcon_core.package_identification:_identify(src/kinect2_ros2/kinect2_bridge) by extension 'ignore'
[0.341s] Level 1:colcon.colcon_core.package_identification:_identify(src/kinect2_ros2/kinect2_bridge) by extension 'ignore_ament_install'
[0.341s] Level 1:colcon.colcon_core.package_identification:_identify(src/kinect2_ros2/kinect2_bridge) by extensions ['colcon_pkg']
[0.341s] Level 1:colcon.colcon_core.package_identification:_identify(src/kinect2_ros2/kinect2_bridge) by extension 'colcon_pkg'
[0.341s] Level 1:colcon.colcon_core.package_identification:_identify(src/kinect2_ros2/kinect2_bridge) by extensions ['colcon_meta']
[0.341s] Level 1:colcon.colcon_core.package_identification:_identify(src/kinect2_ros2/kinect2_bridge) by extension 'colcon_meta'
[0.341s] Level 1:colcon.colcon_core.package_identification:_identify(src/kinect2_ros2/kinect2_bridge) by extensions ['ros']
[0.341s] Level 1:colcon.colcon_core.package_identification:_identify(src/kinect2_ros2/kinect2_bridge) by extension 'ros'
[0.342s] DEBUG:colcon.colcon_core.package_identification:Package 'src/kinect2_ros2/kinect2_bridge' with type 'ros.ament_cmake' and name 'kinect2_bridge'
[0.342s] Level 1:colcon.colcon_core.package_identification:_identify(src/kinect2_ros2/kinect2_calibration) by extensions ['ignore', 'ignore_ament_install']
[0.342s] Level 1:colcon.colcon_core.package_identification:_identify(src/kinect2_ros2/kinect2_calibration) by extension 'ignore'
[0.342s] Level 1:colcon.colcon_core.package_identification:_identify(src/kinect2_ros2/kinect2_calibration) by extension 'ignore_ament_install'
[0.342s] Level 1:colcon.colcon_core.package_identification:_identify(src/kinect2_ros2/kinect2_calibration) by extensions ['colcon_pkg']
[0.342s] Level 1:colcon.colcon_core.package_identification:_identify(src/kinect2_ros2/kinect2_calibration) by extension 'colcon_pkg'
[0.342s] Level 1:colcon.colcon_core.package_identification:_identify(src/kinect2_ros2/kinect2_calibration) by extensions ['colcon_meta']
[0.342s] Level 1:colcon.colcon_core.package_identification:_identify(src/kinect2_ros2/kinect2_calibration) by extension 'colcon_meta'
[0.342s] Level 1:colcon.colcon_core.package_identification:_identify(src/kinect2_ros2/kinect2_calibration) by extensions ['ros']
[0.342s] Level 1:colcon.colcon_core.package_identification:_identify(src/kinect2_ros2/kinect2_calibration) by extension 'ros'
[0.343s] DEBUG:colcon.colcon_core.package_identification:Package 'src/kinect2_ros2/kinect2_calibration' with type 'ros.ament_cmake' and name 'kinect2_calibration'
[0.343s] Level 1:colcon.colcon_core.package_identification:_identify(src/kinect2_ros2/kinect2_registration) by extensions ['ignore', 'ignore_ament_install']
[0.343s] Level 1:colcon.colcon_core.package_identification:_identify(src/kinect2_ros2/kinect2_registration) by extension 'ignore'
[0.343s] Level 1:colcon.colcon_core.package_identification:_identify(src/kinect2_ros2/kinect2_registration) by extension 'ignore_ament_install'
[0.343s] Level 1:colcon.colcon_core.package_identification:_identify(src/kinect2_ros2/kinect2_registration) by extensions ['colcon_pkg']
[0.343s] Level 1:colcon.colcon_core.package_identification:_identify(src/kinect2_ros2/kinect2_registration) by extension 'colcon_pkg'
[0.343s] Level 1:colcon.colcon_core.package_identification:_identify(src/kinect2_ros2/kinect2_registration) by extensions ['colcon_meta']
[0.343s] Level 1:colcon.colcon_core.package_identification:_identify(src/kinect2_ros2/kinect2_registration) by extension 'colcon_meta'
[0.343s] Level 1:colcon.colcon_core.package_identification:_identify(src/kinect2_ros2/kinect2_registration) by extensions ['ros']
[0.343s] Level 1:colcon.colcon_core.package_identification:_identify(src/kinect2_ros2/kinect2_registration) by extension 'ros'
[0.344s] DEBUG:colcon.colcon_core.package_identification:Package 'src/kinect2_ros2/kinect2_registration' with type 'ros.ament_cmake' and name 'kinect2_registration'
[0.344s] Level 1:colcon.colcon_core.package_discovery:discover_packages(recursive) using defaults
[0.344s] Level 1:colcon.colcon_core.package_discovery:discover_packages(ignore) discover
[0.344s] Level 1:colcon.colcon_core.package_discovery:discover_packages(ignore) using defaults
[0.344s] Level 1:colcon.colcon_core.package_discovery:discover_packages(path) discover
[0.344s] Level 1:colcon.colcon_core.package_discovery:discover_packages(path) using defaults
[0.366s] Level 1:colcon.colcon_core.package_discovery:discover_packages(prefix_path) check parameters
[0.366s] Level 1:colcon.colcon_core.package_discovery:discover_packages(prefix_path) discover
[0.368s] DEBUG:colcon.colcon_installed_package_information.package_discovery:Found 286 installed packages in /opt/ros/humble
[0.374s] Level 1:colcon.colcon_core.package_discovery:discover_packages(prefix_path) using defaults
[0.392s] Level 5:colcon.colcon_core.verb:set package 'get_picture' build argument 'cmake_args' from command line to 'None'
[0.393s] Level 5:colcon.colcon_core.verb:set package 'get_picture' build argument 'cmake_target' from command line to 'None'
[0.393s] Level 5:colcon.colcon_core.verb:set package 'get_picture' build argument 'cmake_target_skip_unavailable' from command line to 'False'
[0.393s] Level 5:colcon.colcon_core.verb:set package 'get_picture' build argument 'cmake_clean_cache' from command line to 'False'
[0.393s] Level 5:colcon.colcon_core.verb:set package 'get_picture' build argument 'cmake_clean_first' from command line to 'False'
[0.393s] Level 5:colcon.colcon_core.verb:set package 'get_picture' build argument 'cmake_force_configure' from command line to 'False'
[0.393s] Level 5:colcon.colcon_core.verb:set package 'get_picture' build argument 'ament_cmake_args' from command line to 'None'
[0.393s] Level 5:colcon.colcon_core.verb:set package 'get_picture' build argument 'catkin_cmake_args' from command line to 'None'
[0.393s] Level 5:colcon.colcon_core.verb:set package 'get_picture' build argument 'catkin_skip_building_tests' from command line to 'False'
[0.393s] DEBUG:colcon.colcon_core.verb:Building package 'get_picture' with the following arguments: {'ament_cmake_args': None, 'build_base': '/home/themountaintree/workspace/ros2_ws/build/get_picture', 'catkin_cmake_args': None, 'catkin_skip_building_tests': False, 'cmake_args': None, 'cmake_clean_cache': False, 'cmake_clean_first': False, 'cmake_force_configure': False, 'cmake_target': None, 'cmake_target_skip_unavailable': False, 'install_base': '/home/themountaintree/workspace/ros2_ws/install/get_picture', 'merge_install': False, 'path': '/home/themountaintree/workspace/ros2_ws/src/get_picture', 'symlink_install': False, 'test_result_base': None}
[0.393s] Level 5:colcon.colcon_core.verb:set package 'kinect2_registration' build argument 'cmake_args' from command line to 'None'
[0.393s] Level 5:colcon.colcon_core.verb:set package 'kinect2_registration' build argument 'cmake_target' from command line to 'None'
[0.393s] Level 5:colcon.colcon_core.verb:set package 'kinect2_registration' build argument 'cmake_target_skip_unavailable' from command line to 'False'
[0.393s] Level 5:colcon.colcon_core.verb:set package 'kinect2_registration' build argument 'cmake_clean_cache' from command line to 'False'
[0.393s] Level 5:colcon.colcon_core.verb:set package 'kinect2_registration' build argument 'cmake_clean_first' from command line to 'False'
[0.393s] Level 5:colcon.colcon_core.verb:set package 'kinect2_registration' build argument 'cmake_force_configure' from command line to 'False'
[0.393s] Level 5:colcon.colcon_core.verb:set package 'kinect2_registration' build argument 'ament_cmake_args' from command line to 'None'
[0.393s] Level 5:colcon.colcon_core.verb:set package 'kinect2_registration' build argument 'catkin_cmake_args' from command line to 'None'
[0.393s] Level 5:colcon.colcon_core.verb:set package 'kinect2_registration' build argument 'catkin_skip_building_tests' from command line to 'False'
[0.393s] DEBUG:colcon.colcon_core.verb:Building package 'kinect2_registration' with the following arguments: {'ament_cmake_args': None, 'build_base': '/home/themountaintree/workspace/ros2_ws/build/kinect2_registration', 'catkin_cmake_args': None, 'catkin_skip_building_tests': False, 'cmake_args': None, 'cmake_clean_cache': False, 'cmake_clean_first': False, 'cmake_force_configure': False, 'cmake_target': None, 'cmake_target_skip_unavailable': False, 'install_base': '/home/themountaintree/workspace/ros2_ws/install/kinect2_registration', 'merge_install': False, 'path': '/home/themountaintree/workspace/ros2_ws/src/kinect2_ros2/kinect2_registration', 'symlink_install': False, 'test_result_base': None}
[0.393s] Level 5:colcon.colcon_core.verb:set package 'orbbec_camera_msgs' build argument 'cmake_args' from command line to 'None'
[0.393s] Level 5:colcon.colcon_core.verb:set package 'orbbec_camera_msgs' build argument 'cmake_target' from command line to 'None'
[0.393s] Level 5:colcon.colcon_core.verb:set package 'orbbec_camera_msgs' build argument 'cmake_target_skip_unavailable' from command line to 'False'
[0.393s] Level 5:colcon.colcon_core.verb:set package 'orbbec_camera_msgs' build argument 'cmake_clean_cache' from command line to 'False'
[0.393s] Level 5:colcon.colcon_core.verb:set package 'orbbec_camera_msgs' build argument 'cmake_clean_first' from command line to 'False'
[0.393s] Level 5:colcon.colcon_core.verb:set package 'orbbec_camera_msgs' build argument 'cmake_force_configure' from command line to 'False'
[0.393s] Level 5:colcon.colcon_core.verb:set package 'orbbec_camera_msgs' build argument 'ament_cmake_args' from command line to 'None'
[0.393s] Level 5:colcon.colcon_core.verb:set package 'orbbec_camera_msgs' build argument 'catkin_cmake_args' from command line to 'None'
[0.393s] Level 5:colcon.colcon_core.verb:set package 'orbbec_camera_msgs' build argument 'catkin_skip_building_tests' from command line to 'False'
[0.393s] DEBUG:colcon.colcon_core.verb:Building package 'orbbec_camera_msgs' with the following arguments: {'ament_cmake_args': None, 'build_base': '/home/themountaintree/workspace/ros2_ws/build/orbbec_camera_msgs', 'catkin_cmake_args': None, 'catkin_skip_building_tests': False, 'cmake_args': None, 'cmake_clean_cache': False, 'cmake_clean_first': False, 'cmake_force_configure': False, 'cmake_target': None, 'cmake_target_skip_unavailable': False, 'install_base': '/home/themountaintree/workspace/ros2_ws/install/orbbec_camera_msgs', 'merge_install': False, 'path': '/home/themountaintree/workspace/ros2_ws/src/OrbbecSDK_ROS2/orbbec_camera_msgs', 'symlink_install': False, 'test_result_base': None}
[0.393s] Level 5:colcon.colcon_core.verb:set package 'orbbec_description' build argument 'cmake_args' from command line to 'None'
[0.393s] Level 5:colcon.colcon_core.verb:set package 'orbbec_description' build argument 'cmake_target' from command line to 'None'
[0.393s] Level 5:colcon.colcon_core.verb:set package 'orbbec_description' build argument 'cmake_target_skip_unavailable' from command line to 'False'
[0.393s] Level 5:colcon.colcon_core.verb:set package 'orbbec_description' build argument 'cmake_clean_cache' from command line to 'False'
[0.393s] Level 5:colcon.colcon_core.verb:set package 'orbbec_description' build argument 'cmake_clean_first' from command line to 'False'
[0.393s] Level 5:colcon.colcon_core.verb:set package 'orbbec_description' build argument 'cmake_force_configure' from command line to 'False'
[0.393s] Level 5:colcon.colcon_core.verb:set package 'orbbec_description' build argument 'ament_cmake_args' from command line to 'None'
[0.393s] Level 5:colcon.colcon_core.verb:set package 'orbbec_description' build argument 'catkin_cmake_args' from command line to 'None'
[0.393s] Level 5:colcon.colcon_core.verb:set package 'orbbec_description' build argument 'catkin_skip_building_tests' from command line to 'False'
[0.393s] DEBUG:colcon.colcon_core.verb:Building package 'orbbec_description' with the following arguments: {'ament_cmake_args': None, 'build_base': '/home/themountaintree/workspace/ros2_ws/build/orbbec_description', 'catkin_cmake_args': None, 'catkin_skip_building_tests': False, 'cmake_args': None, 'cmake_clean_cache': False, 'cmake_clean_first': False, 'cmake_force_configure': False, 'cmake_target': None, 'cmake_target_skip_unavailable': False, 'install_base': '/home/themountaintree/workspace/ros2_ws/install/orbbec_description', 'merge_install': False, 'path': '/home/themountaintree/workspace/ros2_ws/src/OrbbecSDK_ROS2/orbbec_description', 'symlink_install': False, 'test_result_base': None}
[0.394s] Level 5:colcon.colcon_core.verb:set package 'kinect2_bridge' build argument 'cmake_args' from command line to 'None'
[0.394s] Level 5:colcon.colcon_core.verb:set package 'kinect2_bridge' build argument 'cmake_target' from command line to 'None'
[0.394s] Level 5:colcon.colcon_core.verb:set package 'kinect2_bridge' build argument 'cmake_target_skip_unavailable' from command line to 'False'
[0.394s] Level 5:colcon.colcon_core.verb:set package 'kinect2_bridge' build argument 'cmake_clean_cache' from command line to 'False'
[0.394s] Level 5:colcon.colcon_core.verb:set package 'kinect2_bridge' build argument 'cmake_clean_first' from command line to 'False'
[0.394s] Level 5:colcon.colcon_core.verb:set package 'kinect2_bridge' build argument 'cmake_force_configure' from command line to 'False'
[0.394s] Level 5:colcon.colcon_core.verb:set package 'kinect2_bridge' build argument 'ament_cmake_args' from command line to 'None'
[0.394s] Level 5:colcon.colcon_core.verb:set package 'kinect2_bridge' build argument 'catkin_cmake_args' from command line to 'None'
[0.394s] Level 5:colcon.colcon_core.verb:set package 'kinect2_bridge' build argument 'catkin_skip_building_tests' from command line to 'False'
[0.394s] DEBUG:colcon.colcon_core.verb:Building package 'kinect2_bridge' with the following arguments: {'ament_cmake_args': None, 'build_base': '/home/themountaintree/workspace/ros2_ws/build/kinect2_bridge', 'catkin_cmake_args': None, 'catkin_skip_building_tests': False, 'cmake_args': None, 'cmake_clean_cache': False, 'cmake_clean_first': False, 'cmake_force_configure': False, 'cmake_target': None, 'cmake_target_skip_unavailable': False, 'install_base': '/home/themountaintree/workspace/ros2_ws/install/kinect2_bridge', 'merge_install': False, 'path': '/home/themountaintree/workspace/ros2_ws/src/kinect2_ros2/kinect2_bridge', 'symlink_install': False, 'test_result_base': None}
[0.394s] Level 5:colcon.colcon_core.verb:set package 'orbbec_camera' build argument 'cmake_args' from command line to 'None'
[0.394s] Level 5:colcon.colcon_core.verb:set package 'orbbec_camera' build argument 'cmake_target' from command line to 'None'
[0.394s] Level 5:colcon.colcon_core.verb:set package 'orbbec_camera' build argument 'cmake_target_skip_unavailable' from command line to 'False'
[0.394s] Level 5:colcon.colcon_core.verb:set package 'orbbec_camera' build argument 'cmake_clean_cache' from command line to 'False'
[0.394s] Level 5:colcon.colcon_core.verb:set package 'orbbec_camera' build argument 'cmake_clean_first' from command line to 'False'
[0.394s] Level 5:colcon.colcon_core.verb:set package 'orbbec_camera' build argument 'cmake_force_configure' from command line to 'False'
[0.394s] Level 5:colcon.colcon_core.verb:set package 'orbbec_camera' build argument 'ament_cmake_args' from command line to 'None'
[0.394s] Level 5:colcon.colcon_core.verb:set package 'orbbec_camera' build argument 'catkin_cmake_args' from command line to 'None'
[0.394s] Level 5:colcon.colcon_core.verb:set package 'orbbec_camera' build argument 'catkin_skip_building_tests' from command line to 'False'
[0.394s] DEBUG:colcon.colcon_core.verb:Building package 'orbbec_camera' with the following arguments: {'ament_cmake_args': None, 'build_base': '/home/themountaintree/workspace/ros2_ws/build/orbbec_camera', 'catkin_cmake_args': None, 'catkin_skip_building_tests': False, 'cmake_args': None, 'cmake_clean_cache': False, 'cmake_clean_first': False, 'cmake_force_configure': False, 'cmake_target': None, 'cmake_target_skip_unavailable': False, 'install_base': '/home/themountaintree/workspace/ros2_ws/install/orbbec_camera', 'merge_install': False, 'path': '/home/themountaintree/workspace/ros2_ws/src/OrbbecSDK_ROS2/orbbec_camera', 'symlink_install': False, 'test_result_base': None}
[0.394s] Level 5:colcon.colcon_core.verb:set package 'kinect2_calibration' build argument 'cmake_args' from command line to 'None'
[0.394s] Level 5:colcon.colcon_core.verb:set package 'kinect2_calibration' build argument 'cmake_target' from command line to 'None'
[0.394s] Level 5:colcon.colcon_core.verb:set package 'kinect2_calibration' build argument 'cmake_target_skip_unavailable' from command line to 'False'
[0.394s] Level 5:colcon.colcon_core.verb:set package 'kinect2_calibration' build argument 'cmake_clean_cache' from command line to 'False'
[0.394s] Level 5:colcon.colcon_core.verb:set package 'kinect2_calibration' build argument 'cmake_clean_first' from command line to 'False'
[0.394s] Level 5:colcon.colcon_core.verb:set package 'kinect2_calibration' build argument 'cmake_force_configure' from command line to 'False'
[0.394s] Level 5:colcon.colcon_core.verb:set package 'kinect2_calibration' build argument 'ament_cmake_args' from command line to 'None'
[0.394s] Level 5:colcon.colcon_core.verb:set package 'kinect2_calibration' build argument 'catkin_cmake_args' from command line to 'None'
[0.394s] Level 5:colcon.colcon_core.verb:set package 'kinect2_calibration' build argument 'catkin_skip_building_tests' from command line to 'False'
[0.394s] DEBUG:colcon.colcon_core.verb:Building package 'kinect2_calibration' with the following arguments: {'ament_cmake_args': None, 'build_base': '/home/themountaintree/workspace/ros2_ws/build/kinect2_calibration', 'catkin_cmake_args': None, 'catkin_skip_building_tests': False, 'cmake_args': None, 'cmake_clean_cache': False, 'cmake_clean_first': False, 'cmake_force_configure': False, 'cmake_target': None, 'cmake_target_skip_unavailable': False, 'install_base': '/home/themountaintree/workspace/ros2_ws/install/kinect2_calibration', 'merge_install': False, 'path': '/home/themountaintree/workspace/ros2_ws/src/kinect2_ros2/kinect2_calibration', 'symlink_install': False, 'test_result_base': None}
[0.394s] INFO:colcon.colcon_core.executor:Executing jobs using 'parallel' executor
[0.395s] DEBUG:colcon.colcon_parallel_executor.executor.parallel:run_until_complete
[0.395s] INFO:colcon.colcon_ros.task.ament_cmake.build:Building ROS package in '/home/themountaintree/workspace/ros2_ws/src/kinect2_ros2/kinect2_registration' with build type 'ament_cmake'
[0.395s] INFO:colcon.colcon_cmake.task.cmake.build:Building CMake package in '/home/themountaintree/workspace/ros2_ws/src/kinect2_ros2/kinect2_registration'
[0.399s] INFO:colcon.colcon_core.plugin_system:Skipping extension 'colcon_core.shell.bat': Not used on non-Windows systems
[0.399s] INFO:colcon.colcon_core.shell:Skip shell extension 'powershell' for command environment: Not usable outside of PowerShell
[0.399s] DEBUG:colcon.colcon_core.shell:Skip shell extension 'dsv' for command environment
[0.401s] INFO:colcon.colcon_ros.task.ament_cmake.build:Building ROS package in '/home/themountaintree/workspace/ros2_ws/src/OrbbecSDK_ROS2/orbbec_camera_msgs' with build type 'ament_cmake'
[0.401s] INFO:colcon.colcon_cmake.task.cmake.build:Building CMake package in '/home/themountaintree/workspace/ros2_ws/src/OrbbecSDK_ROS2/orbbec_camera_msgs'
[0.402s] INFO:colcon.colcon_core.shell:Skip shell extension 'powershell' for command environment: Not usable outside of PowerShell
[0.402s] DEBUG:colcon.colcon_core.shell:Skip shell extension 'dsv' for command environment
[0.403s] INFO:colcon.colcon_ros.task.ament_cmake.build:Building ROS package in '/home/themountaintree/workspace/ros2_ws/src/get_picture' with build type 'ament_cmake'
[0.403s] INFO:colcon.colcon_cmake.task.cmake.build:Building CMake package in '/home/themountaintree/workspace/ros2_ws/src/get_picture'
[0.403s] INFO:colcon.colcon_core.shell:Skip shell extension 'powershell' for command environment: Not usable outside of PowerShell
[0.403s] DEBUG:colcon.colcon_core.shell:Skip shell extension 'dsv' for command environment
[0.404s] INFO:colcon.colcon_ros.task.ament_cmake.build:Building ROS package in '/home/themountaintree/workspace/ros2_ws/src/OrbbecSDK_ROS2/orbbec_description' with build type 'ament_cmake'
[0.404s] INFO:colcon.colcon_cmake.task.cmake.build:Building CMake package in '/home/themountaintree/workspace/ros2_ws/src/OrbbecSDK_ROS2/orbbec_description'
[0.405s] INFO:colcon.colcon_core.shell:Skip shell extension 'powershell' for command environment: Not usable outside of PowerShell
[0.405s] DEBUG:colcon.colcon_core.shell:Skip shell extension 'dsv' for command environment
[0.408s] DEBUG:colcon.colcon_core.event_handler.log_command:Invoking command in '/home/themountaintree/workspace/ros2_ws/build/kinect2_registration': CMAKE_PREFIX_PATH=/opt/ros/humble /usr/bin/cmake --build /home/themountaintree/workspace/ros2_ws/build/kinect2_registration -- -j20 -l20
[0.412s] DEBUG:colcon.colcon_core.event_handler.log_command:Invoking command in '/home/themountaintree/workspace/ros2_ws/build/orbbec_camera_msgs': CMAKE_PREFIX_PATH=/opt/ros/humble /usr/bin/cmake --build /home/themountaintree/workspace/ros2_ws/build/orbbec_camera_msgs -- -j20 -l20
[0.413s] DEBUG:colcon.colcon_core.event_handler.log_command:Invoking command in '/home/themountaintree/workspace/ros2_ws/build/get_picture': CMAKE_PREFIX_PATH=/opt/ros/humble /usr/bin/cmake --build /home/themountaintree/workspace/ros2_ws/build/get_picture -- -j20 -l20
[0.418s] DEBUG:colcon.colcon_core.event_handler.log_command:Invoking command in '/home/themountaintree/workspace/ros2_ws/build/orbbec_description': CMAKE_PREFIX_PATH=/opt/ros/humble /usr/bin/cmake --build /home/themountaintree/workspace/ros2_ws/build/orbbec_description -- -j20 -l20
[0.451s] DEBUG:colcon.colcon_core.event_handler.log_command:Invoked command in '/home/themountaintree/workspace/ros2_ws/build/get_picture' returned '0': CMAKE_PREFIX_PATH=/opt/ros/humble /usr/bin/cmake --build /home/themountaintree/workspace/ros2_ws/build/get_picture -- -j20 -l20
[0.458s] DEBUG:colcon.colcon_core.event_handler.log_command:Invoking command in '/home/themountaintree/workspace/ros2_ws/build/get_picture': CMAKE_PREFIX_PATH=/opt/ros/humble /usr/bin/cmake --install /home/themountaintree/workspace/ros2_ws/build/get_picture
[0.459s] DEBUG:colcon.colcon_core.event_handler.log_command:Invoked command in '/home/themountaintree/workspace/ros2_ws/build/orbbec_description' returned '0': CMAKE_PREFIX_PATH=/opt/ros/humble /usr/bin/cmake --build /home/themountaintree/workspace/ros2_ws/build/orbbec_description -- -j20 -l20
[0.460s] DEBUG:colcon.colcon_core.event_handler.log_command:Invoking command in '/home/themountaintree/workspace/ros2_ws/build/orbbec_description': CMAKE_PREFIX_PATH=/opt/ros/humble /usr/bin/cmake --install /home/themountaintree/workspace/ros2_ws/build/orbbec_description
[0.465s] Level 1:colcon.colcon_core.environment:create_environment_scripts_only(get_picture)
[0.466s] DEBUG:colcon.colcon_core.event_handler.log_command:Invoked command in '/home/themountaintree/workspace/ros2_ws/build/get_picture' returned '0': CMAKE_PREFIX_PATH=/opt/ros/humble /usr/bin/cmake --install /home/themountaintree/workspace/ros2_ws/build/get_picture
[0.486s] Level 1:colcon.colcon_core.environment:checking '/home/themountaintree/workspace/ros2_ws/install/get_picture' for CMake module files
[0.486s] Level 1:colcon.colcon_core.environment:checking '/home/themountaintree/workspace/ros2_ws/install/get_picture' for CMake config files
[0.486s] Level 1:colcon.colcon_core.shell:create_environment_hook('get_picture', 'cmake_prefix_path')
[0.486s] INFO:colcon.colcon_core.shell:Creating environment hook '/home/themountaintree/workspace/ros2_ws/install/get_picture/share/get_picture/hook/cmake_prefix_path.ps1'
[0.489s] INFO:colcon.colcon_core.shell:Creating environment descriptor '/home/themountaintree/workspace/ros2_ws/install/get_picture/share/get_picture/hook/cmake_prefix_path.dsv'
[0.492s] INFO:colcon.colcon_core.shell:Creating environment hook '/home/themountaintree/workspace/ros2_ws/install/get_picture/share/get_picture/hook/cmake_prefix_path.sh'
[0.495s] Level 1:colcon.colcon_core.environment:checking '/home/themountaintree/workspace/ros2_ws/install/get_picture/lib'
[0.495s] Level 1:colcon.colcon_core.environment:checking '/home/themountaintree/workspace/ros2_ws/install/get_picture/bin'
[0.495s] Level 1:colcon.colcon_core.environment:checking '/home/themountaintree/workspace/ros2_ws/install/get_picture/lib/pkgconfig/get_picture.pc'
[0.495s] Level 1:colcon.colcon_core.environment:checking '/home/themountaintree/workspace/ros2_ws/install/get_picture/lib/python3.10/site-packages'
[0.496s] Level 1:colcon.colcon_core.environment:checking '/home/themountaintree/workspace/ros2_ws/install/get_picture/bin'
[0.496s] INFO:colcon.colcon_core.shell:Creating package script '/home/themountaintree/workspace/ros2_ws/install/get_picture/share/get_picture/package.ps1'
[0.498s] INFO:colcon.colcon_core.shell:Creating package descriptor '/home/themountaintree/workspace/ros2_ws/install/get_picture/share/get_picture/package.dsv'
[0.500s] INFO:colcon.colcon_core.shell:Creating package script '/home/themountaintree/workspace/ros2_ws/install/get_picture/share/get_picture/package.sh'
[0.501s] INFO:colcon.colcon_core.shell:Creating package script '/home/themountaintree/workspace/ros2_ws/install/get_picture/share/get_picture/package.bash'
[0.503s] INFO:colcon.colcon_core.shell:Creating package script '/home/themountaintree/workspace/ros2_ws/install/get_picture/share/get_picture/package.zsh'
[0.505s] Level 1:colcon.colcon_core.environment:create_file_with_runtime_dependencies(/home/themountaintree/workspace/ros2_ws/install/get_picture/share/colcon-core/packages/get_picture)
[0.506s] Level 1:colcon.colcon_core.environment:create_environment_scripts_only(get_picture)
[0.506s] Level 1:colcon.colcon_core.environment:checking '/home/themountaintree/workspace/ros2_ws/install/get_picture' for CMake module files
[0.507s] Level 1:colcon.colcon_core.environment:checking '/home/themountaintree/workspace/ros2_ws/install/get_picture' for CMake config files
[0.507s] Level 1:colcon.colcon_core.shell:create_environment_hook('get_picture', 'cmake_prefix_path')
[0.507s] INFO:colcon.colcon_core.shell:Creating environment hook '/home/themountaintree/workspace/ros2_ws/install/get_picture/share/get_picture/hook/cmake_prefix_path.ps1'
[0.508s] INFO:colcon.colcon_core.shell:Creating environment descriptor '/home/themountaintree/workspace/ros2_ws/install/get_picture/share/get_picture/hook/cmake_prefix_path.dsv'
[0.508s] INFO:colcon.colcon_core.shell:Creating environment hook '/home/themountaintree/workspace/ros2_ws/install/get_picture/share/get_picture/hook/cmake_prefix_path.sh'
[0.509s] Level 1:colcon.colcon_core.environment:checking '/home/themountaintree/workspace/ros2_ws/install/get_picture/lib'
[0.509s] Level 1:colcon.colcon_core.environment:checking '/home/themountaintree/workspace/ros2_ws/install/get_picture/bin'
[0.509s] Level 1:colcon.colcon_core.environment:checking '/home/themountaintree/workspace/ros2_ws/install/get_picture/lib/pkgconfig/get_picture.pc'
[0.509s] Level 1:colcon.colcon_core.environment:checking '/home/themountaintree/workspace/ros2_ws/install/get_picture/lib/python3.10/site-packages'
[0.509s] Level 1:colcon.colcon_core.environment:checking '/home/themountaintree/workspace/ros2_ws/install/get_picture/bin'
[0.509s] INFO:colcon.colcon_core.shell:Creating package script '/home/themountaintree/workspace/ros2_ws/install/get_picture/share/get_picture/package.ps1'
[0.510s] INFO:colcon.colcon_core.shell:Creating package descriptor '/home/themountaintree/workspace/ros2_ws/install/get_picture/share/get_picture/package.dsv'
[0.510s] INFO:colcon.colcon_core.shell:Creating package script '/home/themountaintree/workspace/ros2_ws/install/get_picture/share/get_picture/package.sh'
[0.511s] INFO:colcon.colcon_core.shell:Creating package script '/home/themountaintree/workspace/ros2_ws/install/get_picture/share/get_picture/package.bash'
[0.511s] INFO:colcon.colcon_core.shell:Creating package script '/home/themountaintree/workspace/ros2_ws/install/get_picture/share/get_picture/package.zsh'
[0.512s] Level 1:colcon.colcon_core.environment:create_file_with_runtime_dependencies(/home/themountaintree/workspace/ros2_ws/install/get_picture/share/colcon-core/packages/get_picture)
[0.514s] Level 1:colcon.colcon_core.environment:create_environment_scripts_only(orbbec_description)
[0.514s] Level 1:colcon.colcon_core.environment:checking '/home/themountaintree/workspace/ros2_ws/install/orbbec_description' for CMake module files
[0.515s] DEBUG:colcon.colcon_core.event_handler.log_command:Invoked command in '/home/themountaintree/workspace/ros2_ws/build/orbbec_description' returned '0': CMAKE_PREFIX_PATH=/opt/ros/humble /usr/bin/cmake --install /home/themountaintree/workspace/ros2_ws/build/orbbec_description
[0.515s] Level 1:colcon.colcon_core.environment:checking '/home/themountaintree/workspace/ros2_ws/install/orbbec_description' for CMake config files
[0.516s] Level 1:colcon.colcon_core.shell:create_environment_hook('orbbec_description', 'cmake_prefix_path')
[0.516s] INFO:colcon.colcon_core.shell:Creating environment hook '/home/themountaintree/workspace/ros2_ws/install/orbbec_description/share/orbbec_description/hook/cmake_prefix_path.ps1'
[0.516s] INFO:colcon.colcon_core.shell:Creating environment descriptor '/home/themountaintree/workspace/ros2_ws/install/orbbec_description/share/orbbec_description/hook/cmake_prefix_path.dsv'
[0.518s] INFO:colcon.colcon_core.shell:Creating environment hook '/home/themountaintree/workspace/ros2_ws/install/orbbec_description/share/orbbec_description/hook/cmake_prefix_path.sh'
[0.519s] Level 1:colcon.colcon_core.environment:checking '/home/themountaintree/workspace/ros2_ws/install/orbbec_description/bin'
[0.519s] Level 1:colcon.colcon_core.environment:checking '/home/themountaintree/workspace/ros2_ws/install/orbbec_description/lib/pkgconfig/orbbec_description.pc'
[0.519s] Level 1:colcon.colcon_core.environment:checking '/home/themountaintree/workspace/ros2_ws/install/orbbec_description/lib/python3.10/site-packages'
[0.520s] Level 1:colcon.colcon_core.environment:checking '/home/themountaintree/workspace/ros2_ws/install/orbbec_description/bin'
[0.520s] INFO:colcon.colcon_core.shell:Creating package script '/home/themountaintree/workspace/ros2_ws/install/orbbec_description/share/orbbec_description/package.ps1'
[0.521s] INFO:colcon.colcon_core.shell:Creating package descriptor '/home/themountaintree/workspace/ros2_ws/install/orbbec_description/share/orbbec_description/package.dsv'
[0.521s] INFO:colcon.colcon_core.shell:Creating package script '/home/themountaintree/workspace/ros2_ws/install/orbbec_description/share/orbbec_description/package.sh'
[0.522s] INFO:colcon.colcon_core.shell:Creating package script '/home/themountaintree/workspace/ros2_ws/install/orbbec_description/share/orbbec_description/package.bash'
[0.522s] INFO:colcon.colcon_core.shell:Creating package script '/home/themountaintree/workspace/ros2_ws/install/orbbec_description/share/orbbec_description/package.zsh'
[0.523s] Level 1:colcon.colcon_core.environment:create_file_with_runtime_dependencies(/home/themountaintree/workspace/ros2_ws/install/orbbec_description/share/colcon-core/packages/orbbec_description)
[0.523s] Level 1:colcon.colcon_core.environment:create_environment_scripts_only(orbbec_description)
[0.523s] Level 1:colcon.colcon_core.environment:checking '/home/themountaintree/workspace/ros2_ws/install/orbbec_description' for CMake module files
[0.524s] Level 1:colcon.colcon_core.environment:checking '/home/themountaintree/workspace/ros2_ws/install/orbbec_description' for CMake config files
[0.524s] Level 1:colcon.colcon_core.shell:create_environment_hook('orbbec_description', 'cmake_prefix_path')
[0.525s] INFO:colcon.colcon_core.shell:Creating environment hook '/home/themountaintree/workspace/ros2_ws/install/orbbec_description/share/orbbec_description/hook/cmake_prefix_path.ps1'
[0.525s] INFO:colcon.colcon_core.shell:Creating environment descriptor '/home/themountaintree/workspace/ros2_ws/install/orbbec_description/share/orbbec_description/hook/cmake_prefix_path.dsv'
[0.526s] INFO:colcon.colcon_core.shell:Creating environment hook '/home/themountaintree/workspace/ros2_ws/install/orbbec_description/share/orbbec_description/hook/cmake_prefix_path.sh'
[0.527s] Level 1:colcon.colcon_core.environment:checking '/home/themountaintree/workspace/ros2_ws/install/orbbec_description/bin'
[0.527s] Level 1:colcon.colcon_core.environment:checking '/home/themountaintree/workspace/ros2_ws/install/orbbec_description/lib/pkgconfig/orbbec_description.pc'
[0.527s] Level 1:colcon.colcon_core.environment:checking '/home/themountaintree/workspace/ros2_ws/install/orbbec_description/lib/python3.10/site-packages'
[0.527s] Level 1:colcon.colcon_core.environment:checking '/home/themountaintree/workspace/ros2_ws/install/orbbec_description/bin'
[0.528s] INFO:colcon.colcon_core.shell:Creating package script '/home/themountaintree/workspace/ros2_ws/install/orbbec_description/share/orbbec_description/package.ps1'
[0.528s] INFO:colcon.colcon_core.shell:Creating package descriptor '/home/themountaintree/workspace/ros2_ws/install/orbbec_description/share/orbbec_description/package.dsv'
[0.529s] INFO:colcon.colcon_core.shell:Creating package script '/home/themountaintree/workspace/ros2_ws/install/orbbec_description/share/orbbec_description/package.sh'
[0.530s] INFO:colcon.colcon_core.shell:Creating package script '/home/themountaintree/workspace/ros2_ws/install/orbbec_description/share/orbbec_description/package.bash'
[0.531s] INFO:colcon.colcon_core.shell:Creating package script '/home/themountaintree/workspace/ros2_ws/install/orbbec_description/share/orbbec_description/package.zsh'
[0.531s] Level 1:colcon.colcon_core.environment:create_file_with_runtime_dependencies(/home/themountaintree/workspace/ros2_ws/install/orbbec_description/share/colcon-core/packages/orbbec_description)
[0.553s] DEBUG:colcon.colcon_core.event_handler.log_command:Invoked command in '/home/themountaintree/workspace/ros2_ws/build/kinect2_registration' returned '0': CMAKE_PREFIX_PATH=/opt/ros/humble /usr/bin/cmake --build /home/themountaintree/workspace/ros2_ws/build/kinect2_registration -- -j20 -l20
[0.554s] DEBUG:colcon.colcon_core.event_handler.log_command:Invoking command in '/home/themountaintree/workspace/ros2_ws/build/kinect2_registration': CMAKE_PREFIX_PATH=/opt/ros/humble /usr/bin/cmake --install /home/themountaintree/workspace/ros2_ws/build/kinect2_registration
[0.560s] Level 1:colcon.colcon_core.environment:create_environment_scripts_only(kinect2_registration)
[0.561s] Level 1:colcon.colcon_core.environment:checking '/home/themountaintree/workspace/ros2_ws/install/kinect2_registration' for CMake module files
[0.561s] DEBUG:colcon.colcon_core.event_handler.log_command:Invoked command in '/home/themountaintree/workspace/ros2_ws/build/kinect2_registration' returned '0': CMAKE_PREFIX_PATH=/opt/ros/humble /usr/bin/cmake --install /home/themountaintree/workspace/ros2_ws/build/kinect2_registration
[0.561s] Level 1:colcon.colcon_core.environment:checking '/home/themountaintree/workspace/ros2_ws/install/kinect2_registration' for CMake config files
[0.562s] Level 1:colcon.colcon_core.shell:create_environment_hook('kinect2_registration', 'cmake_prefix_path')
[0.562s] INFO:colcon.colcon_core.shell:Creating environment hook '/home/themountaintree/workspace/ros2_ws/install/kinect2_registration/share/kinect2_registration/hook/cmake_prefix_path.ps1'
[0.562s] INFO:colcon.colcon_core.shell:Creating environment descriptor '/home/themountaintree/workspace/ros2_ws/install/kinect2_registration/share/kinect2_registration/hook/cmake_prefix_path.dsv'
[0.563s] INFO:colcon.colcon_core.shell:Creating environment hook '/home/themountaintree/workspace/ros2_ws/install/kinect2_registration/share/kinect2_registration/hook/cmake_prefix_path.sh'
[0.563s] Level 1:colcon.colcon_core.environment:checking '/home/themountaintree/workspace/ros2_ws/install/kinect2_registration/lib'
[0.563s] Level 1:colcon.colcon_core.environment:checking '/home/themountaintree/workspace/ros2_ws/install/kinect2_registration/bin'
[0.563s] Level 1:colcon.colcon_core.environment:checking '/home/themountaintree/workspace/ros2_ws/install/kinect2_registration/lib/pkgconfig/kinect2_registration.pc'
[0.564s] Level 1:colcon.colcon_core.environment:checking '/home/themountaintree/workspace/ros2_ws/install/kinect2_registration/lib/python3.10/site-packages'
[0.564s] Level 1:colcon.colcon_core.environment:checking '/home/themountaintree/workspace/ros2_ws/install/kinect2_registration/bin'
[0.564s] INFO:colcon.colcon_core.shell:Creating package script '/home/themountaintree/workspace/ros2_ws/install/kinect2_registration/share/kinect2_registration/package.ps1'
[0.565s] INFO:colcon.colcon_core.shell:Creating package descriptor '/home/themountaintree/workspace/ros2_ws/install/kinect2_registration/share/kinect2_registration/package.dsv'
[0.565s] INFO:colcon.colcon_core.shell:Creating package script '/home/themountaintree/workspace/ros2_ws/install/kinect2_registration/share/kinect2_registration/package.sh'
[0.565s] INFO:colcon.colcon_core.shell:Creating package script '/home/themountaintree/workspace/ros2_ws/install/kinect2_registration/share/kinect2_registration/package.bash'
[0.566s] INFO:colcon.colcon_core.shell:Creating package script '/home/themountaintree/workspace/ros2_ws/install/kinect2_registration/share/kinect2_registration/package.zsh'
[0.566s] Level 1:colcon.colcon_core.environment:create_file_with_runtime_dependencies(/home/themountaintree/workspace/ros2_ws/install/kinect2_registration/share/colcon-core/packages/kinect2_registration)
[0.566s] Level 1:colcon.colcon_core.environment:create_environment_scripts_only(kinect2_registration)
[0.567s] Level 1:colcon.colcon_core.environment:checking '/home/themountaintree/workspace/ros2_ws/install/kinect2_registration' for CMake module files
[0.567s] Level 1:colcon.colcon_core.environment:checking '/home/themountaintree/workspace/ros2_ws/install/kinect2_registration' for CMake config files
[0.567s] Level 1:colcon.colcon_core.shell:create_environment_hook('kinect2_registration', 'cmake_prefix_path')
[0.568s] INFO:colcon.colcon_core.shell:Creating environment hook '/home/themountaintree/workspace/ros2_ws/install/kinect2_registration/share/kinect2_registration/hook/cmake_prefix_path.ps1'
[0.568s] INFO:colcon.colcon_core.shell:Creating environment descriptor '/home/themountaintree/workspace/ros2_ws/install/kinect2_registration/share/kinect2_registration/hook/cmake_prefix_path.dsv'
[0.568s] INFO:colcon.colcon_core.shell:Creating environment hook '/home/themountaintree/workspace/ros2_ws/install/kinect2_registration/share/kinect2_registration/hook/cmake_prefix_path.sh'
[0.569s] Level 1:colcon.colcon_core.environment:checking '/home/themountaintree/workspace/ros2_ws/install/kinect2_registration/lib'
[0.569s] Level 1:colcon.colcon_core.environment:checking '/home/themountaintree/workspace/ros2_ws/install/kinect2_registration/bin'
[0.569s] Level 1:colcon.colcon_core.environment:checking '/home/themountaintree/workspace/ros2_ws/install/kinect2_registration/lib/pkgconfig/kinect2_registration.pc'
[0.569s] Level 1:colcon.colcon_core.environment:checking '/home/themountaintree/workspace/ros2_ws/install/kinect2_registration/lib/python3.10/site-packages'
[0.569s] Level 1:colcon.colcon_core.environment:checking '/home/themountaintree/workspace/ros2_ws/install/kinect2_registration/bin'
[0.570s] INFO:colcon.colcon_core.shell:Creating package script '/home/themountaintree/workspace/ros2_ws/install/kinect2_registration/share/kinect2_registration/package.ps1'
[0.570s] INFO:colcon.colcon_core.shell:Creating package descriptor '/home/themountaintree/workspace/ros2_ws/install/kinect2_registration/share/kinect2_registration/package.dsv'
[0.570s] INFO:colcon.colcon_core.shell:Creating package script '/home/themountaintree/workspace/ros2_ws/install/kinect2_registration/share/kinect2_registration/package.sh'
[0.571s] INFO:colcon.colcon_core.shell:Creating package script '/home/themountaintree/workspace/ros2_ws/install/kinect2_registration/share/kinect2_registration/package.bash'
[0.571s] INFO:colcon.colcon_core.shell:Creating package script '/home/themountaintree/workspace/ros2_ws/install/kinect2_registration/share/kinect2_registration/package.zsh'
[0.571s] Level 1:colcon.colcon_core.environment:create_file_with_runtime_dependencies(/home/themountaintree/workspace/ros2_ws/install/kinect2_registration/share/colcon-core/packages/kinect2_registration)
[0.571s] INFO:colcon.colcon_ros.task.ament_cmake.build:Building ROS package in '/home/themountaintree/workspace/ros2_ws/src/kinect2_ros2/kinect2_bridge' with build type 'ament_cmake'
[0.571s] INFO:colcon.colcon_cmake.task.cmake.build:Building CMake package in '/home/themountaintree/workspace/ros2_ws/src/kinect2_ros2/kinect2_bridge'
[0.571s] INFO:colcon.colcon_core.shell:Skip shell extension 'powershell' for command environment: Not usable outside of PowerShell
[0.571s] DEBUG:colcon.colcon_core.shell:Skip shell extension 'dsv' for command environment
[0.579s] DEBUG:colcon.colcon_core.event_handler.log_command:Invoking command in '/home/themountaintree/workspace/ros2_ws/build/kinect2_bridge': AMENT_PREFIX_PATH=/home/themountaintree/workspace/ros2_ws/install/kinect2_registration:${AMENT_PREFIX_PATH} CMAKE_PREFIX_PATH=/home/themountaintree/workspace/ros2_ws/install/kinect2_registration:/opt/ros/humble LD_LIBRARY_PATH=/home/themountaintree/workspace/ros2_ws/install/kinect2_registration/lib:${LD_LIBRARY_PATH} /usr/bin/cmake --build /home/themountaintree/workspace/ros2_ws/build/kinect2_bridge -- -j20 -l20
[0.639s] DEBUG:colcon.colcon_core.event_handler.log_command:Invoked command in '/home/themountaintree/workspace/ros2_ws/build/kinect2_bridge' returned '0': AMENT_PREFIX_PATH=/home/themountaintree/workspace/ros2_ws/install/kinect2_registration:${AMENT_PREFIX_PATH} CMAKE_PREFIX_PATH=/home/themountaintree/workspace/ros2_ws/install/kinect2_registration:/opt/ros/humble LD_LIBRARY_PATH=/home/themountaintree/workspace/ros2_ws/install/kinect2_registration/lib:${LD_LIBRARY_PATH} /usr/bin/cmake --build /home/themountaintree/workspace/ros2_ws/build/kinect2_bridge -- -j20 -l20
[0.641s] DEBUG:colcon.colcon_core.event_handler.log_command:Invoking command in '/home/themountaintree/workspace/ros2_ws/build/kinect2_bridge': AMENT_PREFIX_PATH=/home/themountaintree/workspace/ros2_ws/install/kinect2_registration:${AMENT_PREFIX_PATH} CMAKE_PREFIX_PATH=/home/themountaintree/workspace/ros2_ws/install/kinect2_registration:/opt/ros/humble LD_LIBRARY_PATH=/home/themountaintree/workspace/ros2_ws/install/kinect2_registration/lib:${LD_LIBRARY_PATH} /usr/bin/cmake --install /home/themountaintree/workspace/ros2_ws/build/kinect2_bridge
[0.650s] Level 1:colcon.colcon_core.environment:create_environment_scripts_only(kinect2_bridge)
[0.651s] Level 1:colcon.colcon_core.environment:checking '/home/themountaintree/workspace/ros2_ws/install/kinect2_bridge' for CMake module files
[0.651s] DEBUG:colcon.colcon_core.event_handler.log_command:Invoked command in '/home/themountaintree/workspace/ros2_ws/build/kinect2_bridge' returned '0': AMENT_PREFIX_PATH=/home/themountaintree/workspace/ros2_ws/install/kinect2_registration:${AMENT_PREFIX_PATH} CMAKE_PREFIX_PATH=/home/themountaintree/workspace/ros2_ws/install/kinect2_registration:/opt/ros/humble LD_LIBRARY_PATH=/home/themountaintree/workspace/ros2_ws/install/kinect2_registration/lib:${LD_LIBRARY_PATH} /usr/bin/cmake --install /home/themountaintree/workspace/ros2_ws/build/kinect2_bridge
[0.652s] Level 1:colcon.colcon_core.environment:checking '/home/themountaintree/workspace/ros2_ws/install/kinect2_bridge' for CMake config files
[0.652s] Level 1:colcon.colcon_core.shell:create_environment_hook('kinect2_bridge', 'cmake_prefix_path')
[0.652s] INFO:colcon.colcon_core.shell:Creating environment hook '/home/themountaintree/workspace/ros2_ws/install/kinect2_bridge/share/kinect2_bridge/hook/cmake_prefix_path.ps1'
[0.653s] INFO:colcon.colcon_core.shell:Creating environment descriptor '/home/themountaintree/workspace/ros2_ws/install/kinect2_bridge/share/kinect2_bridge/hook/cmake_prefix_path.dsv'
[0.653s] INFO:colcon.colcon_core.shell:Creating environment hook '/home/themountaintree/workspace/ros2_ws/install/kinect2_bridge/share/kinect2_bridge/hook/cmake_prefix_path.sh'
[0.653s] Level 1:colcon.colcon_core.environment:checking '/home/themountaintree/workspace/ros2_ws/install/kinect2_bridge/lib'
[0.653s] Level 1:colcon.colcon_core.environment:checking '/home/themountaintree/workspace/ros2_ws/install/kinect2_bridge/bin'
[0.654s] Level 1:colcon.colcon_core.environment:checking '/home/themountaintree/workspace/ros2_ws/install/kinect2_bridge/lib/pkgconfig/kinect2_bridge.pc'
[0.654s] Level 1:colcon.colcon_core.environment:checking '/home/themountaintree/workspace/ros2_ws/install/kinect2_bridge/lib/python3.10/site-packages'
[0.654s] Level 1:colcon.colcon_core.environment:checking '/home/themountaintree/workspace/ros2_ws/install/kinect2_bridge/bin'
[0.654s] INFO:colcon.colcon_core.shell:Creating package script '/home/themountaintree/workspace/ros2_ws/install/kinect2_bridge/share/kinect2_bridge/package.ps1'
[0.655s] INFO:colcon.colcon_core.shell:Creating package descriptor '/home/themountaintree/workspace/ros2_ws/install/kinect2_bridge/share/kinect2_bridge/package.dsv'
[0.655s] INFO:colcon.colcon_core.shell:Creating package script '/home/themountaintree/workspace/ros2_ws/install/kinect2_bridge/share/kinect2_bridge/package.sh'
[0.656s] INFO:colcon.colcon_core.shell:Creating package script '/home/themountaintree/workspace/ros2_ws/install/kinect2_bridge/share/kinect2_bridge/package.bash'
[0.656s] INFO:colcon.colcon_core.shell:Creating package script '/home/themountaintree/workspace/ros2_ws/install/kinect2_bridge/share/kinect2_bridge/package.zsh'
[0.656s] Level 1:colcon.colcon_core.environment:create_file_with_runtime_dependencies(/home/themountaintree/workspace/ros2_ws/install/kinect2_bridge/share/colcon-core/packages/kinect2_bridge)
[0.657s] Level 1:colcon.colcon_core.environment:create_environment_scripts_only(kinect2_bridge)
[0.657s] Level 1:colcon.colcon_core.environment:checking '/home/themountaintree/workspace/ros2_ws/install/kinect2_bridge' for CMake module files
[0.657s] Level 1:colcon.colcon_core.environment:checking '/home/themountaintree/workspace/ros2_ws/install/kinect2_bridge' for CMake config files
[0.657s] Level 1:colcon.colcon_core.shell:create_environment_hook('kinect2_bridge', 'cmake_prefix_path')
[0.657s] INFO:colcon.colcon_core.shell:Creating environment hook '/home/themountaintree/workspace/ros2_ws/install/kinect2_bridge/share/kinect2_bridge/hook/cmake_prefix_path.ps1'
[0.658s] INFO:colcon.colcon_core.shell:Creating environment descriptor '/home/themountaintree/workspace/ros2_ws/install/kinect2_bridge/share/kinect2_bridge/hook/cmake_prefix_path.dsv'
[0.658s] INFO:colcon.colcon_core.shell:Creating environment hook '/home/themountaintree/workspace/ros2_ws/install/kinect2_bridge/share/kinect2_bridge/hook/cmake_prefix_path.sh'
[0.658s] Level 1:colcon.colcon_core.environment:checking '/home/themountaintree/workspace/ros2_ws/install/kinect2_bridge/lib'
[0.658s] Level 1:colcon.colcon_core.environment:checking '/home/themountaintree/workspace/ros2_ws/install/kinect2_bridge/bin'
[0.658s] Level 1:colcon.colcon_core.environment:checking '/home/themountaintree/workspace/ros2_ws/install/kinect2_bridge/lib/pkgconfig/kinect2_bridge.pc'
[0.658s] Level 1:colcon.colcon_core.environment:checking '/home/themountaintree/workspace/ros2_ws/install/kinect2_bridge/lib/python3.10/site-packages'
[0.658s] Level 1:colcon.colcon_core.environment:checking '/home/themountaintree/workspace/ros2_ws/install/kinect2_bridge/bin'
[0.659s] INFO:colcon.colcon_core.shell:Creating package script '/home/themountaintree/workspace/ros2_ws/install/kinect2_bridge/share/kinect2_bridge/package.ps1'
[0.659s] INFO:colcon.colcon_core.shell:Creating package descriptor '/home/themountaintree/workspace/ros2_ws/install/kinect2_bridge/share/kinect2_bridge/package.dsv'
[0.659s] INFO:colcon.colcon_core.shell:Creating package script '/home/themountaintree/workspace/ros2_ws/install/kinect2_bridge/share/kinect2_bridge/package.sh'
[0.659s] INFO:colcon.colcon_core.shell:Creating package script '/home/themountaintree/workspace/ros2_ws/install/kinect2_bridge/share/kinect2_bridge/package.bash'
[0.659s] INFO:colcon.colcon_core.shell:Creating package script '/home/themountaintree/workspace/ros2_ws/install/kinect2_bridge/share/kinect2_bridge/package.zsh'
[0.660s] Level 1:colcon.colcon_core.environment:create_file_with_runtime_dependencies(/home/themountaintree/workspace/ros2_ws/install/kinect2_bridge/share/colcon-core/packages/kinect2_bridge)
[0.660s] INFO:colcon.colcon_ros.task.ament_cmake.build:Building ROS package in '/home/themountaintree/workspace/ros2_ws/src/kinect2_ros2/kinect2_calibration' with build type 'ament_cmake'
[0.660s] INFO:colcon.colcon_cmake.task.cmake.build:Building CMake package in '/home/themountaintree/workspace/ros2_ws/src/kinect2_ros2/kinect2_calibration'
[0.660s] INFO:colcon.colcon_core.shell:Skip shell extension 'powershell' for command environment: Not usable outside of PowerShell
[0.660s] DEBUG:colcon.colcon_core.shell:Skip shell extension 'dsv' for command environment
[0.668s] DEBUG:colcon.colcon_core.event_handler.log_command:Invoking command in '/home/themountaintree/workspace/ros2_ws/build/kinect2_calibration': AMENT_PREFIX_PATH=/home/themountaintree/workspace/ros2_ws/install/kinect2_bridge:/home/themountaintree/workspace/ros2_ws/install/kinect2_registration:${AMENT_PREFIX_PATH} CMAKE_PREFIX_PATH=/home/themountaintree/workspace/ros2_ws/install/kinect2_bridge:/home/themountaintree/workspace/ros2_ws/install/kinect2_registration:/opt/ros/humble LD_LIBRARY_PATH=/home/themountaintree/workspace/ros2_ws/install/kinect2_registration/lib:${LD_LIBRARY_PATH} /usr/bin/cmake --build /home/themountaintree/workspace/ros2_ws/build/kinect2_calibration -- -j20 -l20
[0.696s] DEBUG:colcon.colcon_core.event_handler.log_command:Invoked command in '/home/themountaintree/workspace/ros2_ws/build/orbbec_camera_msgs' returned '0': CMAKE_PREFIX_PATH=/opt/ros/humble /usr/bin/cmake --build /home/themountaintree/workspace/ros2_ws/build/orbbec_camera_msgs -- -j20 -l20
[0.697s] DEBUG:colcon.colcon_core.event_handler.log_command:Invoking command in '/home/themountaintree/workspace/ros2_ws/build/orbbec_camera_msgs': CMAKE_PREFIX_PATH=/opt/ros/humble /usr/bin/cmake --install /home/themountaintree/workspace/ros2_ws/build/orbbec_camera_msgs
[0.724s] DEBUG:colcon.colcon_core.event_handler.log_command:Invoked command in '/home/themountaintree/workspace/ros2_ws/build/kinect2_calibration' returned '0': AMENT_PREFIX_PATH=/home/themountaintree/workspace/ros2_ws/install/kinect2_bridge:/home/themountaintree/workspace/ros2_ws/install/kinect2_registration:${AMENT_PREFIX_PATH} CMAKE_PREFIX_PATH=/home/themountaintree/workspace/ros2_ws/install/kinect2_bridge:/home/themountaintree/workspace/ros2_ws/install/kinect2_registration:/opt/ros/humble LD_LIBRARY_PATH=/home/themountaintree/workspace/ros2_ws/install/kinect2_registration/lib:${LD_LIBRARY_PATH} /usr/bin/cmake --build /home/themountaintree/workspace/ros2_ws/build/kinect2_calibration -- -j20 -l20
[0.725s] DEBUG:colcon.colcon_core.event_handler.log_command:Invoking command in '/home/themountaintree/workspace/ros2_ws/build/kinect2_calibration': AMENT_PREFIX_PATH=/home/themountaintree/workspace/ros2_ws/install/kinect2_bridge:/home/themountaintree/workspace/ros2_ws/install/kinect2_registration:${AMENT_PREFIX_PATH} CMAKE_PREFIX_PATH=/home/themountaintree/workspace/ros2_ws/install/kinect2_bridge:/home/themountaintree/workspace/ros2_ws/install/kinect2_registration:/opt/ros/humble LD_LIBRARY_PATH=/home/themountaintree/workspace/ros2_ws/install/kinect2_registration/lib:${LD_LIBRARY_PATH} /usr/bin/cmake --install /home/themountaintree/workspace/ros2_ws/build/kinect2_calibration
[0.733s] Level 1:colcon.colcon_core.environment:create_environment_scripts_only(kinect2_calibration)
[0.733s] DEBUG:colcon.colcon_core.event_handler.log_command:Invoked command in '/home/themountaintree/workspace/ros2_ws/build/kinect2_calibration' returned '0': AMENT_PREFIX_PATH=/home/themountaintree/workspace/ros2_ws/install/kinect2_bridge:/home/themountaintree/workspace/ros2_ws/install/kinect2_registration:${AMENT_PREFIX_PATH} CMAKE_PREFIX_PATH=/home/themountaintree/workspace/ros2_ws/install/kinect2_bridge:/home/themountaintree/workspace/ros2_ws/install/kinect2_registration:/opt/ros/humble LD_LIBRARY_PATH=/home/themountaintree/workspace/ros2_ws/install/kinect2_registration/lib:${LD_LIBRARY_PATH} /usr/bin/cmake --install /home/themountaintree/workspace/ros2_ws/build/kinect2_calibration
[0.733s] Level 1:colcon.colcon_core.environment:checking '/home/themountaintree/workspace/ros2_ws/install/kinect2_calibration' for CMake module files
[0.733s] Level 1:colcon.colcon_core.environment:checking '/home/themountaintree/workspace/ros2_ws/install/kinect2_calibration' for CMake config files
[0.733s] Level 1:colcon.colcon_core.shell:create_environment_hook('kinect2_calibration', 'cmake_prefix_path')
[0.733s] INFO:colcon.colcon_core.shell:Creating environment hook '/home/themountaintree/workspace/ros2_ws/install/kinect2_calibration/share/kinect2_calibration/hook/cmake_prefix_path.ps1'
[0.734s] INFO:colcon.colcon_core.shell:Creating environment descriptor '/home/themountaintree/workspace/ros2_ws/install/kinect2_calibration/share/kinect2_calibration/hook/cmake_prefix_path.dsv'
[0.734s] INFO:colcon.colcon_core.shell:Creating environment hook '/home/themountaintree/workspace/ros2_ws/install/kinect2_calibration/share/kinect2_calibration/hook/cmake_prefix_path.sh'
[0.734s] Level 1:colcon.colcon_core.environment:checking '/home/themountaintree/workspace/ros2_ws/install/kinect2_calibration/lib'
[0.734s] Level 1:colcon.colcon_core.environment:checking '/home/themountaintree/workspace/ros2_ws/install/kinect2_calibration/bin'
[0.734s] Level 1:colcon.colcon_core.environment:checking '/home/themountaintree/workspace/ros2_ws/install/kinect2_calibration/lib/pkgconfig/kinect2_calibration.pc'
[0.734s] Level 1:colcon.colcon_core.environment:checking '/home/themountaintree/workspace/ros2_ws/install/kinect2_calibration/lib/python3.10/site-packages'
[0.735s] Level 1:colcon.colcon_core.environment:checking '/home/themountaintree/workspace/ros2_ws/install/kinect2_calibration/bin'
[0.735s] INFO:colcon.colcon_core.shell:Creating package script '/home/themountaintree/workspace/ros2_ws/install/kinect2_calibration/share/kinect2_calibration/package.ps1'
[0.735s] INFO:colcon.colcon_core.shell:Creating package descriptor '/home/themountaintree/workspace/ros2_ws/install/kinect2_calibration/share/kinect2_calibration/package.dsv'
[0.735s] INFO:colcon.colcon_core.shell:Creating package script '/home/themountaintree/workspace/ros2_ws/install/kinect2_calibration/share/kinect2_calibration/package.sh'
[0.735s] INFO:colcon.colcon_core.shell:Creating package script '/home/themountaintree/workspace/ros2_ws/install/kinect2_calibration/share/kinect2_calibration/package.bash'
[0.736s] INFO:colcon.colcon_core.shell:Creating package script '/home/themountaintree/workspace/ros2_ws/install/kinect2_calibration/share/kinect2_calibration/package.zsh'
[0.736s] Level 1:colcon.colcon_core.environment:create_file_with_runtime_dependencies(/home/themountaintree/workspace/ros2_ws/install/kinect2_calibration/share/colcon-core/packages/kinect2_calibration)
[0.736s] Level 1:colcon.colcon_core.environment:create_environment_scripts_only(kinect2_calibration)
[0.736s] Level 1:colcon.colcon_core.environment:checking '/home/themountaintree/workspace/ros2_ws/install/kinect2_calibration' for CMake module files
[0.736s] Level 1:colcon.colcon_core.environment:checking '/home/themountaintree/workspace/ros2_ws/install/kinect2_calibration' for CMake config files
[0.737s] Level 1:colcon.colcon_core.shell:create_environment_hook('kinect2_calibration', 'cmake_prefix_path')
[0.737s] INFO:colcon.colcon_core.shell:Creating environment hook '/home/themountaintree/workspace/ros2_ws/install/kinect2_calibration/share/kinect2_calibration/hook/cmake_prefix_path.ps1'
[0.737s] INFO:colcon.colcon_core.shell:Creating environment descriptor '/home/themountaintree/workspace/ros2_ws/install/kinect2_calibration/share/kinect2_calibration/hook/cmake_prefix_path.dsv'
[0.737s] INFO:colcon.colcon_core.shell:Creating environment hook '/home/themountaintree/workspace/ros2_ws/install/kinect2_calibration/share/kinect2_calibration/hook/cmake_prefix_path.sh'
[0.737s] Level 1:colcon.colcon_core.environment:checking '/home/themountaintree/workspace/ros2_ws/install/kinect2_calibration/lib'
[0.737s] Level 1:colcon.colcon_core.environment:checking '/home/themountaintree/workspace/ros2_ws/install/kinect2_calibration/bin'
[0.738s] Level 1:colcon.colcon_core.environment:checking '/home/themountaintree/workspace/ros2_ws/install/kinect2_calibration/lib/pkgconfig/kinect2_calibration.pc'
[0.738s] Level 1:colcon.colcon_core.environment:checking '/home/themountaintree/workspace/ros2_ws/install/kinect2_calibration/lib/python3.10/site-packages'
[0.738s] Level 1:colcon.colcon_core.environment:checking '/home/themountaintree/workspace/ros2_ws/install/kinect2_calibration/bin'
[0.738s] INFO:colcon.colcon_core.shell:Creating package script '/home/themountaintree/workspace/ros2_ws/install/kinect2_calibration/share/kinect2_calibration/package.ps1'
[0.738s] INFO:colcon.colcon_core.shell:Creating package descriptor '/home/themountaintree/workspace/ros2_ws/install/kinect2_calibration/share/kinect2_calibration/package.dsv'
[0.739s] INFO:colcon.colcon_core.shell:Creating package script '/home/themountaintree/workspace/ros2_ws/install/kinect2_calibration/share/kinect2_calibration/package.sh'
[0.739s] INFO:colcon.colcon_core.shell:Creating package script '/home/themountaintree/workspace/ros2_ws/install/kinect2_calibration/share/kinect2_calibration/package.bash'
[0.739s] INFO:colcon.colcon_core.shell:Creating package script '/home/themountaintree/workspace/ros2_ws/install/kinect2_calibration/share/kinect2_calibration/package.zsh'
[0.739s] Level 1:colcon.colcon_core.environment:create_file_with_runtime_dependencies(/home/themountaintree/workspace/ros2_ws/install/kinect2_calibration/share/colcon-core/packages/kinect2_calibration)
[0.755s] Level 1:colcon.colcon_core.environment:create_environment_scripts_only(orbbec_camera_msgs)
[0.755s] Level 1:colcon.colcon_core.environment:checking '/home/themountaintree/workspace/ros2_ws/install/orbbec_camera_msgs' for CMake module files
[0.756s] DEBUG:colcon.colcon_core.event_handler.log_command:Invoked command in '/home/themountaintree/workspace/ros2_ws/build/orbbec_camera_msgs' returned '0': CMAKE_PREFIX_PATH=/opt/ros/humble /usr/bin/cmake --install /home/themountaintree/workspace/ros2_ws/build/orbbec_camera_msgs
[0.756s] Level 1:colcon.colcon_core.environment:checking '/home/themountaintree/workspace/ros2_ws/install/orbbec_camera_msgs' for CMake config files
[0.756s] Level 1:colcon.colcon_core.shell:create_environment_hook('orbbec_camera_msgs', 'cmake_prefix_path')
[0.756s] INFO:colcon.colcon_core.shell:Creating environment hook '/home/themountaintree/workspace/ros2_ws/install/orbbec_camera_msgs/share/orbbec_camera_msgs/hook/cmake_prefix_path.ps1'
[0.757s] INFO:colcon.colcon_core.shell:Creating environment descriptor '/home/themountaintree/workspace/ros2_ws/install/orbbec_camera_msgs/share/orbbec_camera_msgs/hook/cmake_prefix_path.dsv'
[0.757s] INFO:colcon.colcon_core.shell:Creating environment hook '/home/themountaintree/workspace/ros2_ws/install/orbbec_camera_msgs/share/orbbec_camera_msgs/hook/cmake_prefix_path.sh'
[0.757s] Level 1:colcon.colcon_core.environment:checking '/home/themountaintree/workspace/ros2_ws/install/orbbec_camera_msgs/lib'
[0.757s] Level 1:colcon.colcon_core.shell:create_environment_hook('orbbec_camera_msgs', 'ld_library_path_lib')
[0.757s] INFO:colcon.colcon_core.shell:Creating environment hook '/home/themountaintree/workspace/ros2_ws/install/orbbec_camera_msgs/share/orbbec_camera_msgs/hook/ld_library_path_lib.ps1'
[0.758s] INFO:colcon.colcon_core.shell:Creating environment descriptor '/home/themountaintree/workspace/ros2_ws/install/orbbec_camera_msgs/share/orbbec_camera_msgs/hook/ld_library_path_lib.dsv'
[0.758s] INFO:colcon.colcon_core.shell:Creating environment hook '/home/themountaintree/workspace/ros2_ws/install/orbbec_camera_msgs/share/orbbec_camera_msgs/hook/ld_library_path_lib.sh'
[0.758s] Level 1:colcon.colcon_core.environment:checking '/home/themountaintree/workspace/ros2_ws/install/orbbec_camera_msgs/bin'
[0.758s] Level 1:colcon.colcon_core.environment:checking '/home/themountaintree/workspace/ros2_ws/install/orbbec_camera_msgs/lib/pkgconfig/orbbec_camera_msgs.pc'
[0.758s] Level 1:colcon.colcon_core.environment:checking '/home/themountaintree/workspace/ros2_ws/install/orbbec_camera_msgs/lib/python3.10/site-packages'
[0.758s] Level 1:colcon.colcon_core.environment:checking '/home/themountaintree/workspace/ros2_ws/install/orbbec_camera_msgs/bin'
[0.759s] INFO:colcon.colcon_core.shell:Creating package script '/home/themountaintree/workspace/ros2_ws/install/orbbec_camera_msgs/share/orbbec_camera_msgs/package.ps1'
[0.759s] INFO:colcon.colcon_core.shell:Creating package descriptor '/home/themountaintree/workspace/ros2_ws/install/orbbec_camera_msgs/share/orbbec_camera_msgs/package.dsv'
[0.759s] INFO:colcon.colcon_core.shell:Creating package script '/home/themountaintree/workspace/ros2_ws/install/orbbec_camera_msgs/share/orbbec_camera_msgs/package.sh'
[0.759s] INFO:colcon.colcon_core.shell:Creating package script '/home/themountaintree/workspace/ros2_ws/install/orbbec_camera_msgs/share/orbbec_camera_msgs/package.bash'
[0.759s] INFO:colcon.colcon_core.shell:Creating package script '/home/themountaintree/workspace/ros2_ws/install/orbbec_camera_msgs/share/orbbec_camera_msgs/package.zsh'
[0.760s] Level 1:colcon.colcon_core.environment:create_file_with_runtime_dependencies(/home/themountaintree/workspace/ros2_ws/install/orbbec_camera_msgs/share/colcon-core/packages/orbbec_camera_msgs)
[0.760s] Level 1:colcon.colcon_core.environment:create_environment_scripts_only(orbbec_camera_msgs)
[0.760s] Level 1:colcon.colcon_core.environment:checking '/home/themountaintree/workspace/ros2_ws/install/orbbec_camera_msgs' for CMake module files
[0.761s] Level 1:colcon.colcon_core.environment:checking '/home/themountaintree/workspace/ros2_ws/install/orbbec_camera_msgs' for CMake config files
[0.761s] Level 1:colcon.colcon_core.shell:create_environment_hook('orbbec_camera_msgs', 'cmake_prefix_path')
[0.761s] INFO:colcon.colcon_core.shell:Creating environment hook '/home/themountaintree/workspace/ros2_ws/install/orbbec_camera_msgs/share/orbbec_camera_msgs/hook/cmake_prefix_path.ps1'
[0.761s] INFO:colcon.colcon_core.shell:Creating environment descriptor '/home/themountaintree/workspace/ros2_ws/install/orbbec_camera_msgs/share/orbbec_camera_msgs/hook/cmake_prefix_path.dsv'
[0.761s] INFO:colcon.colcon_core.shell:Creating environment hook '/home/themountaintree/workspace/ros2_ws/install/orbbec_camera_msgs/share/orbbec_camera_msgs/hook/cmake_prefix_path.sh'
[0.762s] Level 1:colcon.colcon_core.environment:checking '/home/themountaintree/workspace/ros2_ws/install/orbbec_camera_msgs/lib'
[0.762s] Level 1:colcon.colcon_core.shell:create_environment_hook('orbbec_camera_msgs', 'ld_library_path_lib')
[0.762s] INFO:colcon.colcon_core.shell:Creating environment hook '/home/themountaintree/workspace/ros2_ws/install/orbbec_camera_msgs/share/orbbec_camera_msgs/hook/ld_library_path_lib.ps1'
[0.762s] INFO:colcon.colcon_core.shell:Creating environment descriptor '/home/themountaintree/workspace/ros2_ws/install/orbbec_camera_msgs/share/orbbec_camera_msgs/hook/ld_library_path_lib.dsv'
[0.762s] INFO:colcon.colcon_core.shell:Creating environment hook '/home/themountaintree/workspace/ros2_ws/install/orbbec_camera_msgs/share/orbbec_camera_msgs/hook/ld_library_path_lib.sh'
[0.762s] Level 1:colcon.colcon_core.environment:checking '/home/themountaintree/workspace/ros2_ws/install/orbbec_camera_msgs/bin'
[0.762s] Level 1:colcon.colcon_core.environment:checking '/home/themountaintree/workspace/ros2_ws/install/orbbec_camera_msgs/lib/pkgconfig/orbbec_camera_msgs.pc'
[0.762s] Level 1:colcon.colcon_core.environment:checking '/home/themountaintree/workspace/ros2_ws/install/orbbec_camera_msgs/lib/python3.10/site-packages'
[0.763s] Level 1:colcon.colcon_core.environment:checking '/home/themountaintree/workspace/ros2_ws/install/orbbec_camera_msgs/bin'
[0.763s] INFO:colcon.colcon_core.shell:Creating package script '/home/themountaintree/workspace/ros2_ws/install/orbbec_camera_msgs/share/orbbec_camera_msgs/package.ps1'
[0.763s] INFO:colcon.colcon_core.shell:Creating package descriptor '/home/themountaintree/workspace/ros2_ws/install/orbbec_camera_msgs/share/orbbec_camera_msgs/package.dsv'
[0.763s] INFO:colcon.colcon_core.shell:Creating package script '/home/themountaintree/workspace/ros2_ws/install/orbbec_camera_msgs/share/orbbec_camera_msgs/package.sh'
[0.764s] INFO:colcon.colcon_core.shell:Creating package script '/home/themountaintree/workspace/ros2_ws/install/orbbec_camera_msgs/share/orbbec_camera_msgs/package.bash'
[0.764s] INFO:colcon.colcon_core.shell:Creating package script '/home/themountaintree/workspace/ros2_ws/install/orbbec_camera_msgs/share/orbbec_camera_msgs/package.zsh'
[0.764s] Level 1:colcon.colcon_core.environment:create_file_with_runtime_dependencies(/home/themountaintree/workspace/ros2_ws/install/orbbec_camera_msgs/share/colcon-core/packages/orbbec_camera_msgs)
[0.764s] INFO:colcon.colcon_ros.task.ament_cmake.build:Building ROS package in '/home/themountaintree/workspace/ros2_ws/src/OrbbecSDK_ROS2/orbbec_camera' with build type 'ament_cmake'
[0.764s] INFO:colcon.colcon_cmake.task.cmake.build:Building CMake package in '/home/themountaintree/workspace/ros2_ws/src/OrbbecSDK_ROS2/orbbec_camera'
[0.764s] INFO:colcon.colcon_core.shell:Skip shell extension 'powershell' for command environment: Not usable outside of PowerShell
[0.764s] DEBUG:colcon.colcon_core.shell:Skip shell extension 'dsv' for command environment
[0.772s] DEBUG:colcon.colcon_core.event_handler.log_command:Invoking command in '/home/themountaintree/workspace/ros2_ws/build/orbbec_camera': AMENT_PREFIX_PATH=/home/themountaintree/workspace/ros2_ws/install/orbbec_camera_msgs:${AMENT_PREFIX_PATH} CMAKE_PREFIX_PATH=/home/themountaintree/workspace/ros2_ws/install/orbbec_camera_msgs:/opt/ros/humble LD_LIBRARY_PATH=/home/themountaintree/workspace/ros2_ws/install/orbbec_camera_msgs/lib:${LD_LIBRARY_PATH} PYTHONPATH=/home/themountaintree/workspace/ros2_ws/install/orbbec_camera_msgs/local/lib/python3.10/dist-packages:${PYTHONPATH} /usr/bin/cmake --build /home/themountaintree/workspace/ros2_ws/build/orbbec_camera -- -j20 -l20
[0.915s] DEBUG:colcon.colcon_core.event_handler.log_command:Invoked command in '/home/themountaintree/workspace/ros2_ws/build/orbbec_camera' returned '0': AMENT_PREFIX_PATH=/home/themountaintree/workspace/ros2_ws/install/orbbec_camera_msgs:${AMENT_PREFIX_PATH} CMAKE_PREFIX_PATH=/home/themountaintree/workspace/ros2_ws/install/orbbec_camera_msgs:/opt/ros/humble LD_LIBRARY_PATH=/home/themountaintree/workspace/ros2_ws/install/orbbec_camera_msgs/lib:${LD_LIBRARY_PATH} PYTHONPATH=/home/themountaintree/workspace/ros2_ws/install/orbbec_camera_msgs/local/lib/python3.10/dist-packages:${PYTHONPATH} /usr/bin/cmake --build /home/themountaintree/workspace/ros2_ws/build/orbbec_camera -- -j20 -l20
[0.916s] DEBUG:colcon.colcon_core.event_handler.log_command:Invoking command in '/home/themountaintree/workspace/ros2_ws/build/orbbec_camera': AMENT_PREFIX_PATH=/home/themountaintree/workspace/ros2_ws/install/orbbec_camera_msgs:${AMENT_PREFIX_PATH} CMAKE_PREFIX_PATH=/home/themountaintree/workspace/ros2_ws/install/orbbec_camera_msgs:/opt/ros/humble LD_LIBRARY_PATH=/home/themountaintree/workspace/ros2_ws/install/orbbec_camera_msgs/lib:${LD_LIBRARY_PATH} PYTHONPATH=/home/themountaintree/workspace/ros2_ws/install/orbbec_camera_msgs/local/lib/python3.10/dist-packages:${PYTHONPATH} /usr/bin/cmake --install /home/themountaintree/workspace/ros2_ws/build/orbbec_camera
[0.941s] Level 1:colcon.colcon_core.environment:create_environment_scripts_only(orbbec_camera)
[0.941s] DEBUG:colcon.colcon_core.event_handler.log_command:Invoked command in '/home/themountaintree/workspace/ros2_ws/build/orbbec_camera' returned '0': AMENT_PREFIX_PATH=/home/themountaintree/workspace/ros2_ws/install/orbbec_camera_msgs:${AMENT_PREFIX_PATH} CMAKE_PREFIX_PATH=/home/themountaintree/workspace/ros2_ws/install/orbbec_camera_msgs:/opt/ros/humble LD_LIBRARY_PATH=/home/themountaintree/workspace/ros2_ws/install/orbbec_camera_msgs/lib:${LD_LIBRARY_PATH} PYTHONPATH=/home/themountaintree/workspace/ros2_ws/install/orbbec_camera_msgs/local/lib/python3.10/dist-packages:${PYTHONPATH} /usr/bin/cmake --install /home/themountaintree/workspace/ros2_ws/build/orbbec_camera
[0.941s] Level 1:colcon.colcon_core.environment:checking '/home/themountaintree/workspace/ros2_ws/install/orbbec_camera' for CMake module files
[0.942s] Level 1:colcon.colcon_core.environment:checking '/home/themountaintree/workspace/ros2_ws/install/orbbec_camera' for CMake config files
[0.942s] Level 1:colcon.colcon_core.shell:create_environment_hook('orbbec_camera', 'cmake_prefix_path')
[0.942s] INFO:colcon.colcon_core.shell:Creating environment hook '/home/themountaintree/workspace/ros2_ws/install/orbbec_camera/share/orbbec_camera/hook/cmake_prefix_path.ps1'
[0.942s] INFO:colcon.colcon_core.shell:Creating environment descriptor '/home/themountaintree/workspace/ros2_ws/install/orbbec_camera/share/orbbec_camera/hook/cmake_prefix_path.dsv'
[0.943s] INFO:colcon.colcon_core.shell:Creating environment hook '/home/themountaintree/workspace/ros2_ws/install/orbbec_camera/share/orbbec_camera/hook/cmake_prefix_path.sh'
[0.943s] Level 1:colcon.colcon_core.environment:checking '/home/themountaintree/workspace/ros2_ws/install/orbbec_camera/lib'
[0.943s] Level 1:colcon.colcon_core.shell:create_environment_hook('orbbec_camera', 'ld_library_path_lib')
[0.943s] INFO:colcon.colcon_core.shell:Creating environment hook '/home/themountaintree/workspace/ros2_ws/install/orbbec_camera/share/orbbec_camera/hook/ld_library_path_lib.ps1'
[0.943s] INFO:colcon.colcon_core.shell:Creating environment descriptor '/home/themountaintree/workspace/ros2_ws/install/orbbec_camera/share/orbbec_camera/hook/ld_library_path_lib.dsv'
[0.943s] INFO:colcon.colcon_core.shell:Creating environment hook '/home/themountaintree/workspace/ros2_ws/install/orbbec_camera/share/orbbec_camera/hook/ld_library_path_lib.sh'
[0.944s] Level 1:colcon.colcon_core.environment:checking '/home/themountaintree/workspace/ros2_ws/install/orbbec_camera/bin'
[0.944s] Level 1:colcon.colcon_core.environment:checking '/home/themountaintree/workspace/ros2_ws/install/orbbec_camera/lib/pkgconfig/orbbec_camera.pc'
[0.944s] Level 1:colcon.colcon_core.environment:checking '/home/themountaintree/workspace/ros2_ws/install/orbbec_camera/lib/python3.10/site-packages'
[0.944s] Level 1:colcon.colcon_core.environment:checking '/home/themountaintree/workspace/ros2_ws/install/orbbec_camera/bin'
[0.944s] INFO:colcon.colcon_core.shell:Creating package script '/home/themountaintree/workspace/ros2_ws/install/orbbec_camera/share/orbbec_camera/package.ps1'
[0.944s] INFO:colcon.colcon_core.shell:Creating package descriptor '/home/themountaintree/workspace/ros2_ws/install/orbbec_camera/share/orbbec_camera/package.dsv'
[0.945s] INFO:colcon.colcon_core.shell:Creating package script '/home/themountaintree/workspace/ros2_ws/install/orbbec_camera/share/orbbec_camera/package.sh'
[0.945s] INFO:colcon.colcon_core.shell:Creating package script '/home/themountaintree/workspace/ros2_ws/install/orbbec_camera/share/orbbec_camera/package.bash'
[0.945s] INFO:colcon.colcon_core.shell:Creating package script '/home/themountaintree/workspace/ros2_ws/install/orbbec_camera/share/orbbec_camera/package.zsh'
[0.945s] Level 1:colcon.colcon_core.environment:create_file_with_runtime_dependencies(/home/themountaintree/workspace/ros2_ws/install/orbbec_camera/share/colcon-core/packages/orbbec_camera)
[0.945s] Level 1:colcon.colcon_core.environment:create_environment_scripts_only(orbbec_camera)
[0.946s] Level 1:colcon.colcon_core.environment:checking '/home/themountaintree/workspace/ros2_ws/install/orbbec_camera' for CMake module files
[0.946s] Level 1:colcon.colcon_core.environment:checking '/home/themountaintree/workspace/ros2_ws/install/orbbec_camera' for CMake config files
[0.946s] Level 1:colcon.colcon_core.shell:create_environment_hook('orbbec_camera', 'cmake_prefix_path')
[0.946s] INFO:colcon.colcon_core.shell:Creating environment hook '/home/themountaintree/workspace/ros2_ws/install/orbbec_camera/share/orbbec_camera/hook/cmake_prefix_path.ps1'
[0.946s] INFO:colcon.colcon_core.shell:Creating environment descriptor '/home/themountaintree/workspace/ros2_ws/install/orbbec_camera/share/orbbec_camera/hook/cmake_prefix_path.dsv'
[0.947s] INFO:colcon.colcon_core.shell:Creating environment hook '/home/themountaintree/workspace/ros2_ws/install/orbbec_camera/share/orbbec_camera/hook/cmake_prefix_path.sh'
[0.947s] Level 1:colcon.colcon_core.environment:checking '/home/themountaintree/workspace/ros2_ws/install/orbbec_camera/lib'
[0.947s] Level 1:colcon.colcon_core.shell:create_environment_hook('orbbec_camera', 'ld_library_path_lib')
[0.947s] INFO:colcon.colcon_core.shell:Creating environment hook '/home/themountaintree/workspace/ros2_ws/install/orbbec_camera/share/orbbec_camera/hook/ld_library_path_lib.ps1'
[0.947s] INFO:colcon.colcon_core.shell:Creating environment descriptor '/home/themountaintree/workspace/ros2_ws/install/orbbec_camera/share/orbbec_camera/hook/ld_library_path_lib.dsv'
[0.947s] INFO:colcon.colcon_core.shell:Creating environment hook '/home/themountaintree/workspace/ros2_ws/install/orbbec_camera/share/orbbec_camera/hook/ld_library_path_lib.sh'
[0.948s] Level 1:colcon.colcon_core.environment:checking '/home/themountaintree/workspace/ros2_ws/install/orbbec_camera/bin'
[0.948s] Level 1:colcon.colcon_core.environment:checking '/home/themountaintree/workspace/ros2_ws/install/orbbec_camera/lib/pkgconfig/orbbec_camera.pc'
[0.948s] Level 1:colcon.colcon_core.environment:checking '/home/themountaintree/workspace/ros2_ws/install/orbbec_camera/lib/python3.10/site-packages'
[0.948s] Level 1:colcon.colcon_core.environment:checking '/home/themountaintree/workspace/ros2_ws/install/orbbec_camera/bin'
[0.948s] INFO:colcon.colcon_core.shell:Creating package script '/home/themountaintree/workspace/ros2_ws/install/orbbec_camera/share/orbbec_camera/package.ps1'
[0.948s] INFO:colcon.colcon_core.shell:Creating package descriptor '/home/themountaintree/workspace/ros2_ws/install/orbbec_camera/share/orbbec_camera/package.dsv'
[0.949s] INFO:colcon.colcon_core.shell:Creating package script '/home/themountaintree/workspace/ros2_ws/install/orbbec_camera/share/orbbec_camera/package.sh'
[0.949s] INFO:colcon.colcon_core.shell:Creating package script '/home/themountaintree/workspace/ros2_ws/install/orbbec_camera/share/orbbec_camera/package.bash'
[0.949s] INFO:colcon.colcon_core.shell:Creating package script '/home/themountaintree/workspace/ros2_ws/install/orbbec_camera/share/orbbec_camera/package.zsh'
[0.949s] Level 1:colcon.colcon_core.environment:create_file_with_runtime_dependencies(/home/themountaintree/workspace/ros2_ws/install/orbbec_camera/share/colcon-core/packages/orbbec_camera)
[0.949s] DEBUG:colcon.colcon_parallel_executor.executor.parallel:closing loop
[0.950s] DEBUG:colcon.colcon_parallel_executor.executor.parallel:loop closed
[0.950s] DEBUG:colcon.colcon_parallel_executor.executor.parallel:run_until_complete finished with '0'
[0.950s] DEBUG:colcon.colcon_core.event_reactor:joining thread
[0.954s] INFO:colcon.colcon_core.plugin_system:Skipping extension 'colcon_notification.desktop_notification.terminal_notifier': Not used on non-Darwin systems
[0.954s] INFO:colcon.colcon_core.plugin_system:Skipping extension 'colcon_notification.desktop_notification.win32': Not used on non-Windows systems
[0.954s] INFO:colcon.colcon_notification.desktop_notification:Sending desktop notification using 'notify2'
[0.964s] DEBUG:colcon.colcon_core.event_reactor:joined thread
[0.964s] INFO:colcon.colcon_core.shell:Creating prefix script '/home/themountaintree/workspace/ros2_ws/install/local_setup.ps1'
[0.965s] INFO:colcon.colcon_core.shell:Creating prefix util module '/home/themountaintree/workspace/ros2_ws/install/_local_setup_util_ps1.py'
[0.966s] INFO:colcon.colcon_core.shell:Creating prefix chain script '/home/themountaintree/workspace/ros2_ws/install/setup.ps1'
[0.967s] INFO:colcon.colcon_core.shell:Creating prefix script '/home/themountaintree/workspace/ros2_ws/install/local_setup.sh'
[0.967s] INFO:colcon.colcon_core.shell:Creating prefix util module '/home/themountaintree/workspace/ros2_ws/install/_local_setup_util_sh.py'
[0.968s] INFO:colcon.colcon_core.shell:Creating prefix chain script '/home/themountaintree/workspace/ros2_ws/install/setup.sh'
[0.968s] INFO:colcon.colcon_core.shell:Creating prefix script '/home/themountaintree/workspace/ros2_ws/install/local_setup.bash'
[0.969s] INFO:colcon.colcon_core.shell:Creating prefix chain script '/home/themountaintree/workspace/ros2_ws/install/setup.bash'
[0.970s] INFO:colcon.colcon_core.shell:Creating prefix script '/home/themountaintree/workspace/ros2_ws/install/local_setup.zsh'
[0.970s] INFO:colcon.colcon_core.shell:Creating prefix chain script '/home/themountaintree/workspace/ros2_ws/install/setup.zsh'
